
x= #alpha_{int} [deg] ,  y= D(#alpha_{int}) [M_{#odot} kpc^{-2}]
     x       y_pdf_median |   CL_lo_PDF   CL_up_PDF
                          |          68.0% CL         |          95.0% CL          
1.000000e-02 1.520632e+01 | 1.121893e+01 2.084249e+01 | 8.999742e+00 2.633841e+01  
1.193777e-02 2.112489e+01 | 1.586024e+01 2.869471e+01 | 1.272373e+01 3.569431e+01  
1.425103e-02 2.939696e+01 | 2.239044e+01 3.904282e+01 | 1.802501e+01 4.984696e+01  
1.701254e-02 4.061311e+01 | 3.135530e+01 5.292531e+01 | 2.551160e+01 6.989836e+01  
2.030918e-02 5.606367e+01 | 4.395483e+01 7.147348e+01 | 3.603704e+01 9.914843e+01  
2.424462e-02 7.691683e+01 | 6.153626e+01 9.649788e+01 | 5.065653e+01 1.405512e+02  
2.894266e-02 1.051330e+02 | 8.578169e+01 1.297911e+02 | 7.072876e+01 1.980952e+02  
3.455107e-02 1.421971e+02 | 1.180789e+02 1.774704e+02 | 9.891910e+01 2.823225e+02  
4.124626e-02 1.929072e+02 | 1.603951e+02 2.416136e+02 | 1.358546e+02 3.988413e+02  
4.923883e-02 2.599228e+02 | 2.175358e+02 3.306896e+02 | 1.854447e+02 5.716727e+02  
5.878016e-02 3.475478e+02 | 2.893970e+02 4.552501e+02 | 2.446537e+02 8.155793e+02  
7.017038e-02 4.657657e+02 | 3.830015e+02 6.266199e+02 | 3.226975e+02 1.154843e+03  
8.376776e-02 6.214054e+02 | 5.034272e+02 8.708931e+02 | 4.143853e+02 1.637693e+03  
1.000000e-01 8.191672e+02 | 6.502261e+02 1.205779e+03 | 5.343655e+02 2.323087e+03  
1.193777e-01 1.074614e+03 | 8.317575e+02 1.656619e+03 | 6.778087e+02 3.296059e+03  
1.425103e-01 1.406410e+03 | 1.048734e+03 2.271566e+03 | 8.442511e+02 4.624917e+03  
1.701254e-01 1.826865e+03 | 1.310752e+03 3.072885e+03 | 1.053282e+03 6.553824e+03  
2.030918e-01 2.357706e+03 | 1.617897e+03 4.187836e+03 | 1.290403e+03 9.143925e+03  
2.424462e-01 3.021238e+03 | 1.999704e+03 5.734625e+03 | 1.564278e+03 1.284771e+04  
2.894266e-01 3.799898e+03 | 2.420921e+03 7.665433e+03 | 1.847733e+03 1.790996e+04  
3.455107e-01 4.752059e+03 | 2.913065e+03 1.003712e+04 | 2.192240e+03 2.479295e+04  
4.124626e-01 5.885406e+03 | 3.491705e+03 1.309068e+04 | 2.568071e+03 3.410099e+04  
4.923883e-01 7.133504e+03 | 4.089336e+03 1.710952e+04 | 2.964066e+03 4.674632e+04  
5.878016e-01 8.555432e+03 | 4.779049e+03 2.180895e+04 | 3.308872e+03 6.420922e+04  
7.017038e-01 1.025394e+04 | 5.469700e+03 2.772777e+04 | 3.574454e+03 8.617294e+04  
8.376776e-01 1.234225e+04 | 6.146925e+03 3.482261e+04 | 4.003051e+03 1.145952e+05  
1.000000e+00 1.455593e+04 | 6.913370e+03 4.301248e+04 | 4.046205e+03 1.503409e+05  
1.193777e+00 1.648354e+04 | 7.697832e+03 5.204895e+04 | 4.283890e+03 1.946513e+05  
1.425103e+00 1.836084e+04 | 8.460017e+03 6.277650e+04 | 4.335822e+03 2.506875e+05  
1.701254e+00 2.045199e+04 | 9.200890e+03 7.483776e+04 | 4.373487e+03 3.068948e+05  
2.030918e+00 2.271410e+04 | 9.916277e+03 8.763724e+04 | 4.368916e+03 3.795137e+05  
2.424462e+00 2.507207e+04 | 1.049317e+04 9.957193e+04 | 4.351079e+03 4.461679e+05  
2.894266e+00 2.738481e+04 | 1.102373e+04 1.118385e+05 | 4.464422e+03 5.490048e+05  
3.455107e+00 2.961076e+04 | 1.125053e+04 1.243926e+05 | 4.393083e+03 6.486874e+05  
4.124626e+00 3.149052e+04 | 1.150077e+04 1.331297e+05 | 4.466193e+03 7.131151e+05  
4.923883e+00 3.274672e+04 | 1.149623e+04 1.451468e+05 | 4.437608e+03 8.117356e+05  
5.878016e+00 3.361894e+04 | 1.152352e+04 1.583898e+05 | 4.379379e+03 8.658484e+05  
7.017038e+00 3.369483e+04 | 1.152685e+04 1.626513e+05 | 4.434162e+03 9.098991e+05  
8.376776e+00 3.384388e+04 | 1.156276e+04 1.683113e+05 | 4.471937e+03 9.533275e+05  
1.000000e+01 3.382359e+04 | 1.148240e+04 1.692953e+05 | 4.476545e+03 9.852209e+05  
