
x= #alpha_{int} [deg] ,  y= J(#alpha_{int}) [M_{#odot}^{2} kpc^{-5}]
     x       y_pdf_median |   CL_lo_PDF   CL_up_PDF
                          |          68.0% CL         |          95.0% CL          
1.000000e-02 1.624784e+09 | 3.200295e+08 1.208834e+10 | 1.638070e+08 4.588055e+10  
1.193777e-02 2.150449e+09 | 4.480314e+08 1.460993e+10 | 2.395279e+08 5.333078e+10  
1.425103e-02 2.882246e+09 | 6.406056e+08 1.757427e+10 | 3.331543e+08 6.082425e+10  
1.701254e-02 3.782106e+09 | 9.029460e+08 2.112660e+10 | 4.681446e+08 7.048508e+10  
2.030918e-02 5.004174e+09 | 1.248095e+09 2.535695e+10 | 6.749745e+08 7.583421e+10  
2.424462e-02 6.518173e+09 | 1.745145e+09 2.973683e+10 | 9.368281e+08 8.616853e+10  
2.894266e-02 8.358316e+09 | 2.426531e+09 3.510597e+10 | 1.346498e+09 9.727897e+10  
3.455107e-02 1.076781e+10 | 3.362254e+09 4.101348e+10 | 1.843551e+09 1.094472e+11  
4.124626e-02 1.371703e+10 | 4.615420e+09 4.742853e+10 | 2.617470e+09 1.171948e+11  
4.923883e-02 1.743754e+10 | 6.320411e+09 5.418732e+10 | 3.654222e+09 1.298887e+11  
5.878016e-02 2.208264e+10 | 8.442446e+09 6.144987e+10 | 5.056736e+09 1.396368e+11  
7.017038e-02 2.728616e+10 | 1.146036e+10 6.917762e+10 | 6.901798e+09 1.540188e+11  
8.376776e-02 3.316596e+10 | 1.517926e+10 7.726925e+10 | 9.614209e+09 1.645119e+11  
1.000000e-01 4.000316e+10 | 1.994814e+10 8.432594e+10 | 1.298400e+10 1.754102e+11  
1.193777e-01 4.775234e+10 | 2.591836e+10 9.455229e+10 | 1.737968e+10 1.817542e+11  
1.425103e-01 5.570727e+10 | 3.313369e+10 1.038847e+11 | 2.301667e+10 1.947810e+11  
1.701254e-01 6.463350e+10 | 4.147897e+10 1.121635e+11 | 3.064640e+10 2.036942e+11  
2.030918e-01 7.278722e+10 | 5.056448e+10 1.211689e+11 | 3.902748e+10 2.094258e+11  
2.424462e-01 8.268925e+10 | 6.132935e+10 1.288871e+11 | 5.018278e+10 2.177098e+11  
2.894266e-01 9.212714e+10 | 7.234784e+10 1.354284e+11 | 6.259285e+10 2.235662e+11  
3.455107e-01 1.016817e+11 | 8.365106e+10 1.418735e+11 | 7.443929e+10 2.285191e+11  
4.124626e-01 1.112791e+11 | 9.542168e+10 1.479939e+11 | 8.606720e+10 2.344736e+11  
4.923883e-01 1.206743e+11 | 1.056382e+11 1.524418e+11 | 9.583815e+10 2.376214e+11  
5.878016e-01 1.291224e+11 | 1.135620e+11 1.604117e+11 | 1.030907e+11 2.417606e+11  
7.017038e-01 1.366719e+11 | 1.200191e+11 1.669785e+11 | 1.083150e+11 2.444488e+11  
8.376776e-01 1.438392e+11 | 1.248792e+11 1.737982e+11 | 1.110794e+11 2.492539e+11  
1.000000e+00 1.488064e+11 | 1.280030e+11 1.816454e+11 | 1.128719e+11 2.507591e+11  
1.193777e+00 1.520722e+11 | 1.299040e+11 1.863107e+11 | 1.133442e+11 2.540803e+11  
1.425103e+00 1.543127e+11 | 1.304642e+11 1.900949e+11 | 1.139076e+11 2.712510e+11  
1.701254e+00 1.561485e+11 | 1.312215e+11 1.940818e+11 | 1.145147e+11 2.828062e+11  
2.030918e+00 1.569200e+11 | 1.313543e+11 1.956565e+11 | 1.150704e+11 2.921374e+11  
2.424462e+00 1.580965e+11 | 1.319670e+11 1.984220e+11 | 1.149526e+11 2.952036e+11  
2.894266e+00 1.588262e+11 | 1.317115e+11 2.010349e+11 | 1.149698e+11 2.958519e+11  
3.455107e+00 1.592104e+11 | 1.316332e+11 2.016478e+11 | 1.155959e+11 2.962655e+11  
4.124626e+00 1.590316e+11 | 1.315147e+11 2.018546e+11 | 1.155868e+11 2.943539e+11  
4.923883e+00 1.597065e+11 | 1.318031e+11 2.028618e+11 | 1.151026e+11 2.953081e+11  
5.878016e+00 1.600402e+11 | 1.319465e+11 2.035821e+11 | 1.150695e+11 2.962195e+11  
7.017038e+00 1.596299e+11 | 1.318254e+11 2.039354e+11 | 1.151060e+11 2.968417e+11  
8.376776e+00 1.596682e+11 | 1.319088e+11 2.035977e+11 | 1.150554e+11 2.958493e+11  
1.000000e+01 1.596115e+11 | 1.317794e+11 2.035302e+11 | 1.150887e+11 2.963866e+11  
