
x= #alpha_{int} [deg] ,  y= D(#alpha_{int}) [M_{#odot} kpc^{-2}]
     x       y_pdf_median |   CL_lo_PDF   CL_up_PDF
                          |          68.0% CL         |          95.0% CL          
1.000000e-02 8.288456e+00 | 4.220034e+00 1.697809e+01 | 2.175363e+00 4.240496e+01  
1.193777e-02 1.165250e+01 | 5.921882e+00 2.405896e+01 | 3.091382e+00 6.043156e+01  
1.425103e-02 1.637513e+01 | 8.309992e+00 3.398827e+01 | 4.338508e+00 8.607982e+01  
1.701254e-02 2.296137e+01 | 1.170466e+01 4.803759e+01 | 6.223268e+00 1.232845e+02  
2.030918e-02 3.207523e+01 | 1.633742e+01 6.827299e+01 | 8.668520e+00 1.747496e+02  
2.424462e-02 4.483329e+01 | 2.283066e+01 9.601729e+01 | 1.219469e+01 2.473455e+02  
2.894266e-02 6.231284e+01 | 3.182145e+01 1.349820e+02 | 1.727265e+01 3.543004e+02  
3.455107e-02 8.738987e+01 | 4.456762e+01 1.901302e+02 | 2.442426e+01 5.037433e+02  
4.124626e-02 1.209915e+02 | 6.182351e+01 2.648031e+02 | 3.265088e+01 7.156663e+02  
4.923883e-02 1.685530e+02 | 8.543446e+01 3.679979e+02 | 4.529138e+01 1.014276e+03  
5.878016e-02 2.329656e+02 | 1.162836e+02 5.160358e+02 | 6.354787e+01 1.450262e+03  
7.017038e-02 3.215731e+02 | 1.581004e+02 7.247842e+02 | 8.722146e+01 2.043493e+03  
8.376776e-02 4.384045e+02 | 2.147176e+02 1.020079e+03 | 1.159406e+02 2.912176e+03  
1.000000e-01 6.002058e+02 | 2.915918e+02 1.424155e+03 | 1.533794e+02 4.073541e+03  
1.193777e-01 8.154959e+02 | 3.850861e+02 2.007702e+03 | 2.059985e+02 5.799467e+03  
1.425103e-01 1.100322e+03 | 5.062626e+02 2.828024e+03 | 2.741005e+02 8.212738e+03  
1.701254e-01 1.478330e+03 | 6.759317e+02 3.829111e+03 | 3.588850e+02 1.150875e+04  
2.030918e-01 1.954533e+03 | 8.835909e+02 5.339681e+03 | 4.643886e+02 1.626271e+04  
2.424462e-01 2.616761e+03 | 1.154589e+03 7.466557e+03 | 6.043777e+02 2.300589e+04  
2.894266e-01 3.459857e+03 | 1.470347e+03 1.012131e+04 | 7.668618e+02 3.259772e+04  
3.455107e-01 4.548319e+03 | 1.864386e+03 1.387811e+04 | 9.471753e+02 4.576510e+04  
4.124626e-01 5.893968e+03 | 2.295429e+03 1.878562e+04 | 1.110753e+03 6.374767e+04  
4.923883e-01 7.585398e+03 | 2.814422e+03 2.546411e+04 | 1.347424e+03 8.845082e+04  
5.878016e-01 9.654157e+03 | 3.384483e+03 3.414082e+04 | 1.628781e+03 1.213873e+05  
7.017038e-01 1.214658e+04 | 4.020206e+03 4.560289e+04 | 1.896282e+03 1.662710e+05  
8.376776e-01 1.506476e+04 | 4.749398e+03 6.076439e+04 | 2.146258e+03 2.308220e+05  
1.000000e+00 1.850223e+04 | 5.619690e+03 7.928277e+04 | 2.431471e+03 3.064285e+05  
1.193777e+00 2.210285e+04 | 6.388554e+03 1.019416e+05 | 2.690747e+03 4.038067e+05  
1.425103e+00 2.621984e+04 | 7.139797e+03 1.272808e+05 | 2.906527e+03 5.373271e+05  
1.701254e+00 3.007284e+04 | 7.909396e+03 1.555124e+05 | 3.103718e+03 6.998017e+05  
2.030918e+00 3.406228e+04 | 8.630760e+03 1.897291e+05 | 3.180998e+03 8.828067e+05  
2.424462e+00 3.754924e+04 | 9.566236e+03 2.263839e+05 | 3.244457e+03 1.104638e+06  
2.894266e+00 4.147163e+04 | 9.925176e+03 2.640609e+05 | 3.265226e+03 1.391153e+06  
3.455107e+00 4.398608e+04 | 1.009661e+04 3.038920e+05 | 3.232492e+03 1.712152e+06  
4.124626e+00 4.678679e+04 | 1.004287e+04 3.368722e+05 | 3.258427e+03 1.999741e+06  
4.923883e+00 4.867629e+04 | 1.009130e+04 3.716126e+05 | 3.255360e+03 2.305683e+06  
5.878016e+00 4.929004e+04 | 9.978437e+03 4.087669e+05 | 3.274477e+03 2.594215e+06  
7.017038e+00 4.967626e+04 | 1.011201e+04 4.318431e+05 | 3.223903e+03 2.830238e+06  
8.376776e+00 4.937815e+04 | 1.002090e+04 4.549054e+05 | 3.245921e+03 3.092472e+06  
1.000000e+01 4.943039e+04 | 1.009916e+04 4.556635e+05 | 3.261579e+03 3.324592e+06  
