
x= #alpha_{int} [deg] ,  y= J(#alpha_{int}) [M_{#odot}^{2} kpc^{-5}]
     x       y_pdf_median |   CL_lo_PDF   CL_up_PDF
                          |          68.0% CL         |          95.0% CL          
1.000000e-02 3.933761e+08 | 9.195286e+07 1.737203e+09 | 2.193417e+07 8.651512e+09  
1.193777e-02 5.431425e+08 | 1.300209e+08 2.322030e+09 | 3.035135e+07 1.061749e+10  
1.425103e-02 7.391102e+08 | 1.815295e+08 3.052766e+09 | 4.308758e+07 1.347420e+10  
1.701254e-02 1.032790e+09 | 2.540829e+08 4.100260e+09 | 6.042742e+07 1.609633e+10  
2.030918e-02 1.412316e+09 | 3.515637e+08 5.363440e+09 | 8.771211e+07 2.032972e+10  
2.424462e-02 1.918806e+09 | 4.872403e+08 7.133662e+09 | 1.201223e+08 2.494130e+10  
2.894266e-02 2.567842e+09 | 6.769461e+08 9.466822e+09 | 1.652119e+08 3.165133e+10  
3.455107e-02 3.520564e+09 | 9.160410e+08 1.228925e+10 | 2.277227e+08 4.150749e+10  
4.124626e-02 4.657654e+09 | 1.238759e+09 1.591294e+10 | 3.135248e+08 5.173588e+10  
4.923883e-02 6.133463e+09 | 1.676449e+09 2.062508e+10 | 4.196565e+08 7.084235e+10  
5.878016e-02 7.943361e+09 | 2.174869e+09 2.614492e+10 | 5.563084e+08 9.164098e+10  
7.017038e-02 1.030459e+10 | 2.802134e+09 3.379753e+10 | 6.873767e+08 1.214951e+11  
8.376776e-02 1.306519e+10 | 3.572626e+09 4.398170e+10 | 9.307305e+08 1.622661e+11  
1.000000e-01 1.629793e+10 | 4.608599e+09 5.665901e+10 | 1.196499e+09 2.113107e+11  
1.193777e-01 2.068615e+10 | 5.681824e+09 7.097587e+10 | 1.548464e+09 2.919393e+11  
1.425103e-01 2.569682e+10 | 6.849227e+09 9.079732e+10 | 2.025979e+09 3.721925e+11  
1.701254e-01 3.124147e+10 | 8.247291e+09 1.163453e+11 | 2.502099e+09 5.332557e+11  
2.030918e-01 3.736537e+10 | 9.642322e+09 1.469127e+11 | 2.860591e+09 7.132414e+11  
2.424462e-01 4.437143e+10 | 1.111087e+10 1.890981e+11 | 3.434838e+09 9.621804e+11  
2.894266e-01 5.187305e+10 | 1.271984e+10 2.334724e+11 | 3.833986e+09 1.222314e+12  
3.455107e-01 6.036854e+10 | 1.414330e+10 2.945092e+11 | 4.285799e+09 1.640801e+12  
4.124626e-01 6.764532e+10 | 1.533801e+10 3.441931e+11 | 4.604192e+09 2.179060e+12  
4.923883e-01 7.564910e+10 | 1.671423e+10 4.239929e+11 | 4.868624e+09 2.912052e+12  
5.878016e-01 8.208088e+10 | 1.793815e+10 4.976709e+11 | 5.185589e+09 3.850323e+12  
7.017038e-01 8.963937e+10 | 1.897074e+10 6.007454e+11 | 5.522206e+09 4.887667e+12  
8.376776e-01 9.435211e+10 | 1.954069e+10 6.877463e+11 | 5.729242e+09 5.732532e+12  
1.000000e+00 1.004458e+11 | 2.009834e+10 7.686421e+11 | 5.653074e+09 7.264055e+12  
1.193777e+00 1.033724e+11 | 2.045889e+10 8.533820e+11 | 5.851552e+09 8.898495e+12  
1.425103e+00 1.063225e+11 | 2.056027e+10 9.441637e+11 | 5.978458e+09 1.098262e+13  
1.701254e+00 1.088950e+11 | 2.083659e+10 1.016186e+12 | 6.052514e+09 1.282645e+13  
2.030918e+00 1.093579e+11 | 2.078810e+10 1.093746e+12 | 6.042232e+09 1.431107e+13  
2.424462e+00 1.099994e+11 | 2.109428e+10 1.174996e+12 | 6.120948e+09 1.704474e+13  
2.894266e+00 1.105878e+11 | 2.108013e+10 1.239357e+12 | 6.185251e+09 1.700527e+13  
3.455107e+00 1.105718e+11 | 2.123531e+10 1.264972e+12 | 5.995607e+09 1.843972e+13  
4.124626e+00 1.128326e+11 | 2.118950e+10 1.308952e+12 | 6.065855e+09 1.936450e+13  
4.923883e+00 1.136794e+11 | 2.120759e+10 1.330925e+12 | 6.063481e+09 1.990580e+13  
5.878016e+00 1.141761e+11 | 2.117001e+10 1.347180e+12 | 6.073810e+09 2.058898e+13  
7.017038e+00 1.127299e+11 | 2.112219e+10 1.346683e+12 | 6.052943e+09 2.056329e+13  
8.376776e+00 1.131089e+11 | 2.116449e+10 1.357080e+12 | 6.058930e+09 2.043118e+13  
1.000000e+01 1.128739e+11 | 2.117569e+10 1.355850e+12 | 6.060514e+09 2.047207e+13  
