
x= #alpha_{int} [deg] ,  y= J(#alpha_{int}) [M_{#odot}^{2} kpc^{-5}]
     x       y_pdf_median |   CL_lo_PDF   CL_up_PDF
                          |          68.0% CL         |          95.0% CL          
1.000000e-02 1.147950e+10 | 5.580794e+09 3.517534e+10 | 3.629112e+09 1.096871e+11  
1.193777e-02 1.517520e+10 | 7.730321e+09 4.126726e+10 | 5.063120e+09 1.190387e+11  
1.425103e-02 1.995219e+10 | 1.071874e+10 4.925026e+10 | 7.111627e+09 1.300259e+11  
1.701254e-02 2.597249e+10 | 1.475829e+10 5.814579e+10 | 9.727870e+09 1.444281e+11  
2.030918e-02 3.306355e+10 | 2.006548e+10 6.815653e+10 | 1.355171e+10 1.569385e+11  
2.424462e-02 4.251369e+10 | 2.683517e+10 7.927289e+10 | 1.802950e+10 1.724780e+11  
2.894266e-02 5.337942e+10 | 3.564331e+10 9.283086e+10 | 2.368517e+10 1.868582e+11  
3.455107e-02 6.694082e+10 | 4.547053e+10 1.082045e+11 | 3.128894e+10 2.061075e+11  
4.124626e-02 8.129474e+10 | 5.710681e+10 1.257138e+11 | 4.006095e+10 2.272833e+11  
4.923883e-02 9.806372e+10 | 7.020501e+10 1.471399e+11 | 4.959335e+10 2.496964e+11  
5.878016e-02 1.156431e+11 | 8.385640e+10 1.751436e+11 | 5.962084e+10 3.054831e+11  
7.017038e-02 1.349767e+11 | 9.728664e+10 2.055856e+11 | 6.990665e+10 3.930088e+11  
8.376776e-02 1.556668e+11 | 1.090064e+11 2.503424e+11 | 7.909146e+10 5.249136e+11  
1.000000e-01 1.752924e+11 | 1.202101e+11 2.935293e+11 | 8.614823e+10 7.430794e+11  
1.193777e-01 1.933212e+11 | 1.308923e+11 3.540839e+11 | 9.343514e+10 1.034319e+12  
1.425103e-01 2.071246e+11 | 1.392580e+11 4.335964e+11 | 9.860095e+10 1.425218e+12  
1.701254e-01 2.208581e+11 | 1.457955e+11 5.286846e+11 | 1.023573e+11 1.970733e+12  
2.030918e-01 2.350994e+11 | 1.511705e+11 6.108002e+11 | 1.050596e+11 2.697342e+12  
2.424462e-01 2.483000e+11 | 1.540544e+11 6.996728e+11 | 1.072802e+11 3.584224e+12  
2.894266e-01 2.560795e+11 | 1.578722e+11 7.778090e+11 | 1.084131e+11 4.697786e+12  
3.455107e-01 2.666190e+11 | 1.587191e+11 8.682443e+11 | 1.090930e+11 5.901855e+12  
4.124626e-01 2.743248e+11 | 1.596155e+11 9.750205e+11 | 1.089383e+11 7.548220e+12  
4.923883e-01 2.771339e+11 | 1.613766e+11 1.096445e+12 | 1.098627e+11 9.578761e+12  
5.878016e-01 2.834691e+11 | 1.615194e+11 1.174094e+12 | 1.088719e+11 1.192745e+13  
7.017038e-01 2.858215e+11 | 1.628631e+11 1.249830e+12 | 1.098546e+11 1.395683e+13  
8.376776e-01 2.880541e+11 | 1.620908e+11 1.284867e+12 | 1.094867e+11 1.625471e+13  
1.000000e+00 2.896241e+11 | 1.627483e+11 1.330141e+12 | 1.102259e+11 1.863477e+13  
1.193777e+00 2.888145e+11 | 1.636319e+11 1.388483e+12 | 1.097954e+11 2.034928e+13  
1.425103e+00 2.910131e+11 | 1.632060e+11 1.396957e+12 | 1.103699e+11 2.211326e+13  
1.701254e+00 2.921394e+11 | 1.627263e+11 1.430175e+12 | 1.093442e+11 2.346121e+13  
2.030918e+00 2.887730e+11 | 1.619914e+11 1.464637e+12 | 1.097704e+11 2.458687e+13  
2.424462e+00 2.904445e+11 | 1.630039e+11 1.476128e+12 | 1.099169e+11 2.498976e+13  
2.894266e+00 2.913933e+11 | 1.631377e+11 1.480202e+12 | 1.102002e+11 2.466746e+13  
3.455107e+00 2.914571e+11 | 1.627776e+11 1.488534e+12 | 1.102122e+11 2.471348e+13  
4.124626e+00 2.910242e+11 | 1.626727e+11 1.480902e+12 | 1.102085e+11 2.470346e+13  
4.923883e+00 2.918729e+11 | 1.631843e+11 1.483165e+12 | 1.103106e+11 2.498224e+13  
5.878016e+00 2.922019e+11 | 1.633105e+11 1.490297e+12 | 1.103579e+11 2.511224e+13  
7.017038e+00 2.918813e+11 | 1.631871e+11 1.489260e+12 | 1.103116e+11 2.498515e+13  
8.376776e+00 2.922836e+11 | 1.633544e+11 1.491706e+12 | 1.103744e+11 2.515770e+13  
1.000000e+01 2.923006e+11 | 1.633602e+11 1.494813e+12 | 1.103766e+11 2.516360e+13  
