
x= #alpha_{int} [deg] ,  y= J(#alpha_{int}) [M_{#odot}^{2} kpc^{-5}]
     x       y_pdf_median |   CL_lo_PDF   CL_up_PDF
                          |          68.0% CL         |          95.0% CL          
1.000000e-02 1.245129e+10 | 3.685943e+09 5.921902e+10 | 1.258121e+09 2.273072e+11  
1.193777e-02 1.711378e+10 | 5.141667e+09 7.338451e+10 | 1.784833e+09 2.584471e+11  
1.425103e-02 2.304705e+10 | 7.267746e+09 9.125020e+10 | 2.534405e+09 3.024903e+11  
1.701254e-02 3.143468e+10 | 1.004348e+10 1.137863e+11 | 3.667880e+09 3.419605e+11  
2.030918e-02 4.280036e+10 | 1.403135e+10 1.390302e+11 | 5.206904e+09 3.967196e+11  
2.424462e-02 5.750285e+10 | 1.959232e+10 1.712935e+11 | 7.288190e+09 4.590593e+11  
2.894266e-02 7.604181e+10 | 2.733357e+10 2.090285e+11 | 1.035415e+10 5.296278e+11  
3.455107e-02 1.000098e+11 | 3.729157e+10 2.501157e+11 | 1.444513e+10 6.305881e+11  
4.124626e-02 1.274125e+11 | 4.999416e+10 2.953007e+11 | 2.023881e+10 7.718312e+11  
4.923883e-02 1.621329e+11 | 6.645915e+10 3.623886e+11 | 2.804425e+10 8.967855e+11  
5.878016e-02 2.029685e+11 | 8.907320e+10 4.353916e+11 | 3.888165e+10 1.020803e+12  
7.017038e-02 2.567168e+11 | 1.147403e+11 5.411464e+11 | 5.207994e+10 1.220611e+12  
8.376776e-02 3.159944e+11 | 1.486932e+11 6.589666e+11 | 6.725666e+10 1.520009e+12  
1.000000e-01 3.886780e+11 | 1.804000e+11 8.014394e+11 | 8.621113e+10 1.760399e+12  
1.193777e-01 4.621304e+11 | 2.203154e+11 9.925623e+11 | 1.052732e+11 2.155761e+12  
1.425103e-01 5.432290e+11 | 2.662437e+11 1.219113e+12 | 1.348559e+11 2.740434e+12  
1.701254e-01 6.198540e+11 | 3.087365e+11 1.490754e+12 | 1.580602e+11 3.804516e+12  
2.030918e-01 7.056230e+11 | 3.544251e+11 1.829742e+12 | 1.886603e+11 5.117314e+12  
2.424462e-01 8.069140e+11 | 3.931738e+11 2.244576e+12 | 2.088775e+11 7.146397e+12  
2.894266e-01 8.911819e+11 | 4.242034e+11 2.739322e+12 | 2.296320e+11 9.486876e+12  
3.455107e-01 9.812153e+11 | 4.591574e+11 3.419961e+12 | 2.429212e+11 1.304850e+13  
4.124626e-01 1.069761e+12 | 4.866277e+11 4.115691e+12 | 2.503563e+11 1.744430e+13  
4.923883e-01 1.155848e+12 | 5.051132e+11 4.952079e+12 | 2.574377e+11 2.266215e+13  
5.878016e-01 1.225358e+12 | 5.260196e+11 5.845937e+12 | 2.542981e+11 3.087189e+13  
7.017038e-01 1.304550e+12 | 5.428604e+11 6.909497e+12 | 2.603069e+11 3.872451e+13  
8.376776e-01 1.375299e+12 | 5.619175e+11 7.909387e+12 | 2.584587e+11 4.986653e+13  
1.000000e+00 1.411529e+12 | 5.669298e+11 8.819254e+12 | 2.616238e+11 6.294660e+13  
1.193777e+00 1.455862e+12 | 5.768160e+11 1.009448e+13 | 2.655740e+11 7.728262e+13  
1.425103e+00 1.478443e+12 | 5.797352e+11 1.115813e+13 | 2.681986e+11 9.326664e+13  
1.701254e+00 1.500567e+12 | 5.823266e+11 1.194349e+13 | 2.692862e+11 1.075223e+14  
2.030918e+00 1.513067e+12 | 5.814604e+11 1.251924e+13 | 2.690510e+11 1.271326e+14  
2.424462e+00 1.534052e+12 | 5.830239e+11 1.321764e+13 | 2.666220e+11 1.479296e+14  
2.894266e+00 1.551819e+12 | 5.854223e+11 1.364461e+13 | 2.708677e+11 1.696410e+14  
3.455107e+00 1.553526e+12 | 5.885641e+11 1.418540e+13 | 2.686224e+11 1.940343e+14  
4.124626e+00 1.554955e+12 | 5.838810e+11 1.424235e+13 | 2.683511e+11 2.098699e+14  
4.923883e+00 1.560362e+12 | 5.864576e+11 1.427275e+13 | 2.681418e+11 2.220134e+14  
5.878016e+00 1.570078e+12 | 5.877360e+11 1.444066e+13 | 2.686356e+11 2.261589e+14  
7.017038e+00 1.564734e+12 | 5.872207e+11 1.458140e+13 | 2.685953e+11 2.258179e+14  
8.376776e+00 1.551698e+12 | 5.884335e+11 1.450581e+13 | 2.693715e+11 2.324654e+14  
1.000000e+01 1.564101e+12 | 5.870762e+11 1.457026e+13 | 2.685631e+11 2.328990e+14  
