
x= #alpha_{int} [deg] ,  y= D(#alpha_{int}) [M_{#odot} kpc^{-2}]
     x       y_pdf_median |   CL_lo_PDF   CL_up_PDF
                          |          68.0% CL         |          95.0% CL          
1.000000e-02 5.845760e+01 | 3.073704e+01 1.506186e+02 | 2.085711e+01 4.100053e+02  
1.193777e-02 8.324090e+01 | 4.365682e+01 2.144553e+02 | 2.973584e+01 5.783415e+02  
1.425103e-02 1.176043e+02 | 6.171606e+01 3.053871e+02 | 4.180860e+01 8.193031e+02  
1.701254e-02 1.648986e+02 | 8.717246e+01 4.349116e+02 | 5.929695e+01 1.177875e+03  
2.030918e-02 2.339117e+02 | 1.233472e+02 6.208947e+02 | 8.311366e+01 1.678369e+03  
2.424462e-02 3.303425e+02 | 1.746308e+02 8.829904e+02 | 1.179814e+02 2.381442e+03  
2.894266e-02 4.683204e+02 | 2.464548e+02 1.258006e+03 | 1.668368e+02 3.393793e+03  
3.455107e-02 6.545886e+02 | 3.470485e+02 1.789714e+03 | 2.363968e+02 4.903007e+03  
4.124626e-02 9.245569e+02 | 4.883095e+02 2.548035e+03 | 3.283681e+02 6.969939e+03  
4.923883e-02 1.302110e+03 | 6.822058e+02 3.624154e+03 | 4.575471e+02 9.852615e+03  
5.878016e-02 1.835532e+03 | 9.445468e+02 5.156825e+03 | 6.318851e+02 1.415421e+04  
7.017038e-02 2.571082e+03 | 1.299922e+03 7.331549e+03 | 8.593355e+02 1.987854e+04  
8.376776e-02 3.609137e+03 | 1.808336e+03 1.043209e+04 | 1.171748e+03 2.868248e+04  
1.000000e-01 5.038454e+03 | 2.512442e+03 1.492340e+04 | 1.563542e+03 4.046953e+04  
1.193777e-01 7.075450e+03 | 3.437123e+03 2.108480e+04 | 2.136194e+03 5.823251e+04  
1.425103e-01 9.834646e+03 | 4.672068e+03 2.977474e+04 | 2.928423e+03 8.235814e+04  
1.701254e-01 1.388739e+04 | 6.356600e+03 4.249154e+04 | 3.957438e+03 1.177416e+05  
2.030918e-01 1.914689e+04 | 8.618003e+03 6.037033e+04 | 5.228964e+03 1.692428e+05  
2.424462e-01 2.665767e+04 | 1.162957e+04 8.603669e+04 | 6.912656e+03 2.397602e+05  
2.894266e-01 3.666761e+04 | 1.552889e+04 1.212613e+05 | 8.966935e+03 3.417731e+05  
3.455107e-01 5.050744e+04 | 2.053955e+04 1.717818e+05 | 1.141986e+04 4.898561e+05  
4.124626e-01 6.941652e+04 | 2.654028e+04 2.418036e+05 | 1.437557e+04 6.934926e+05  
4.923883e-01 9.477089e+04 | 3.424546e+04 3.405484e+05 | 1.795195e+04 9.927744e+05  
5.878016e-01 1.282270e+05 | 4.335552e+04 4.780873e+05 | 2.218355e+04 1.383940e+06  
7.017038e-01 1.720806e+05 | 5.477036e+04 6.747737e+05 | 2.636267e+04 1.973775e+06  
8.376776e-01 2.294729e+05 | 6.664791e+04 9.323865e+05 | 3.165790e+04 2.792913e+06  
1.000000e+00 3.052258e+05 | 8.090518e+04 1.310341e+06 | 3.739902e+04 3.959421e+06  
1.193777e+00 3.981475e+05 | 9.684655e+04 1.804159e+06 | 4.269776e+04 5.621014e+06  
1.425103e+00 5.140590e+05 | 1.140729e+05 2.521716e+06 | 4.782760e+04 7.927534e+06  
1.701254e+00 6.571247e+05 | 1.313141e+05 3.492027e+06 | 5.310662e+04 1.113378e+07  
2.030918e+00 8.204850e+05 | 1.485274e+05 4.711901e+06 | 5.829151e+04 1.565698e+07  
2.424462e+00 1.018984e+06 | 1.647229e+05 6.367664e+06 | 6.160546e+04 2.153877e+07  
2.894266e+00 1.236488e+06 | 1.764061e+05 8.585316e+06 | 6.294230e+04 2.915537e+07  
3.455107e+00 1.483552e+06 | 1.874358e+05 1.132707e+07 | 6.443406e+04 4.108505e+07  
4.124626e+00 1.716389e+06 | 1.941339e+05 1.481857e+07 | 6.462917e+04 5.797891e+07  
4.923883e+00 1.983211e+06 | 2.008610e+05 1.942043e+07 | 6.224201e+04 7.640551e+07  
5.878016e+00 2.222533e+06 | 2.022116e+05 2.520924e+07 | 6.539341e+04 1.045904e+08  
7.017038e+00 2.468053e+06 | 2.038729e+05 3.196818e+07 | 6.216436e+04 1.349789e+08  
8.376776e+00 2.702988e+06 | 2.011917e+05 3.915841e+07 | 6.445452e+04 1.742733e+08  
1.000000e+01 2.857622e+06 | 1.985687e+05 4.741998e+07 | 6.391013e+04 2.268862e+08  
