
x= #alpha_{int} [deg] ,  y= J(#alpha_{int}) [M_{#odot}^{2} kpc^{-5}]
     x       y_pdf_median |   CL_lo_PDF   CL_up_PDF
                          |          68.0% CL         |          95.0% CL          
1.000000e-02 3.330709e+09 | 1.342698e+09 1.174188e+10 | 4.927481e+08 6.112509e+10  
1.193777e-02 4.647428e+09 | 1.903158e+09 1.572639e+10 | 7.034853e+08 6.950421e+10  
1.425103e-02 6.504366e+09 | 2.696223e+09 2.098485e+10 | 1.005679e+09 8.233770e+10  
1.701254e-02 9.177665e+09 | 3.752991e+09 2.711289e+10 | 1.406136e+09 9.372887e+10  
2.030918e-02 1.275937e+10 | 5.232087e+09 3.529179e+10 | 2.003964e+09 1.105391e+11  
2.424462e-02 1.747130e+10 | 7.198824e+09 4.478311e+10 | 2.822374e+09 1.307861e+11  
2.894266e-02 2.384537e+10 | 9.924427e+09 5.716325e+10 | 3.937690e+09 1.714869e+11  
3.455107e-02 3.231156e+10 | 1.370005e+10 7.192711e+10 | 5.494006e+09 1.943088e+11  
4.124626e-02 4.357804e+10 | 1.880839e+10 9.256870e+10 | 7.668747e+09 2.171094e+11  
4.923883e-02 5.774943e+10 | 2.526925e+10 1.209406e+11 | 1.064939e+10 2.650447e+11  
5.878016e-02 7.705982e+10 | 3.384529e+10 1.573696e+11 | 1.507813e+10 3.433747e+11  
7.017038e-02 1.018186e+11 | 4.501785e+10 2.042073e+11 | 2.065685e+10 4.225860e+11  
8.376776e-02 1.273349e+11 | 6.052971e+10 2.570436e+11 | 2.812318e+10 5.312156e+11  
1.000000e-01 1.617572e+11 | 7.809301e+10 3.271256e+11 | 3.699785e+10 6.634878e+11  
1.193777e-01 2.025816e+11 | 1.014845e+11 4.267289e+11 | 4.838120e+10 9.098507e+11  
1.425103e-01 2.491006e+11 | 1.260822e+11 5.637421e+11 | 6.392651e+10 1.272698e+12  
1.701254e-01 3.024521e+11 | 1.580449e+11 7.173720e+11 | 8.044009e+10 1.778600e+12  
2.030918e-01 3.656660e+11 | 1.878832e+11 9.373834e+11 | 9.472990e+10 2.469194e+12  
2.424462e-01 4.318031e+11 | 2.187430e+11 1.262434e+12 | 1.084617e+11 3.513610e+12  
2.894266e-01 5.091071e+11 | 2.456308e+11 1.661017e+12 | 1.188486e+11 4.951181e+12  
3.455107e-01 6.150102e+11 | 2.734148e+11 2.177443e+12 | 1.272405e+11 6.885936e+12  
4.124626e-01 7.163204e+11 | 2.939465e+11 2.876923e+12 | 1.331359e+11 9.737650e+12  
4.923883e-01 8.469488e+11 | 3.181087e+11 3.680201e+12 | 1.435507e+11 1.364121e+13  
5.878016e-01 9.569316e+11 | 3.359618e+11 4.574596e+12 | 1.518636e+11 1.845816e+13  
7.017038e-01 1.050989e+12 | 3.497840e+11 5.484512e+12 | 1.539321e+11 2.523609e+13  
8.376776e-01 1.158149e+12 | 3.591904e+11 6.640991e+12 | 1.585935e+11 3.452759e+13  
1.000000e+00 1.258519e+12 | 3.710917e+11 8.001148e+12 | 1.564755e+11 4.555880e+13  
1.193777e+00 1.339950e+12 | 3.767389e+11 9.229091e+12 | 1.616940e+11 5.619586e+13  
1.425103e+00 1.400214e+12 | 3.815230e+11 1.065667e+13 | 1.578292e+11 7.537231e+13  
1.701254e+00 1.455039e+12 | 3.833558e+11 1.190706e+13 | 1.600278e+11 9.624128e+13  
2.030918e+00 1.510414e+12 | 3.920424e+11 1.344068e+13 | 1.633494e+11 1.206879e+14  
2.424462e+00 1.528933e+12 | 3.867245e+11 1.470352e+13 | 1.591257e+11 1.486798e+14  
2.894266e+00 1.539411e+12 | 3.907376e+11 1.549007e+13 | 1.571611e+11 1.656432e+14  
3.455107e+00 1.551239e+12 | 3.961616e+11 1.676757e+13 | 1.586386e+11 1.989674e+14  
4.124626e+00 1.578802e+12 | 3.906787e+11 1.830188e+13 | 1.604539e+11 2.253880e+14  
4.923883e+00 1.583631e+12 | 3.938910e+11 1.930017e+13 | 1.613965e+11 2.623589e+14  
5.878016e+00 1.597637e+12 | 3.963520e+11 1.949850e+13 | 1.620508e+11 2.840415e+14  
7.017038e+00 1.606308e+12 | 3.966256e+11 1.986012e+13 | 1.624004e+11 3.159610e+14  
8.376776e+00 1.606029e+12 | 3.965996e+11 2.047245e+13 | 1.625116e+11 3.439243e+14  
1.000000e+01 1.604757e+12 | 3.944572e+11 2.016426e+13 | 1.631364e+11 3.738005e+14  
