
x= #alpha_{int} [deg] ,  y= D(#alpha_{int}) [M_{#odot} kpc^{-2}]
     x       y_pdf_median |   CL_lo_PDF   CL_up_PDF
                          |          68.0% CL         |          95.0% CL          
1.000000e-02 1.904269e+01 | 1.273883e+01 3.392132e+01 | 8.735000e+00 7.979747e+01  
1.193777e-02 2.687152e+01 | 1.806086e+01 4.743653e+01 | 1.228083e+01 1.131346e+02  
1.425103e-02 3.790492e+01 | 2.559797e+01 6.648814e+01 | 1.730623e+01 1.619052e+02  
1.701254e-02 5.269586e+01 | 3.611628e+01 9.412762e+01 | 2.445674e+01 2.317302e+02  
2.030918e-02 7.391244e+01 | 5.065280e+01 1.330769e+02 | 3.430522e+01 3.250885e+02  
2.424462e-02 1.035253e+02 | 7.102989e+01 1.891973e+02 | 4.810632e+01 4.673081e+02  
2.894266e-02 1.440940e+02 | 9.933309e+01 2.696073e+02 | 6.726133e+01 6.676575e+02  
3.455107e-02 2.013699e+02 | 1.372130e+02 3.822240e+02 | 9.449515e+01 9.495046e+02  
4.124626e-02 2.795707e+02 | 1.887216e+02 5.429240e+02 | 1.311752e+02 1.350271e+03  
4.923883e-02 3.870393e+02 | 2.620899e+02 7.676636e+02 | 1.815876e+02 1.926465e+03  
5.878016e-02 5.382362e+02 | 3.608123e+02 1.081901e+03 | 2.461158e+02 2.760944e+03  
7.017038e-02 7.481960e+02 | 4.892631e+02 1.520581e+03 | 3.354878e+02 3.869441e+03  
8.376776e-02 1.041049e+03 | 6.625558e+02 2.165546e+03 | 4.480247e+02 5.586914e+03  
1.000000e-01 1.441673e+03 | 8.876212e+02 3.042120e+03 | 6.001189e+02 7.878524e+03  
1.193777e-01 1.978393e+03 | 1.169125e+03 4.331375e+03 | 7.871340e+02 1.125735e+04  
1.425103e-01 2.714567e+03 | 1.545931e+03 6.082971e+03 | 1.020367e+03 1.610044e+04  
1.701254e-01 3.725167e+03 | 2.030786e+03 8.567991e+03 | 1.308986e+03 2.272333e+04  
2.030918e-01 5.079723e+03 | 2.670338e+03 1.213117e+04 | 1.678860e+03 3.258028e+04  
2.424462e-01 6.989077e+03 | 3.483495e+03 1.702965e+04 | 2.136475e+03 4.579028e+04  
2.894266e-01 9.356466e+03 | 4.435615e+03 2.369938e+04 | 2.635505e+03 6.461431e+04  
3.455107e-01 1.231329e+04 | 5.623736e+03 3.302571e+04 | 3.225423e+03 9.332032e+04  
4.124626e-01 1.605049e+04 | 6.903510e+03 4.525328e+04 | 3.952621e+03 1.299790e+05  
4.923883e-01 2.090652e+04 | 8.667342e+03 6.258059e+04 | 4.643525e+03 1.848455e+05  
5.878016e-01 2.700586e+04 | 1.057073e+04 8.449016e+04 | 5.374207e+03 2.601084e+05  
7.017038e-01 3.447787e+04 | 1.263544e+04 1.165240e+05 | 6.180912e+03 3.602885e+05  
8.376776e-01 4.306211e+04 | 1.498920e+04 1.572336e+05 | 6.963535e+03 5.064811e+05  
1.000000e+00 5.310934e+04 | 1.744155e+04 2.119689e+05 | 7.750973e+03 7.036183e+05  
1.193777e+00 6.465415e+04 | 1.954041e+04 2.873578e+05 | 7.958571e+03 9.793146e+05  
1.425103e+00 7.810188e+04 | 2.201695e+04 3.671381e+05 | 8.552933e+03 1.367268e+06  
1.701254e+00 9.239948e+04 | 2.508811e+04 4.709193e+05 | 9.223864e+03 1.914151e+06  
2.030918e+00 1.065447e+05 | 2.727957e+04 6.090009e+05 | 9.134144e+03 2.548316e+06  
2.424462e+00 1.218373e+05 | 2.867256e+04 7.610949e+05 | 9.373087e+03 3.547834e+06  
2.894266e+00 1.393050e+05 | 2.991013e+04 9.350893e+05 | 9.251366e+03 4.751851e+06  
3.455107e+00 1.550416e+05 | 2.928504e+04 1.137405e+06 | 9.368535e+03 6.166714e+06  
4.124626e+00 1.665268e+05 | 2.944808e+04 1.332650e+06 | 9.257152e+03 8.177339e+06  
4.923883e+00 1.798892e+05 | 2.944460e+04 1.529447e+06 | 9.308874e+03 1.053322e+07  
5.878016e+00 1.890447e+05 | 3.029980e+04 1.639930e+06 | 9.276199e+03 1.328445e+07  
7.017038e+00 1.922583e+05 | 2.918114e+04 1.759323e+06 | 9.104375e+03 1.646626e+07  
8.376776e+00 1.910593e+05 | 2.971130e+04 1.955209e+06 | 9.204666e+03 1.957339e+07  
1.000000e+01 1.907274e+05 | 2.965119e+04 2.049962e+06 | 9.354255e+03 2.304558e+07  
