
x= #alpha_{int} [deg] ,  y= J(#alpha_{int}) [M_{#odot}^{2} kpc^{-5}]
     x       y_pdf_median |   CL_lo_PDF   CL_up_PDF
                          |          68.0% CL         |          95.0% CL          
1.000000e-02 1.594499e+09 | 4.711165e+08 9.793365e+09 | 2.587613e+08 2.768692e+10  
1.193777e-02 2.133472e+09 | 6.620289e+08 1.161970e+10 | 3.708437e+08 3.051568e+10  
1.425103e-02 2.826090e+09 | 9.405730e+08 1.375507e+10 | 5.226104e+08 3.470288e+10  
1.701254e-02 3.680409e+09 | 1.314942e+09 1.579745e+10 | 7.502409e+08 3.848958e+10  
2.030918e-02 4.798767e+09 | 1.835462e+09 1.840687e+10 | 1.057266e+09 4.208843e+10  
2.424462e-02 6.243029e+09 | 2.564952e+09 2.100723e+10 | 1.472165e+09 4.613745e+10  
2.894266e-02 7.934534e+09 | 3.562315e+09 2.423498e+10 | 2.074968e+09 4.944137e+10  
3.455107e-02 1.014623e+10 | 4.869640e+09 2.745414e+10 | 2.926951e+09 5.302969e+10  
4.124626e-02 1.282497e+10 | 6.589366e+09 3.086498e+10 | 4.070601e+09 5.767112e+10  
4.923883e-02 1.604627e+10 | 8.837941e+09 3.491313e+10 | 5.648240e+09 6.123307e+10  
5.878016e-02 1.979919e+10 | 1.175713e+10 3.926583e+10 | 7.611183e+09 6.523146e+10  
7.017038e-02 2.446590e+10 | 1.552750e+10 4.382067e+10 | 1.010763e+10 6.877253e+10  
8.376776e-02 2.982605e+10 | 1.976711e+10 4.912997e+10 | 1.317711e+10 7.254926e+10  
1.000000e-01 3.529353e+10 | 2.454000e+10 5.461028e+10 | 1.718196e+10 7.669006e+10  
1.193777e-01 4.122985e+10 | 2.958423e+10 6.341036e+10 | 2.153322e+10 8.823424e+10  
1.425103e-01 4.846449e+10 | 3.469830e+10 7.078267e+10 | 2.514646e+10 1.020249e+11  
1.701254e-01 5.512352e+10 | 3.888505e+10 8.229284e+10 | 2.873102e+10 1.347708e+11  
2.030918e-01 6.170637e+10 | 4.286722e+10 9.280757e+10 | 3.151453e+10 1.752017e+11  
2.424462e-01 6.732769e+10 | 4.695157e+10 1.049396e+11 | 3.418396e+10 2.382015e+11  
2.894266e-01 7.268948e+10 | 5.010969e+10 1.234614e+11 | 3.616043e+10 3.193093e+11  
3.455107e-01 7.617684e+10 | 5.248109e+10 1.443509e+11 | 3.768887e+10 4.179361e+11  
4.124626e-01 8.010099e+10 | 5.446682e+10 1.655901e+11 | 3.920323e+10 5.456853e+11  
4.923883e-01 8.328848e+10 | 5.572983e+10 1.907078e+11 | 3.997095e+10 7.100933e+11  
5.878016e-01 8.617624e+10 | 5.717148e+10 2.164956e+11 | 4.052128e+10 8.841865e+11  
7.017038e-01 8.826911e+10 | 5.832537e+10 2.303856e+11 | 4.073026e+10 1.074576e+12  
8.376776e-01 9.044263e+10 | 5.881087e+10 2.478568e+11 | 4.110103e+10 1.301570e+12  
1.000000e+00 9.107070e+10 | 5.880526e+10 2.627265e+11 | 4.111215e+10 1.528865e+12  
1.193777e+00 9.299136e+10 | 5.942390e+10 2.746593e+11 | 4.174479e+10 1.782211e+12  
1.425103e+00 9.338601e+10 | 5.949429e+10 2.811265e+11 | 4.179059e+10 2.005542e+12  
1.701254e+00 9.428990e+10 | 5.990137e+10 2.829238e+11 | 4.229874e+10 2.216595e+12  
2.030918e+00 9.412450e+10 | 5.956242e+10 2.884733e+11 | 4.207329e+10 2.385420e+12  
2.424462e+00 9.454464e+10 | 6.027089e+10 2.942905e+11 | 4.208462e+10 2.512803e+12  
2.894266e+00 9.499329e+10 | 5.999077e+10 2.966082e+11 | 4.248450e+10 2.546718e+12  
3.455107e+00 9.501296e+10 | 6.020880e+10 3.014091e+11 | 4.193698e+10 2.644978e+12  
4.124626e+00 9.442449e+10 | 5.987039e+10 3.016673e+11 | 4.250309e+10 2.658834e+12  
4.923883e+00 9.488737e+10 | 6.042297e+10 3.007574e+11 | 4.217295e+10 2.677833e+12  
5.878016e+00 9.514276e+10 | 5.991664e+10 2.994234e+11 | 4.217864e+10 2.688113e+12  
7.017038e+00 9.531910e+10 | 5.993786e+10 3.011265e+11 | 4.245061e+10 2.671902e+12  
8.376776e+00 9.528376e+10 | 5.993210e+10 3.008764e+11 | 4.227765e+10 2.688296e+12  
1.000000e+01 9.537430e+10 | 5.995384e+10 3.004655e+11 | 4.246079e+10 2.698387e+12  
