
x= #alpha_{int} [deg] ,  y= D(#alpha_{int}) [M_{#odot} kpc^{-2}]
     x       y_pdf_median |   CL_lo_PDF   CL_up_PDF
                          |          68.0% CL         |          95.0% CL          
1.000000e-02 3.326071e+01 | 1.540582e+01 8.946590e+01 | 7.379418e+00 3.231019e+02  
1.193777e-02 4.683533e+01 | 2.154179e+01 1.280545e+02 | 1.022609e+01 4.538794e+02  
1.425103e-02 6.565791e+01 | 2.950736e+01 1.808652e+02 | 1.402760e+01 6.563422e+02  
1.701254e-02 9.157805e+01 | 4.018696e+01 2.574079e+02 | 1.970444e+01 9.370582e+02  
2.030918e-02 1.275874e+02 | 5.548359e+01 3.678337e+02 | 2.698530e+01 1.313863e+03  
2.424462e-02 1.783897e+02 | 7.558590e+01 5.197197e+02 | 3.718712e+01 1.898794e+03  
2.894266e-02 2.458766e+02 | 1.026747e+02 7.521096e+02 | 5.111708e+01 2.743630e+03  
3.455107e-02 3.422267e+02 | 1.369887e+02 1.063859e+03 | 7.000522e+01 3.908381e+03  
4.124626e-02 4.743242e+02 | 1.813391e+02 1.510253e+03 | 9.510693e+01 5.444027e+03  
4.923883e-02 6.455655e+02 | 2.440855e+02 2.133304e+03 | 1.204631e+02 7.789667e+03  
5.878016e-02 8.822372e+02 | 3.204183e+02 2.995686e+03 | 1.547973e+02 1.119656e+04  
7.017038e-02 1.196556e+03 | 4.230670e+02 4.213046e+03 | 1.984072e+02 1.548189e+04  
8.376776e-02 1.624713e+03 | 5.423299e+02 5.975690e+03 | 2.422610e+02 2.208650e+04  
1.000000e-01 2.192027e+03 | 6.882936e+02 8.328024e+03 | 2.907678e+02 3.118099e+04  
1.193777e-01 2.895236e+03 | 8.950398e+02 1.177275e+04 | 3.380665e+02 4.392119e+04  
1.425103e-01 3.901056e+03 | 1.127478e+03 1.622459e+04 | 3.956859e+02 6.281565e+04  
1.701254e-01 5.208794e+03 | 1.363349e+03 2.266434e+04 | 4.696200e+02 8.834952e+04  
2.030918e-01 6.902554e+03 | 1.655351e+03 3.126605e+04 | 5.092657e+02 1.228368e+05  
2.424462e-01 9.066368e+03 | 1.981845e+03 4.333988e+04 | 5.525641e+02 1.733094e+05  
2.894266e-01 1.152522e+04 | 2.347798e+03 6.012587e+04 | 5.912631e+02 2.311086e+05  
3.455107e-01 1.447844e+04 | 2.689823e+03 8.242779e+04 | 6.293887e+02 3.268235e+05  
4.124626e-01 1.743995e+04 | 3.106447e+03 1.116061e+05 | 6.589375e+02 4.579277e+05  
4.923883e-01 2.169387e+04 | 3.480189e+03 1.503939e+05 | 6.900654e+02 6.070420e+05  
5.878016e-01 2.650289e+04 | 3.728745e+03 2.001613e+05 | 7.019391e+02 8.198454e+05  
7.017038e-01 3.082029e+04 | 4.028410e+03 2.618463e+05 | 7.325818e+02 1.090022e+06  
8.376776e-01 3.586400e+04 | 4.248834e+03 3.414836e+05 | 7.225381e+02 1.521376e+06  
1.000000e+00 4.060024e+04 | 4.506460e+03 4.466776e+05 | 7.387187e+02 1.991263e+06  
1.193777e+00 4.796614e+04 | 4.565371e+03 5.719436e+05 | 7.367696e+02 2.680413e+06  
1.425103e+00 5.435042e+04 | 4.678970e+03 7.193561e+05 | 7.477996e+02 3.335733e+06  
1.701254e+00 6.007301e+04 | 4.712414e+03 8.625664e+05 | 7.412655e+02 4.285407e+06  
2.030918e+00 6.649400e+04 | 4.670826e+03 1.031200e+06 | 7.509367e+02 5.285027e+06  
2.424462e+00 7.169940e+04 | 4.803959e+03 1.162137e+06 | 7.306962e+02 6.619745e+06  
2.894266e+00 7.575535e+04 | 4.881499e+03 1.347766e+06 | 7.474193e+02 8.027036e+06  
3.455107e+00 8.096936e+04 | 4.797343e+03 1.479728e+06 | 7.348449e+02 9.617606e+06  
4.124626e+00 8.434508e+04 | 4.849152e+03 1.684026e+06 | 7.307890e+02 1.117947e+07  
4.923883e+00 8.860787e+04 | 4.689906e+03 1.857691e+06 | 7.329783e+02 1.345324e+07  
5.878016e+00 9.144555e+04 | 4.765544e+03 1.993368e+06 | 7.431989e+02 1.492667e+07  
7.017038e+00 9.445671e+04 | 4.845126e+03 2.027680e+06 | 7.511382e+02 1.521750e+07  
8.376776e+00 9.464635e+04 | 4.703573e+03 2.253678e+06 | 7.294521e+02 1.631582e+07  
1.000000e+01 9.354701e+04 | 4.720821e+03 2.317430e+06 | 7.433577e+02 1.717899e+07  
