
x= #alpha_{int} [deg] ,  y= J(#alpha_{int}) [M_{#odot}^{2} kpc^{-5}]
     x       y_pdf_median |   CL_lo_PDF   CL_up_PDF
                          |          68.0% CL         |          95.0% CL          
1.000000e-02 2.839681e+09 | 7.091662e+08 1.566669e+10 | 4.302557e+08 6.192783e+10  
1.193777e-02 3.831478e+09 | 1.001719e+09 1.914157e+10 | 6.132543e+08 7.107909e+10  
1.425103e-02 5.093207e+09 | 1.424161e+09 2.261714e+10 | 8.612044e+08 8.121838e+10  
1.701254e-02 6.808902e+09 | 1.987116e+09 2.708979e+10 | 1.234728e+09 9.563718e+10  
2.030918e-02 8.870277e+09 | 2.805201e+09 3.233380e+10 | 1.740536e+09 1.083310e+11  
2.424462e-02 1.160447e+10 | 3.927295e+09 3.824287e+10 | 2.475045e+09 1.252542e+11  
2.894266e-02 1.491410e+10 | 5.453448e+09 4.487874e+10 | 3.470777e+09 1.396186e+11  
3.455107e-02 1.881175e+10 | 7.657869e+09 5.437785e+10 | 4.869071e+09 1.521621e+11  
4.124626e-02 2.397302e+10 | 1.053988e+10 6.286839e+10 | 6.854404e+09 1.684148e+11  
4.923883e-02 2.997112e+10 | 1.433299e+10 7.118197e+10 | 9.591349e+09 1.793335e+11  
5.878016e-02 3.735284e+10 | 1.909092e+10 8.025686e+10 | 1.313917e+10 1.869240e+11  
7.017038e-02 4.599833e+10 | 2.564982e+10 8.977164e+10 | 1.809537e+10 1.964508e+11  
8.376776e-02 5.559311e+10 | 3.421613e+10 9.876340e+10 | 2.453777e+10 2.047347e+11  
1.000000e-01 6.604498e+10 | 4.457122e+10 1.080400e+11 | 3.279103e+10 2.118303e+11  
1.193777e-01 7.931837e+10 | 5.755461e+10 1.197177e+11 | 4.316946e+10 2.219300e+11  
1.425103e-01 9.297600e+10 | 7.154408e+10 1.331856e+11 | 5.610321e+10 2.261551e+11  
1.701254e-01 1.099036e+11 | 8.583387e+10 1.497712e+11 | 6.995866e+10 2.485970e+11  
2.030918e-01 1.248002e+11 | 1.008175e+11 1.665322e+11 | 8.304268e+10 2.673974e+11  
2.424462e-01 1.424192e+11 | 1.155483e+11 1.895423e+11 | 9.497164e+10 3.001181e+11  
2.894266e-01 1.574656e+11 | 1.246308e+11 2.120802e+11 | 1.040295e+11 3.551211e+11  
3.455107e-01 1.735526e+11 | 1.358690e+11 2.408713e+11 | 1.129021e+11 4.437856e+11  
4.124626e-01 1.850757e+11 | 1.434796e+11 2.737907e+11 | 1.181845e+11 5.532509e+11  
4.923883e-01 1.947658e+11 | 1.488348e+11 3.148615e+11 | 1.227187e+11 6.751955e+11  
5.878016e-01 2.035276e+11 | 1.551346e+11 3.513181e+11 | 1.268367e+11 8.110635e+11  
7.017038e-01 2.129568e+11 | 1.585276e+11 3.857268e+11 | 1.285782e+11 1.003408e+12  
8.376776e-01 2.211554e+11 | 1.610817e+11 4.136475e+11 | 1.286988e+11 1.251805e+12  
1.000000e+00 2.247895e+11 | 1.630390e+11 4.458003e+11 | 1.293737e+11 1.547379e+12  
1.193777e+00 2.295103e+11 | 1.647988e+11 4.775683e+11 | 1.296391e+11 1.773752e+12  
1.425103e+00 2.312626e+11 | 1.660277e+11 5.017374e+11 | 1.299190e+11 1.929101e+12  
1.701254e+00 2.336503e+11 | 1.660601e+11 5.097000e+11 | 1.287926e+11 1.959553e+12  
2.030918e+00 2.339716e+11 | 1.660119e+11 5.231059e+11 | 1.284766e+11 2.092525e+12  
2.424462e+00 2.357195e+11 | 1.665703e+11 5.188522e+11 | 1.293917e+11 2.130842e+12  
2.894266e+00 2.360843e+11 | 1.674180e+11 5.275689e+11 | 1.292140e+11 2.210386e+12  
3.455107e+00 2.361242e+11 | 1.662448e+11 5.297476e+11 | 1.293420e+11 2.255247e+12  
4.124626e+00 2.369244e+11 | 1.665462e+11 5.319113e+11 | 1.284423e+11 2.319777e+12  
4.923883e+00 2.370840e+11 | 1.667720e+11 5.346384e+11 | 1.285084e+11 2.287923e+12  
5.878016e+00 2.380191e+11 | 1.667396e+11 5.369909e+11 | 1.286468e+11 2.335388e+12  
7.017038e+00 2.373976e+11 | 1.669131e+11 5.364267e+11 | 1.286681e+11 2.334886e+12  
8.376776e+00 2.378948e+11 | 1.668880e+11 5.351608e+11 | 1.286373e+11 2.324285e+12  
1.000000e+01 2.364504e+11 | 1.669462e+11 5.358006e+11 | 1.287017e+11 2.346534e+12  
