
x= #alpha_{int} [deg] ,  y= J(#alpha_{int}) [M_{#odot}^{2} kpc^{-5}]
     x       y_pdf_median |   CL_lo_PDF   CL_up_PDF
                          |          68.0% CL         |          95.0% CL          
1.000000e-02 2.044309e+10 | 7.971857e+09 5.562241e+10 | 3.508323e+09 1.675816e+11  
1.193777e-02 2.876776e+10 | 1.126130e+10 7.736703e+10 | 4.981849e+09 2.296912e+11  
1.425103e-02 4.027647e+10 | 1.582139e+10 1.074767e+11 | 7.041362e+09 3.217695e+11  
1.701254e-02 5.602043e+10 | 2.219615e+10 1.486949e+11 | 9.887327e+09 4.257155e+11  
2.030918e-02 7.798658e+10 | 3.096824e+10 2.029414e+11 | 1.401463e+10 5.471150e+11  
2.424462e-02 1.085456e+11 | 4.282688e+10 2.817379e+11 | 1.946353e+10 7.762753e+11  
2.894266e-02 1.488411e+11 | 5.899583e+10 3.846995e+11 | 2.740686e+10 1.077324e+12  
3.455107e-02 2.032904e+11 | 8.141355e+10 5.109762e+11 | 3.807901e+10 1.506237e+12  
4.124626e-02 2.763443e+11 | 1.138636e+11 7.060360e+11 | 5.403349e+10 1.994943e+12  
4.923883e-02 3.784253e+11 | 1.536001e+11 9.713080e+11 | 7.445161e+10 2.845813e+12  
5.878016e-02 5.107304e+11 | 2.036420e+11 1.318274e+12 | 9.490525e+10 3.979688e+12  
7.017038e-02 6.864871e+11 | 2.736260e+11 1.809958e+12 | 1.314401e+11 5.502965e+12  
8.376776e-02 9.012088e+11 | 3.576229e+11 2.511634e+12 | 1.735657e+11 7.752350e+12  
1.000000e-01 1.195668e+12 | 4.620616e+11 3.480777e+12 | 2.240208e+11 1.127836e+13  
1.193777e-01 1.566065e+12 | 5.868953e+11 4.826319e+12 | 2.886326e+11 1.575155e+13  
1.425103e-01 2.032759e+12 | 7.133409e+11 6.658839e+12 | 3.587498e+11 2.267568e+13  
1.701254e-01 2.615093e+12 | 8.733628e+11 9.367232e+12 | 4.297669e+11 3.129128e+13  
2.030918e-01 3.318797e+12 | 1.037591e+12 1.282330e+13 | 4.847073e+11 4.420416e+13  
2.424462e-01 4.241181e+12 | 1.211968e+12 1.770850e+13 | 5.475526e+11 6.270450e+13  
2.894266e-01 5.426930e+12 | 1.381027e+12 2.443948e+13 | 5.909763e+11 8.961742e+13  
3.455107e-01 6.707788e+12 | 1.600346e+12 3.346375e+13 | 6.261678e+11 1.241806e+14  
4.124626e-01 8.249552e+12 | 1.799162e+12 4.533664e+13 | 6.680610e+11 1.768608e+14  
4.923883e-01 9.604465e+12 | 1.988023e+12 6.140763e+13 | 6.950447e+11 2.522304e+14  
5.878016e-01 1.139380e+13 | 2.103637e+12 8.297296e+13 | 7.076115e+11 3.513814e+14  
7.017038e-01 1.316691e+13 | 2.202111e+12 1.108113e+14 | 7.304930e+11 4.799705e+14  
8.376776e-01 1.517392e+13 | 2.283603e+12 1.465562e+14 | 7.447060e+11 6.922367e+14  
1.000000e+00 1.754005e+13 | 2.320969e+12 1.924017e+14 | 7.575270e+11 9.308920e+14  
1.193777e+00 1.970053e+13 | 2.410866e+12 2.509506e+14 | 7.804113e+11 1.247350e+15  
1.425103e+00 2.172132e+13 | 2.397145e+12 3.142956e+14 | 7.843054e+11 1.715175e+15  
1.701254e+00 2.337234e+13 | 2.447804e+12 3.912661e+14 | 7.962397e+11 2.341054e+15  
2.030918e+00 2.458429e+13 | 2.474721e+12 4.782401e+14 | 8.247023e+11 3.018021e+15  
2.424462e+00 2.565899e+13 | 2.503177e+12 5.606476e+14 | 8.167015e+11 3.950635e+15  
2.894266e+00 2.651039e+13 | 2.481114e+12 6.643863e+14 | 7.855214e+11 5.141080e+15  
3.455107e+00 2.772410e+13 | 2.496770e+12 7.635396e+14 | 8.339537e+11 6.281378e+15  
4.124626e+00 2.806989e+13 | 2.467037e+12 8.569010e+14 | 7.887418e+11 7.818663e+15  
4.923883e+00 2.916386e+13 | 2.488463e+12 9.552568e+14 | 8.152451e+11 9.758201e+15  
5.878016e+00 2.905921e+13 | 2.468511e+12 1.017870e+15 | 8.039629e+11 1.136161e+16  
7.017038e+00 2.949842e+13 | 2.496915e+12 1.080957e+15 | 7.978208e+11 1.290501e+16  
8.376776e+00 2.966476e+13 | 2.480226e+12 1.096406e+15 | 7.935153e+11 1.419178e+16  
1.000000e+01 3.035970e+13 | 2.498218e+12 1.114230e+15 | 7.891509e+11 1.569064e+16  
