
x= #alpha_{int} [deg] ,  y= D(#alpha_{int}) [M_{#odot} kpc^{-2}]
     x       y_pdf_median |   CL_lo_PDF   CL_up_PDF
                          |          68.0% CL         |          95.0% CL          
1.000000e-02 4.720945e+01 | 2.418529e+01 1.322442e+02 | 1.530707e+01 3.611381e+02  
1.193777e-02 6.642273e+01 | 3.429920e+01 1.888438e+02 | 2.178212e+01 5.161003e+02  
1.425103e-02 9.400696e+01 | 4.860083e+01 2.695013e+02 | 3.089331e+01 7.366341e+02  
1.701254e-02 1.330609e+02 | 6.838391e+01 3.825101e+02 | 4.367746e+01 1.047046e+03  
2.030918e-02 1.876261e+02 | 9.562599e+01 5.442266e+02 | 6.152547e+01 1.489718e+03  
2.424462e-02 2.680462e+02 | 1.348068e+02 7.790868e+02 | 8.653746e+01 2.134617e+03  
2.894266e-02 3.793365e+02 | 1.875370e+02 1.103915e+03 | 1.213172e+02 3.031938e+03  
3.455107e-02 5.338693e+02 | 2.633261e+02 1.577857e+03 | 1.706043e+02 4.313194e+03  
4.124626e-02 7.563394e+02 | 3.675008e+02 2.256242e+03 | 2.355283e+02 6.140674e+03  
4.923883e-02 1.067797e+03 | 5.050961e+02 3.201389e+03 | 3.253597e+02 8.767130e+03  
5.878016e-02 1.500997e+03 | 6.930725e+02 4.543703e+03 | 4.410354e+02 1.246905e+04  
7.017038e-02 2.100723e+03 | 9.494332e+02 6.443005e+03 | 5.976228e+02 1.775526e+04  
8.376776e-02 2.933175e+03 | 1.304465e+03 9.186030e+03 | 8.073684e+02 2.529079e+04  
1.000000e-01 4.103018e+03 | 1.780671e+03 1.309673e+04 | 1.075149e+03 3.604654e+04  
1.193777e-01 5.749555e+03 | 2.384369e+03 1.848234e+04 | 1.402302e+03 5.176616e+04  
1.425103e-01 7.997259e+03 | 3.184811e+03 2.618013e+04 | 1.753372e+03 7.349295e+04  
1.701254e-01 1.106452e+04 | 4.250501e+03 3.723500e+04 | 2.257026e+03 1.040642e+05  
2.030918e-01 1.536947e+04 | 5.640725e+03 5.306883e+04 | 2.886315e+03 1.486892e+05  
2.424462e-01 2.140600e+04 | 7.440688e+03 7.513660e+04 | 3.620408e+03 2.125571e+05  
2.894266e-01 2.938479e+04 | 9.557601e+03 1.068151e+05 | 4.373173e+03 3.017457e+05  
3.455107e-01 3.959778e+04 | 1.222622e+04 1.506413e+05 | 5.370069e+03 4.300304e+05  
4.124626e-01 5.341159e+04 | 1.527152e+04 2.119698e+05 | 6.476017e+03 6.082781e+05  
4.923883e-01 7.159271e+04 | 1.833801e+04 2.975849e+05 | 7.920239e+03 8.594357e+05  
5.878016e-01 9.592684e+04 | 2.206717e+04 4.197110e+05 | 9.011322e+03 1.224207e+06  
7.017038e-01 1.272658e+05 | 2.637027e+04 5.923768e+05 | 1.009577e+04 1.724371e+06  
8.376776e-01 1.650912e+05 | 3.004772e+04 8.270996e+05 | 1.141112e+04 2.442043e+06  
1.000000e+00 2.087191e+05 | 3.427766e+04 1.132357e+06 | 1.214328e+04 3.459597e+06  
1.193777e+00 2.680884e+05 | 3.836588e+04 1.581601e+06 | 1.285110e+04 4.851111e+06  
1.425103e+00 3.332723e+05 | 4.228382e+04 2.168754e+06 | 1.296731e+04 6.807558e+06  
1.701254e+00 4.204770e+05 | 4.639583e+04 2.891159e+06 | 1.324024e+04 9.552651e+06  
2.030918e+00 5.177660e+05 | 4.980696e+04 3.905171e+06 | 1.320181e+04 1.320456e+07  
2.424462e+00 6.194016e+05 | 5.082605e+04 5.086101e+06 | 1.348554e+04 1.831647e+07  
2.894266e+00 7.113274e+05 | 5.436677e+04 6.709673e+06 | 1.342750e+04 2.477118e+07  
3.455107e+00 8.317424e+05 | 5.466553e+04 8.493538e+06 | 1.356694e+04 3.368790e+07  
4.124626e+00 9.319394e+05 | 5.381240e+04 1.106267e+07 | 1.347840e+04 4.469639e+07  
4.923883e+00 1.022607e+06 | 5.461667e+04 1.367948e+07 | 1.364058e+04 6.055161e+07  
5.878016e+00 1.132413e+06 | 5.419654e+04 1.690657e+07 | 1.359429e+04 7.839300e+07  
7.017038e+00 1.200870e+06 | 5.460687e+04 2.017854e+07 | 1.329799e+04 1.003392e+08  
8.376776e+00 1.254389e+06 | 5.449053e+04 2.381631e+07 | 1.367465e+04 1.257435e+08  
1.000000e+01 1.288017e+06 | 5.469316e+04 2.761606e+07 | 1.330924e+04 1.589042e+08  
