
x= #alpha_{int} [deg] ,  y= D(#alpha_{int}) [M_{#odot} kpc^{-2}]
     x       y_pdf_median |   CL_lo_PDF   CL_up_PDF
                          |          68.0% CL         |          95.0% CL          
1.000000e-02 1.211842e+01 | 8.124075e+00 2.008909e+01 | 6.930720e+00 2.966413e+01  
1.193777e-02 1.709307e+01 | 1.159910e+01 2.748826e+01 | 9.853532e+00 3.980037e+01  
1.425103e-02 2.391302e+01 | 1.645349e+01 3.767382e+01 | 1.400201e+01 5.333682e+01  
1.701254e-02 3.354922e+01 | 2.334654e+01 5.136047e+01 | 1.996449e+01 7.109406e+01  
2.030918e-02 4.697241e+01 | 3.314007e+01 6.960086e+01 | 2.846868e+01 9.440052e+01  
2.424462e-02 6.560989e+01 | 4.709816e+01 9.466650e+01 | 4.045501e+01 1.254404e+02  
2.894266e-02 9.145501e+01 | 6.657796e+01 1.276080e+02 | 5.741670e+01 1.659411e+02  
3.455107e-02 1.271664e+02 | 9.409681e+01 1.709946e+02 | 8.144155e+01 2.181164e+02  
4.124626e-02 1.757034e+02 | 1.325912e+02 2.284655e+02 | 1.157234e+02 2.842235e+02  
4.923883e-02 2.413135e+02 | 1.864898e+02 3.052424e+02 | 1.642127e+02 3.720002e+02  
5.878016e-02 3.296444e+02 | 2.608799e+02 4.025478e+02 | 2.310180e+02 4.812349e+02  
7.017038e-02 4.509408e+02 | 3.638350e+02 5.331684e+02 | 3.230681e+02 6.237993e+02  
8.376776e-02 6.105070e+02 | 5.078267e+02 7.025526e+02 | 4.559795e+02 8.015456e+02  
1.000000e-01 8.237421e+02 | 7.003960e+02 9.231256e+02 | 6.400425e+02 1.022495e+03  
1.193777e-01 1.107854e+03 | 9.591265e+02 1.206759e+03 | 8.811728e+02 1.296021e+03  
1.425103e-01 1.459706e+03 | 1.308366e+03 1.573365e+03 | 1.195302e+03 1.664437e+03  
1.701254e-01 1.926396e+03 | 1.759620e+03 2.050080e+03 | 1.641721e+03 2.192433e+03  
2.030918e-01 2.505961e+03 | 2.354654e+03 2.662289e+03 | 2.222934e+03 2.886191e+03  
2.424462e-01 3.247939e+03 | 3.098960e+03 3.505173e+03 | 2.943526e+03 3.926734e+03  
2.894266e-01 4.168904e+03 | 3.923464e+03 4.573775e+03 | 3.725261e+03 5.227830e+03  
3.455107e-01 5.323765e+03 | 4.925852e+03 5.952312e+03 | 4.625586e+03 6.962117e+03  
4.124626e-01 6.720712e+03 | 6.081651e+03 7.706557e+03 | 5.683656e+03 9.419946e+03  
4.923883e-01 8.370346e+03 | 7.480342e+03 9.861035e+03 | 6.882137e+03 1.225242e+04  
5.878016e-01 1.027815e+04 | 9.005624e+03 1.251214e+04 | 8.350269e+03 1.613306e+04  
7.017038e-01 1.246453e+04 | 1.073858e+04 1.564854e+04 | 9.818796e+03 2.093843e+04  
8.376776e-01 1.492396e+04 | 1.252819e+04 1.936844e+04 | 1.151355e+04 2.701581e+04  
1.000000e+00 1.767723e+04 | 1.452240e+04 2.381558e+04 | 1.321243e+04 3.454014e+04  
1.193777e+00 2.058595e+04 | 1.646923e+04 2.866015e+04 | 1.447155e+04 4.361437e+04  
1.425103e+00 2.355120e+04 | 1.849123e+04 3.412042e+04 | 1.547954e+04 5.537409e+04  
1.701254e+00 2.668883e+04 | 2.042606e+04 4.071569e+04 | 1.624360e+04 6.854743e+04  
2.030918e+00 2.979736e+04 | 2.222347e+04 4.787195e+04 | 1.671710e+04 8.381630e+04  
2.424462e+00 3.275784e+04 | 2.340157e+04 5.529747e+04 | 1.708847e+04 9.884552e+04  
2.894266e+00 3.622054e+04 | 2.393046e+04 6.423750e+04 | 1.710263e+04 1.160742e+05  
3.455107e+00 3.930754e+04 | 2.412990e+04 7.163675e+04 | 1.703193e+04 1.316317e+05  
4.124626e+00 4.162213e+04 | 2.404623e+04 7.987982e+04 | 1.718797e+04 1.438550e+05  
4.923883e+00 4.317384e+04 | 2.420130e+04 8.636456e+04 | 1.697797e+04 1.606400e+05  
5.878016e+00 4.331863e+04 | 2.417486e+04 9.278217e+04 | 1.704598e+04 1.844320e+05  
7.017038e+00 4.359030e+04 | 2.404804e+04 9.633801e+04 | 1.713299e+04 2.069481e+05  
8.376776e+00 4.347104e+04 | 2.402772e+04 9.738758e+04 | 1.711427e+04 2.279700e+05  
1.000000e+01 4.348714e+04 | 2.404414e+04 9.753394e+04 | 1.711770e+04 2.368175e+05  
