
x= #alpha_{int} [deg] ,  y= D(#alpha_{int}) [M_{#odot} kpc^{-2}]
     x       y_pdf_median |   CL_lo_PDF   CL_up_PDF
                          |          68.0% CL         |          95.0% CL          
1.000000e-02 2.219845e+01 | 1.719901e+01 2.928360e+01 | 1.462983e+01 4.272510e+01  
1.193777e-02 3.117641e+01 | 2.422659e+01 4.060356e+01 | 2.068052e+01 6.056754e+01  
1.425103e-02 4.356605e+01 | 3.430144e+01 5.647628e+01 | 2.944643e+01 8.562159e+01  
1.701254e-02 6.012309e+01 | 4.836346e+01 7.716350e+01 | 4.151989e+01 1.226404e+02  
2.030918e-02 8.312898e+01 | 6.810246e+01 1.063426e+02 | 5.822888e+01 1.740132e+02  
2.424462e-02 1.135881e+02 | 9.497025e+01 1.485340e+02 | 8.114410e+01 2.491609e+02  
2.894266e-02 1.549216e+02 | 1.308275e+02 2.089196e+02 | 1.121432e+02 3.542932e+02  
3.455107e-02 2.116940e+02 | 1.788322e+02 2.925563e+02 | 1.524561e+02 5.013871e+02  
4.124626e-02 2.873209e+02 | 2.425062e+02 4.116340e+02 | 2.074296e+02 7.199822e+02  
4.923883e-02 3.898481e+02 | 3.221178e+02 5.790176e+02 | 2.782636e+02 1.021284e+03  
5.878016e-02 5.272708e+02 | 4.279324e+02 8.044758e+02 | 3.732273e+02 1.437545e+03  
7.017038e-02 7.163438e+02 | 5.650411e+02 1.116130e+03 | 4.653963e+02 2.051382e+03  
8.376776e-02 9.673317e+02 | 7.328848e+02 1.561293e+03 | 5.935542e+02 2.906128e+03  
1.000000e-01 1.295118e+03 | 9.379913e+02 2.164546e+03 | 7.393843e+02 4.128863e+03  
1.193777e-01 1.717871e+03 | 1.187551e+03 2.971259e+03 | 9.308001e+02 5.764060e+03  
1.425103e-01 2.242058e+03 | 1.481019e+03 4.071874e+03 | 1.126649e+03 8.182372e+03  
1.701254e-01 2.896907e+03 | 1.836530e+03 5.546422e+03 | 1.346339e+03 1.138275e+04  
2.030918e-01 3.718169e+03 | 2.244927e+03 7.551583e+03 | 1.556626e+03 1.591657e+04  
2.424462e-01 4.792485e+03 | 2.720239e+03 1.035773e+04 | 1.726989e+03 2.221284e+04  
2.894266e-01 6.040211e+03 | 3.163419e+03 1.372683e+04 | 1.932454e+03 3.045928e+04  
3.455107e-01 7.580957e+03 | 3.713142e+03 1.795363e+04 | 2.126841e+03 4.322672e+04  
4.124626e-01 9.197910e+03 | 4.324378e+03 2.355186e+04 | 2.241956e+03 5.856605e+04  
4.923883e-01 1.139286e+04 | 4.913141e+03 3.058117e+04 | 2.373527e+03 7.951518e+04  
5.878016e-01 1.338593e+04 | 5.353593e+03 3.898114e+04 | 2.446313e+03 1.041022e+05  
7.017038e-01 1.561669e+04 | 5.845956e+03 4.926202e+04 | 2.492446e+03 1.381120e+05  
8.376776e-01 1.816766e+04 | 6.083043e+03 6.009040e+04 | 2.494523e+03 1.775648e+05  
1.000000e+00 2.106046e+04 | 6.284793e+03 7.298029e+04 | 2.462856e+03 2.216684e+05  
1.193777e+00 2.335683e+04 | 6.426460e+03 8.673677e+04 | 2.525056e+03 2.799555e+05  
1.425103e+00 2.600455e+04 | 6.531498e+03 1.013966e+05 | 2.448298e+03 3.455194e+05  
1.701254e+00 2.890434e+04 | 6.619983e+03 1.161215e+05 | 2.499101e+03 4.166555e+05  
2.030918e+00 3.149930e+04 | 6.695955e+03 1.337009e+05 | 2.506837e+03 4.997496e+05  
2.424462e+00 3.395370e+04 | 6.714072e+03 1.458677e+05 | 2.516030e+03 5.615773e+05  
2.894266e+00 3.594426e+04 | 6.797781e+03 1.607283e+05 | 2.464117e+03 6.128845e+05  
3.455107e+00 3.753452e+04 | 6.808310e+03 1.750001e+05 | 2.486270e+03 6.599568e+05  
4.124626e+00 3.871346e+04 | 6.846792e+03 1.901722e+05 | 2.525503e+03 7.197888e+05  
4.923883e+00 4.024807e+04 | 6.753596e+03 2.038922e+05 | 2.503642e+03 8.008430e+05  
5.878016e+00 4.078378e+04 | 6.757307e+03 2.156394e+05 | 2.513762e+03 8.417572e+05  
7.017038e+00 4.100990e+04 | 6.779803e+03 2.315255e+05 | 2.514364e+03 9.076666e+05  
8.376776e+00 4.102332e+04 | 6.798354e+03 2.472586e+05 | 2.529456e+03 9.246645e+05  
1.000000e+01 4.092890e+04 | 6.818040e+03 2.562785e+05 | 2.449577e+03 9.768843e+05  
