
x= #alpha_{int} [deg] ,  y= D(#alpha_{int}) [M_{#odot} kpc^{-2}]
     x       y_pdf_median |   CL_lo_PDF   CL_up_PDF
                          |          68.0% CL         |          95.0% CL          
1.000000e-02 2.277518e+00 | 3.653314e-01 9.737161e+00 | 5.845474e-02 2.616555e+01  
1.193777e-02 3.200591e+00 | 5.126966e-01 1.379977e+01 | 8.178517e-02 3.586158e+01  
1.425103e-02 4.536314e+00 | 7.250046e-01 1.934503e+01 | 1.151985e-01 5.006140e+01  
1.701254e-02 6.310288e+00 | 1.009059e+00 2.693348e+01 | 1.591285e-01 7.043442e+01  
2.030918e-02 8.590463e+00 | 1.423943e+00 3.685543e+01 | 2.191387e-01 1.008183e+02  
2.424462e-02 1.206636e+01 | 1.975958e+00 5.174499e+01 | 3.092027e-01 1.440970e+02  
2.894266e-02 1.686165e+01 | 2.728540e+00 7.184122e+01 | 4.228796e-01 2.030390e+02  
3.455107e-02 2.318244e+01 | 3.776399e+00 9.938103e+01 | 5.954153e-01 2.884814e+02  
4.124626e-02 3.202083e+01 | 5.192082e+00 1.375705e+02 | 7.726769e-01 4.094717e+02  
4.923883e-02 4.397346e+01 | 7.156357e+00 1.901084e+02 | 1.007231e+00 5.750976e+02  
5.878016e-02 5.980866e+01 | 9.711545e+00 2.616328e+02 | 1.379559e+00 8.138622e+02  
7.017038e-02 8.124866e+01 | 1.303824e+01 3.541827e+02 | 1.766073e+00 1.141107e+03  
8.376776e-02 1.063640e+02 | 1.761337e+01 4.956923e+02 | 2.208568e+00 1.611961e+03  
1.000000e-01 1.420393e+02 | 2.312145e+01 6.789910e+02 | 2.636496e+00 2.294968e+03  
1.193777e-01 1.881697e+02 | 2.972960e+01 9.239106e+02 | 3.305831e+00 3.219424e+03  
1.425103e-01 2.487150e+02 | 3.841171e+01 1.234552e+03 | 3.821255e+00 4.468417e+03  
1.701254e-01 3.243424e+02 | 4.852475e+01 1.683446e+03 | 4.429022e+00 6.241361e+03  
2.030918e-01 4.169091e+02 | 5.932130e+01 2.241795e+03 | 4.823985e+00 8.806871e+03  
2.424462e-01 5.325291e+02 | 7.397194e+01 2.989175e+03 | 5.522990e+00 1.230318e+04  
2.894266e-01 6.549334e+02 | 8.855910e+01 3.925423e+03 | 5.650459e+00 1.718230e+04  
3.455107e-01 8.096341e+02 | 1.046618e+02 5.098419e+03 | 5.857610e+00 2.343794e+04  
4.124626e-01 9.759022e+02 | 1.177028e+02 6.539989e+03 | 5.830358e+00 3.203382e+04  
4.923883e-01 1.198655e+03 | 1.303875e+02 8.517120e+03 | 5.816251e+00 4.376610e+04  
5.878016e-01 1.449548e+03 | 1.431870e+02 1.115470e+04 | 5.951223e+00 6.063010e+04  
7.017038e-01 1.633590e+03 | 1.551989e+02 1.446691e+04 | 5.927825e+00 8.520865e+04  
8.376776e-01 1.879928e+03 | 1.640950e+02 1.786580e+04 | 5.979004e+00 1.129759e+05  
1.000000e+00 2.086565e+03 | 1.682750e+02 2.202301e+04 | 5.996674e+00 1.516059e+05  
1.193777e+00 2.307905e+03 | 1.677418e+02 2.658461e+04 | 5.939338e+00 2.000199e+05  
1.425103e+00 2.525634e+03 | 1.681150e+02 3.129749e+04 | 5.921488e+00 2.501785e+05  
1.701254e+00 2.726343e+03 | 1.684023e+02 3.588255e+04 | 5.713865e+00 3.216345e+05  
2.030918e+00 2.879834e+03 | 1.681990e+02 4.077926e+04 | 5.947971e+00 3.861106e+05  
2.424462e+00 3.011362e+03 | 1.663828e+02 4.722691e+04 | 5.828633e+00 4.550166e+05  
2.894266e+00 3.048884e+03 | 1.673257e+02 5.174350e+04 | 5.900188e+00 5.415613e+05  
3.455107e+00 3.050870e+03 | 1.674323e+02 5.680379e+04 | 5.713079e+00 5.837004e+05  
4.124626e+00 3.056767e+03 | 1.700420e+02 6.233131e+04 | 5.892611e+00 6.786657e+05  
4.923883e+00 3.034940e+03 | 1.687428e+02 6.846708e+04 | 5.804519e+00 7.551356e+05  
5.878016e+00 3.046631e+03 | 1.675423e+02 7.284852e+04 | 5.696240e+00 8.475196e+05  
7.017038e+00 3.044118e+03 | 1.663216e+02 7.613417e+04 | 5.672026e+00 8.702567e+05  
8.376776e+00 3.038628e+03 | 1.685692e+02 7.520957e+04 | 5.736271e+00 9.262571e+05  
1.000000e+01 3.075118e+03 | 1.695350e+02 7.589919e+04 | 5.778571e+00 9.662039e+05  
