
x= #alpha_{int} [deg] ,  y= J(#alpha_{int}) [M_{#odot}^{2} kpc^{-5}]
     x       y_pdf_median |   CL_lo_PDF   CL_up_PDF
                          |          68.0% CL         |          95.0% CL          
1.000000e-02 2.602922e+09 | 1.476522e+09 9.910572e+09 | 1.021506e+09 3.039655e+10  
1.193777e-02 3.551649e+09 | 2.074621e+09 1.227375e+10 | 1.456979e+09 3.500130e+10  
1.425103e-02 4.781289e+09 | 2.899670e+09 1.499159e+10 | 2.052045e+09 4.139321e+10  
1.701254e-02 6.483046e+09 | 4.049710e+09 1.836294e+10 | 2.861661e+09 4.727914e+10  
2.030918e-02 8.775974e+09 | 5.656065e+09 2.248796e+10 | 4.026454e+09 5.327219e+10  
2.424462e-02 1.163229e+10 | 7.757245e+09 2.678796e+10 | 5.595713e+09 5.879152e+10  
2.894266e-02 1.546142e+10 | 1.061770e+10 3.192808e+10 | 7.699978e+09 6.668915e+10  
3.455107e-02 2.020166e+10 | 1.434833e+10 3.796405e+10 | 1.074886e+10 7.351595e+10  
4.124626e-02 2.616423e+10 | 1.930612e+10 4.468487e+10 | 1.471314e+10 8.060725e+10  
4.923883e-02 3.399544e+10 | 2.492496e+10 5.357278e+10 | 1.953018e+10 8.764167e+10  
5.878016e-02 4.274232e+10 | 3.209387e+10 6.257280e+10 | 2.550153e+10 9.725654e+10  
7.017038e-02 5.277525e+10 | 3.996279e+10 7.383880e+10 | 3.250837e+10 1.107493e+11  
8.376776e-02 6.502242e+10 | 4.901512e+10 8.878805e+10 | 3.955521e+10 1.394887e+11  
1.000000e-01 7.738285e+10 | 5.841723e+10 1.089377e+11 | 4.569764e+10 1.868975e+11  
1.193777e-01 8.900721e+10 | 6.671329e+10 1.321807e+11 | 5.230471e+10 2.488669e+11  
1.425103e-01 1.021019e+11 | 7.504796e+10 1.640059e+11 | 5.929042e+10 3.422250e+11  
1.701254e-01 1.138661e+11 | 8.298063e+10 2.013344e+11 | 6.486785e+10 4.624756e+11  
2.030918e-01 1.238734e+11 | 8.909696e+10 2.459024e+11 | 6.898152e+10 6.216083e+11  
2.424462e-01 1.340607e+11 | 9.403522e+10 2.992581e+11 | 7.014743e+10 8.290570e+11  
2.894266e-01 1.446149e+11 | 9.764804e+10 3.519976e+11 | 7.160228e+10 1.089542e+12  
3.455107e-01 1.537108e+11 | 1.011674e+11 4.120985e+11 | 7.194178e+10 1.402435e+12  
4.124626e-01 1.611017e+11 | 1.034415e+11 4.750336e+11 | 7.177094e+10 1.796851e+12  
4.923883e-01 1.697082e+11 | 1.040295e+11 5.310375e+11 | 7.145812e+10 2.203788e+12  
5.878016e-01 1.761182e+11 | 1.049599e+11 5.877300e+11 | 7.233015e+10 2.646601e+12  
7.017038e-01 1.806318e+11 | 1.054890e+11 6.374389e+11 | 7.167116e+10 3.180223e+12  
8.376776e-01 1.832203e+11 | 1.064822e+11 6.880256e+11 | 7.205591e+10 3.673283e+12  
1.000000e+00 1.867854e+11 | 1.059269e+11 7.297921e+11 | 7.249340e+10 4.129302e+12  
1.193777e+00 1.875956e+11 | 1.064826e+11 7.583029e+11 | 7.102810e+10 4.682230e+12  
1.425103e+00 1.892618e+11 | 1.061757e+11 7.764967e+11 | 7.077948e+10 4.947850e+12  
1.701254e+00 1.896127e+11 | 1.068114e+11 7.961026e+11 | 7.091742e+10 5.306692e+12  
2.030918e+00 1.892002e+11 | 1.058910e+11 8.153578e+11 | 7.128867e+10 5.522619e+12  
2.424462e+00 1.901103e+11 | 1.061690e+11 8.226545e+11 | 7.136986e+10 5.430437e+12  
2.894266e+00 1.910773e+11 | 1.066940e+11 8.409127e+11 | 7.126284e+10 5.597087e+12  
3.455107e+00 1.903292e+11 | 1.066191e+11 8.372127e+11 | 7.122847e+10 5.555678e+12  
4.124626e+00 1.908762e+11 | 1.066417e+11 8.294687e+11 | 7.143567e+10 5.572556e+12  
4.923883e+00 1.912426e+11 | 1.064770e+11 8.322701e+11 | 7.145965e+10 5.535347e+12  
5.878016e+00 1.913251e+11 | 1.064478e+11 8.466698e+11 | 7.131605e+10 5.468991e+12  
7.017038e+00 1.908114e+11 | 1.067567e+11 8.473494e+11 | 7.146574e+10 5.608454e+12  
8.376776e+00 1.915406e+11 | 1.065132e+11 8.487241e+11 | 7.133496e+10 5.684920e+12  
1.000000e+01 1.910488e+11 | 1.067874e+11 8.476958e+11 | 7.146896e+10 5.612307e+12  
