
x= #alpha_{int} [deg] ,  y= D(#alpha_{int}) [M_{#odot} kpc^{-2}]
     x       y_pdf_median |   CL_lo_PDF   CL_up_PDF
                          |          68.0% CL         |          95.0% CL          
1.000000e-02 3.100973e+01 | 2.510593e+01 4.113530e+01 | 2.014130e+01 7.090558e+01  
1.193777e-02 4.289732e+01 | 3.506163e+01 5.570218e+01 | 2.811329e+01 9.997347e+01  
1.425103e-02 5.881596e+01 | 4.866299e+01 7.686897e+01 | 3.867011e+01 1.432214e+02  
1.701254e-02 8.027325e+01 | 6.643241e+01 1.053224e+02 | 5.363273e+01 2.038111e+02  
2.030918e-02 1.097701e+02 | 9.081252e+01 1.474127e+02 | 7.439648e+01 2.936028e+02  
2.424462e-02 1.490290e+02 | 1.218775e+02 2.071388e+02 | 1.013612e+02 4.335261e+02  
2.894266e-02 2.002085e+02 | 1.627334e+02 2.893257e+02 | 1.359441e+02 6.198921e+02  
3.455107e-02 2.703411e+02 | 2.138770e+02 4.067306e+02 | 1.803948e+02 9.391925e+02  
4.124626e-02 3.619890e+02 | 2.809212e+02 5.710188e+02 | 2.340373e+02 1.361009e+03  
4.923883e-02 4.792442e+02 | 3.644977e+02 7.947566e+02 | 2.996722e+02 1.935361e+03  
5.878016e-02 6.391498e+02 | 4.686844e+02 1.105955e+03 | 3.782852e+02 2.740960e+03  
7.017038e-02 8.467102e+02 | 5.996083e+02 1.536731e+03 | 4.733692e+02 3.858210e+03  
8.376776e-02 1.106683e+03 | 7.530577e+02 2.118891e+03 | 5.845412e+02 5.528776e+03  
1.000000e-01 1.433130e+03 | 9.291631e+02 2.901242e+03 | 7.165047e+02 7.846573e+03  
1.193777e-01 1.835085e+03 | 1.149793e+03 3.955896e+03 | 8.658113e+02 1.093233e+04  
1.425103e-01 2.352046e+03 | 1.401158e+03 5.347694e+03 | 1.034014e+03 1.556441e+04  
1.701254e-01 2.987151e+03 | 1.685608e+03 7.191733e+03 | 1.227447e+03 2.167890e+04  
2.030918e-01 3.694024e+03 | 1.988770e+03 9.526582e+03 | 1.430416e+03 3.065082e+04  
2.424462e-01 4.510305e+03 | 2.326151e+03 1.287835e+04 | 1.619262e+03 4.240116e+04  
2.894266e-01 5.508788e+03 | 2.659332e+03 1.673998e+04 | 1.796502e+03 5.861275e+04  
3.455107e-01 6.687800e+03 | 3.037814e+03 2.156790e+04 | 1.978525e+03 8.120880e+04  
4.124626e-01 7.974179e+03 | 3.436839e+03 2.775879e+04 | 2.165123e+03 1.097069e+05  
4.923883e-01 9.412417e+03 | 3.788828e+03 3.514037e+04 | 2.305413e+03 1.464657e+05  
5.878016e-01 1.080609e+04 | 4.109469e+03 4.349279e+04 | 2.380000e+03 1.984977e+05  
7.017038e-01 1.259162e+04 | 4.444180e+03 5.286995e+04 | 2.462613e+03 2.578526e+05  
8.376776e-01 1.421429e+04 | 4.727696e+03 6.370674e+04 | 2.481305e+03 3.357171e+05  
1.000000e+00 1.601167e+04 | 5.011958e+03 7.406480e+04 | 2.513064e+03 4.261260e+05  
1.193777e+00 1.750501e+04 | 5.227650e+03 8.796945e+04 | 2.544213e+03 5.349217e+05  
1.425103e+00 1.922592e+04 | 5.391189e+03 1.033507e+05 | 2.534708e+03 6.625978e+05  
1.701254e+00 2.104657e+04 | 5.524387e+03 1.177905e+05 | 2.541346e+03 7.925797e+05  
2.030918e+00 2.247874e+04 | 5.555088e+03 1.321202e+05 | 2.582302e+03 9.295498e+05  
2.424462e+00 2.352344e+04 | 5.558586e+03 1.475220e+05 | 2.534367e+03 1.066923e+06  
2.894266e+00 2.497657e+04 | 5.573410e+03 1.624468e+05 | 2.536396e+03 1.238501e+06  
3.455107e+00 2.565848e+04 | 5.536447e+03 1.768262e+05 | 2.526840e+03 1.333598e+06  
4.124626e+00 2.685835e+04 | 5.565928e+03 1.905835e+05 | 2.548116e+03 1.448809e+06  
4.923883e+00 2.710256e+04 | 5.525742e+03 2.066641e+05 | 2.536128e+03 1.628208e+06  
5.878016e+00 2.724771e+04 | 5.570904e+03 2.230634e+05 | 2.525355e+03 1.806743e+06  
7.017038e+00 2.705749e+04 | 5.543416e+03 2.297499e+05 | 2.534034e+03 1.979785e+06  
8.376776e+00 2.732948e+04 | 5.534777e+03 2.377150e+05 | 2.536881e+03 2.162859e+06  
1.000000e+01 2.721040e+04 | 5.538856e+03 2.424144e+05 | 2.541539e+03 2.193659e+06  
