
x= #alpha_{int} [deg] ,  y= J(#alpha_{int}) [M_{#odot}^{2} kpc^{-5}]
     x       y_pdf_median |   CL_lo_PDF   CL_up_PDF
                          |          68.0% CL         |          95.0% CL          
1.000000e-02 9.045365e+09 | 3.044566e+09 2.725802e+10 | 1.088228e+09 7.298474e+10  
1.193777e-02 1.154642e+10 | 3.943138e+09 3.365529e+10 | 1.459675e+09 8.780781e+10  
1.425103e-02 1.440614e+10 | 5.216210e+09 4.181582e+10 | 1.944400e+09 1.080506e+11  
1.701254e-02 1.800304e+10 | 6.715241e+09 5.021115e+10 | 2.546167e+09 1.341612e+11  
2.030918e-02 2.238868e+10 | 8.528483e+09 6.147303e+10 | 3.192923e+09 1.635056e+11  
2.424462e-02 2.725872e+10 | 1.050699e+10 7.772681e+10 | 4.017808e+09 2.048554e+11  
2.894266e-02 3.161028e+10 | 1.224036e+10 9.069628e+10 | 4.894875e+09 2.631162e+11  
3.455107e-02 3.680379e+10 | 1.444235e+10 1.105079e+11 | 5.811176e+09 3.442243e+11  
4.124626e-02 4.275338e+10 | 1.708040e+10 1.332809e+11 | 6.733729e+09 4.608954e+11  
4.923883e-02 4.891594e+10 | 1.947305e+10 1.599275e+11 | 7.897388e+09 6.068141e+11  
5.878016e-02 5.523634e+10 | 2.098947e+10 1.922240e+11 | 8.668683e+09 8.579792e+11  
7.017038e-02 6.140770e+10 | 2.237453e+10 2.278548e+11 | 9.008009e+09 1.092664e+12  
8.376776e-02 6.911913e+10 | 2.419530e+10 2.823515e+11 | 9.385200e+09 1.443079e+12  
1.000000e-01 7.582489e+10 | 2.520483e+10 3.289178e+11 | 9.640581e+09 1.930824e+12  
1.193777e-01 8.154462e+10 | 2.611095e+10 3.925688e+11 | 9.852106e+09 2.537186e+12  
1.425103e-01 8.677021e+10 | 2.692000e+10 4.537313e+11 | 1.000536e+10 3.225238e+12  
1.701254e-01 9.118838e+10 | 2.774245e+10 5.395120e+11 | 1.030527e+10 4.212393e+12  
2.030918e-01 9.463618e+10 | 2.786695e+10 6.031324e+11 | 1.047255e+10 5.122313e+12  
2.424462e-01 9.659570e+10 | 2.799141e+10 6.790138e+11 | 1.044208e+10 6.563956e+12  
2.894266e-01 9.941847e+10 | 2.806176e+10 7.478091e+11 | 1.061343e+10 7.733885e+12  
3.455107e-01 1.011532e+11 | 2.859190e+10 7.978305e+11 | 1.081382e+10 9.494802e+12  
4.124626e-01 1.015879e+11 | 2.865540e+10 8.786504e+11 | 1.063031e+10 1.134235e+13  
4.923883e-01 1.024151e+11 | 2.878764e+10 9.265021e+11 | 1.061779e+10 1.342782e+13  
5.878016e-01 1.027566e+11 | 2.865152e+10 9.717045e+11 | 1.075701e+10 1.445218e+13  
7.017038e-01 1.034381e+11 | 2.875857e+10 1.014040e+12 | 1.077840e+10 1.581006e+13  
8.376776e-01 1.038452e+11 | 2.895227e+10 1.022839e+12 | 1.081071e+10 1.643335e+13  
1.000000e+00 1.036024e+11 | 2.888614e+10 1.037471e+12 | 1.079811e+10 1.811556e+13  
1.193777e+00 1.039528e+11 | 2.894008e+10 1.058862e+12 | 1.064334e+10 1.803731e+13  
1.425103e+00 1.043074e+11 | 2.899332e+10 1.062378e+12 | 1.064970e+10 1.812755e+13  
1.701254e+00 1.041733e+11 | 2.892194e+10 1.062808e+12 | 1.063075e+10 1.871627e+13  
2.030918e+00 1.043085e+11 | 2.900931e+10 1.068479e+12 | 1.065613e+10 1.887243e+13  
2.424462e+00 1.043852e+11 | 2.911522e+10 1.079083e+12 | 1.067965e+10 1.922514e+13  
2.894266e+00 1.046307e+11 | 2.903825e+10 1.076214e+12 | 1.068737e+10 1.934217e+13  
3.455107e+00 1.043960e+11 | 2.905200e+10 1.073685e+12 | 1.068992e+10 1.938093e+13  
4.124626e+00 1.044008e+11 | 2.902387e+10 1.074725e+12 | 1.068471e+10 1.930169e+13  
4.923883e+00 1.044353e+11 | 2.905869e+10 1.074375e+12 | 1.069116e+10 1.939980e+13  
5.878016e+00 1.044485e+11 | 2.906092e+10 1.074606e+12 | 1.069157e+10 1.940611e+13  
7.017038e+00 1.044291e+11 | 2.905763e+10 1.074265e+12 | 1.069096e+10 1.939681e+13  
8.376776e+00 1.044346e+11 | 2.905856e+10 1.074362e+12 | 1.069114e+10 1.939944e+13  
1.000000e+01 1.046855e+11 | 2.902077e+10 1.074405e+12 | 1.068413e+10 1.929298e+13  
