
x= #alpha_{int} [deg] ,  y= D(#alpha_{int}) [M_{#odot} kpc^{-2}]
     x       y_pdf_median |   CL_lo_PDF   CL_up_PDF
                          |          68.0% CL         |          95.0% CL          
1.000000e-02 2.144057e+00 | 6.371093e-01 7.742237e+00 | 1.427146e-01 3.521818e+01  
1.193777e-02 3.006982e+00 | 9.067272e-01 1.101130e+01 | 2.014408e-01 5.087498e+01  
1.425103e-02 4.223765e+00 | 1.287873e+00 1.507981e+01 | 2.853790e-01 7.065043e+01  
1.701254e-02 5.840063e+00 | 1.830575e+00 2.102685e+01 | 4.019426e-01 9.777074e+01  
2.030918e-02 8.072616e+00 | 2.552762e+00 2.988625e+01 | 5.654709e-01 1.365739e+02  
2.424462e-02 1.131254e+01 | 3.502151e+00 4.178527e+01 | 7.844964e-01 1.926654e+02  
2.894266e-02 1.555081e+01 | 4.851536e+00 5.749142e+01 | 1.103640e+00 2.780901e+02  
3.455107e-02 2.160459e+01 | 6.718744e+00 7.908900e+01 | 1.538842e+00 3.973606e+02  
4.124626e-02 2.947256e+01 | 9.182598e+00 1.084995e+02 | 2.110803e+00 5.562399e+02  
4.923883e-02 3.983056e+01 | 1.242161e+01 1.504543e+02 | 2.755621e+00 7.959882e+02  
5.878016e-02 5.427783e+01 | 1.679336e+01 2.066228e+02 | 3.570476e+00 1.123555e+03  
7.017038e-02 7.315313e+01 | 2.197810e+01 2.860071e+02 | 4.674527e+00 1.553513e+03  
8.376776e-02 9.823268e+01 | 2.877273e+01 3.959692e+02 | 6.013773e+00 2.249914e+03  
1.000000e-01 1.322158e+02 | 3.753573e+01 5.392249e+02 | 7.771895e+00 3.142177e+03  
1.193777e-01 1.746020e+02 | 4.831043e+01 7.302728e+02 | 8.913516e+00 4.470865e+03  
1.425103e-01 2.293726e+02 | 6.119861e+01 9.930230e+02 | 1.049626e+01 5.984574e+03  
1.701254e-01 2.966859e+02 | 7.477291e+01 1.355366e+03 | 1.140084e+01 8.333381e+03  
2.030918e-01 3.916228e+02 | 9.112133e+01 1.833199e+03 | 1.253390e+01 1.164285e+04  
2.424462e-01 5.103940e+02 | 1.107745e+02 2.535027e+03 | 1.540299e+01 1.611963e+04  
2.894266e-01 6.537878e+02 | 1.335119e+02 3.352606e+03 | 1.751597e+01 2.197506e+04  
3.455107e-01 8.373294e+02 | 1.533570e+02 4.407836e+03 | 1.948156e+01 2.892548e+04  
4.124626e-01 1.048997e+03 | 1.711110e+02 5.817905e+03 | 2.161964e+01 3.871631e+04  
4.923883e-01 1.306687e+03 | 1.943758e+02 7.578151e+03 | 2.229935e+01 5.327947e+04  
5.878016e-01 1.566225e+03 | 2.194214e+02 1.001169e+04 | 2.312172e+01 6.971310e+04  
7.017038e-01 1.855459e+03 | 2.260222e+02 1.283901e+04 | 2.263459e+01 8.723386e+04  
8.376776e-01 2.218455e+03 | 2.308012e+02 1.612027e+04 | 2.246813e+01 1.173553e+05  
1.000000e+00 2.607628e+03 | 2.393164e+02 2.052952e+04 | 2.285594e+01 1.438479e+05  
1.193777e+00 2.976849e+03 | 2.394005e+02 2.455435e+04 | 2.294680e+01 1.867785e+05  
1.425103e+00 3.306059e+03 | 2.374979e+02 2.930048e+04 | 2.274175e+01 2.437841e+05  
1.701254e+00 3.609336e+03 | 2.401231e+02 3.481660e+04 | 2.325395e+01 2.962370e+05  
2.030918e+00 3.817732e+03 | 2.380039e+02 4.148814e+04 | 2.220115e+01 3.640967e+05  
2.424462e+00 3.932709e+03 | 2.391317e+02 4.695994e+04 | 2.244045e+01 4.268500e+05  
2.894266e+00 3.990112e+03 | 2.354871e+02 5.313775e+04 | 2.247507e+01 4.931261e+05  
3.455107e+00 3.992656e+03 | 2.355794e+02 5.931224e+04 | 2.230867e+01 5.469242e+05  
4.124626e+00 4.004316e+03 | 2.367681e+02 6.443534e+04 | 2.322433e+01 5.922554e+05  
4.923883e+00 3.999760e+03 | 2.396661e+02 6.994501e+04 | 2.267322e+01 6.480898e+05  
5.878016e+00 3.987660e+03 | 2.371872e+02 7.177578e+04 | 2.258988e+01 6.290311e+05  
7.017038e+00 3.924372e+03 | 2.351810e+02 7.378635e+04 | 2.235962e+01 6.813391e+05  
8.376776e+00 4.001464e+03 | 2.369443e+02 7.323731e+04 | 2.262546e+01 6.941229e+05  
1.000000e+01 4.034718e+03 | 2.383372e+02 7.300542e+04 | 2.279356e+01 7.117451e+05  
