
x= #alpha_{int} [deg] ,  y= D(#alpha_{int}) [M_{#odot} kpc^{-2}]
     x       y_pdf_median |   CL_lo_PDF   CL_up_PDF
                          |          68.0% CL         |          95.0% CL          
1.000000e-02 2.924469e+01 | 1.910585e+01 4.728084e+01 | 1.591120e+01 7.030402e+01  
1.193777e-02 4.084596e+01 | 2.715346e+01 6.402215e+01 | 2.244793e+01 9.292642e+01  
1.425103e-02 5.706871e+01 | 3.847677e+01 8.662267e+01 | 3.202415e+01 1.215134e+02  
1.701254e-02 7.877509e+01 | 5.451854e+01 1.166626e+02 | 4.564339e+01 1.598076e+02  
2.030918e-02 1.089109e+02 | 7.695436e+01 1.559721e+02 | 6.501024e+01 2.088873e+02  
2.424462e-02 1.505816e+02 | 1.085046e+02 2.094594e+02 | 9.215946e+01 2.712063e+02  
2.894266e-02 2.057151e+02 | 1.527830e+02 2.789632e+02 | 1.299820e+02 3.509800e+02  
3.455107e-02 2.820416e+02 | 2.147485e+02 3.681438e+02 | 1.835206e+02 4.492851e+02  
4.124626e-02 3.841789e+02 | 3.002011e+02 4.851861e+02 | 2.577014e+02 5.755223e+02  
4.923883e-02 5.170725e+02 | 4.186433e+02 6.352934e+02 | 3.616381e+02 7.321062e+02  
5.878016e-02 6.913823e+02 | 5.769099e+02 8.194003e+02 | 5.073992e+02 9.227360e+02  
7.017038e-02 9.211467e+02 | 7.929871e+02 1.064330e+03 | 7.054941e+02 1.178121e+03  
8.376776e-02 1.223998e+03 | 1.081855e+03 1.369804e+03 | 9.823302e+02 1.514752e+03  
1.000000e-01 1.606531e+03 | 1.456985e+03 1.751398e+03 | 1.353542e+03 1.908578e+03  
1.193777e-01 2.098368e+03 | 1.943562e+03 2.252085e+03 | 1.820639e+03 2.390868e+03  
1.425103e-01 2.696168e+03 | 2.544763e+03 2.888394e+03 | 2.389300e+03 3.123054e+03  
1.701254e-01 3.440289e+03 | 3.242214e+03 3.710941e+03 | 3.035075e+03 4.138152e+03  
2.030918e-01 4.357398e+03 | 4.044792e+03 4.778847e+03 | 3.758649e+03 5.417510e+03  
2.424462e-01 5.494495e+03 | 4.967633e+03 6.212447e+03 | 4.556008e+03 7.353277e+03  
2.894266e-01 6.780427e+03 | 5.977729e+03 7.864222e+03 | 5.460106e+03 9.568968e+03  
3.455107e-01 8.255614e+03 | 7.143298e+03 9.906386e+03 | 6.469807e+03 1.248560e+04  
4.124626e-01 9.938130e+03 | 8.402337e+03 1.229409e+04 | 7.561546e+03 1.584042e+04  
4.923883e-01 1.183652e+04 | 9.780628e+03 1.512076e+04 | 8.680566e+03 2.012001e+04  
5.878016e-01 1.379241e+04 | 1.115572e+04 1.838047e+04 | 9.664498e+03 2.562731e+04  
7.017038e-01 1.580171e+04 | 1.249180e+04 2.182676e+04 | 1.061556e+04 3.197230e+04  
8.376776e-01 1.793355e+04 | 1.377050e+04 2.571910e+04 | 1.148304e+04 3.831999e+04  
1.000000e+00 2.021164e+04 | 1.513216e+04 3.016711e+04 | 1.215094e+04 4.625996e+04  
1.193777e+00 2.241218e+04 | 1.607790e+04 3.482038e+04 | 1.252773e+04 5.539347e+04  
1.425103e+00 2.435894e+04 | 1.697213e+04 4.021543e+04 | 1.275878e+04 6.740630e+04  
1.701254e+00 2.598228e+04 | 1.722458e+04 4.513648e+04 | 1.290344e+04 7.958406e+04  
2.030918e+00 2.757888e+04 | 1.743710e+04 5.012846e+04 | 1.292285e+04 9.270481e+04  
2.424462e+00 2.882715e+04 | 1.767122e+04 5.508265e+04 | 1.300333e+04 1.086748e+05  
2.894266e+00 2.927313e+04 | 1.765168e+04 6.015968e+04 | 1.289481e+04 1.270804e+05  
3.455107e+00 2.961902e+04 | 1.762111e+04 6.502061e+04 | 1.291956e+04 1.467247e+05  
4.124626e+00 2.941076e+04 | 1.764915e+04 6.846635e+04 | 1.295667e+04 1.631358e+05  
4.923883e+00 2.944900e+04 | 1.766287e+04 6.954977e+04 | 1.298300e+04 1.755695e+05  
5.878016e+00 2.960238e+04 | 1.770846e+04 6.925598e+04 | 1.292330e+04 1.860393e+05  
7.017038e+00 2.953587e+04 | 1.767430e+04 6.975834e+04 | 1.290695e+04 1.847305e+05  
8.376776e+00 2.949741e+04 | 1.765800e+04 6.968384e+04 | 1.290732e+04 1.835563e+05  
1.000000e+01 2.959284e+04 | 1.769617e+04 6.920455e+04 | 1.291784e+04 1.857354e+05  
