
x= #alpha_{int} [deg] ,  y= D(#alpha_{int}) [M_{#odot} kpc^{-2}]
     x       y_pdf_median |   CL_lo_PDF   CL_up_PDF
                          |          68.0% CL         |          95.0% CL          
1.000000e-02 2.011427e+00 | 1.314849e-01 2.179828e+01 | 1.450864e-02 1.260875e+02  
1.193777e-02 2.858860e+00 | 1.851585e-01 3.077766e+01 | 2.026659e-02 1.797736e+02  
1.425103e-02 4.097529e+00 | 2.607853e-01 4.449898e+01 | 2.844737e-02 2.582501e+02  
1.701254e-02 5.828981e+00 | 3.626826e-01 6.260775e+01 | 3.903993e-02 3.697397e+02  
2.030918e-02 8.123472e+00 | 5.157780e-01 8.912137e+01 | 5.549635e-02 5.264945e+02  
2.424462e-02 1.158222e+01 | 7.186016e-01 1.267284e+02 | 7.532407e-02 7.524638e+02  
2.894266e-02 1.615701e+01 | 9.767202e-01 1.792871e+02 | 1.037847e-01 1.072552e+03  
3.455107e-02 2.272140e+01 | 1.361732e+00 2.515287e+02 | 1.382941e-01 1.537516e+03  
4.124626e-02 3.166887e+01 | 1.909923e+00 3.528386e+02 | 1.877758e-01 2.184655e+03  
4.923883e-02 4.415071e+01 | 2.683302e+00 4.968958e+02 | 2.464893e-01 3.099753e+03  
5.878016e-02 6.087147e+01 | 3.685255e+00 6.975098e+02 | 3.157465e-01 4.403194e+03  
7.017038e-02 8.442617e+01 | 5.129260e+00 9.795764e+02 | 4.137172e-01 6.249718e+03  
8.376776e-02 1.146510e+02 | 6.659950e+00 1.370536e+03 | 4.918869e-01 8.768677e+03  
1.000000e-01 1.551317e+02 | 8.933298e+00 1.894556e+03 | 5.110611e-01 1.247468e+04  
1.193777e-01 2.103654e+02 | 1.155094e+01 2.667667e+03 | 5.305398e-01 1.777149e+04  
1.425103e-01 2.825257e+02 | 1.546007e+01 3.684719e+03 | 4.928773e-01 2.492396e+04  
1.701254e-01 3.794889e+02 | 2.041481e+01 5.142273e+03 | 5.247103e-01 3.608187e+04  
2.030918e-01 5.092108e+02 | 2.594893e+01 7.137429e+03 | 4.988273e-01 5.120904e+04  
2.424462e-01 6.686774e+02 | 3.334323e+01 1.003614e+04 | 5.295698e-01 7.314823e+04  
2.894266e-01 8.775351e+02 | 4.110179e+01 1.385353e+04 | 5.294094e-01 1.010925e+05  
3.455107e-01 1.148725e+03 | 4.475102e+01 1.934874e+04 | 5.080408e-01 1.458048e+05  
4.124626e-01 1.470660e+03 | 4.885086e+01 2.718768e+04 | 5.164647e-01 2.092070e+05  
4.923883e-01 1.866333e+03 | 4.945311e+01 3.717501e+04 | 5.010182e-01 2.930136e+05  
5.878016e-01 2.332423e+03 | 4.998095e+01 5.073548e+04 | 5.191688e-01 4.129068e+05  
7.017038e-01 2.925785e+03 | 4.902317e+01 6.922600e+04 | 4.939573e-01 5.776225e+05  
8.376776e-01 3.581828e+03 | 4.971247e+01 9.537803e+04 | 5.056631e-01 7.978895e+05  
1.000000e+00 4.454346e+03 | 5.031060e+01 1.245977e+05 | 5.155844e-01 1.118772e+06  
1.193777e+00 5.032747e+03 | 5.024825e+01 1.659914e+05 | 5.056474e-01 1.614210e+06  
1.425103e+00 5.790163e+03 | 4.965541e+01 2.247226e+05 | 4.936982e-01 2.157757e+06  
1.701254e+00 6.519054e+03 | 4.988376e+01 2.905720e+05 | 4.998291e-01 2.965821e+06  
2.030918e+00 6.910094e+03 | 5.045619e+01 3.782393e+05 | 5.486765e-01 4.189031e+06  
2.424462e+00 7.098639e+03 | 4.921483e+01 4.800264e+05 | 5.265596e-01 5.736409e+06  
2.894266e+00 7.183342e+03 | 4.941570e+01 6.011068e+05 | 5.093450e-01 7.998406e+06  
3.455107e+00 7.394091e+03 | 4.978307e+01 7.581706e+05 | 5.354382e-01 1.071186e+07  
4.124626e+00 7.173728e+03 | 5.091408e+01 8.986520e+05 | 5.002371e-01 1.435506e+07  
4.923883e+00 7.153717e+03 | 5.002397e+01 1.018037e+06 | 5.185241e-01 1.877484e+07  
5.878016e+00 7.205612e+03 | 5.085936e+01 1.262434e+06 | 5.492852e-01 2.440250e+07  
7.017038e+00 7.159089e+03 | 4.991962e+01 1.473675e+06 | 5.006385e-01 3.365354e+07  
8.376776e+00 7.246823e+03 | 4.982810e+01 1.836976e+06 | 5.204725e-01 4.380317e+07  
1.000000e+01 7.167045e+03 | 5.063525e+01 2.059701e+06 | 5.474608e-01 5.753134e+07  
