
x= #alpha_{int} [deg] ,  y= D(#alpha_{int}) [M_{#odot} kpc^{-2}]
     x       y_pdf_median |   CL_lo_PDF   CL_up_PDF
                          |          68.0% CL         |          95.0% CL          
1.000000e-02 7.356559e+00 | 5.294181e+00 1.124133e+01 | 4.039903e+00 1.780198e+01  
1.193777e-02 1.043599e+01 | 7.532389e+00 1.571767e+01 | 5.770382e+00 2.445039e+01  
1.425103e-02 1.477536e+01 | 1.072148e+01 2.187351e+01 | 8.189540e+00 3.363862e+01  
1.701254e-02 2.087382e+01 | 1.521629e+01 3.065661e+01 | 1.161567e+01 4.635740e+01  
2.030918e-02 2.956589e+01 | 2.158684e+01 4.275963e+01 | 1.656823e+01 6.366866e+01  
2.424462e-02 4.169966e+01 | 3.057542e+01 5.965139e+01 | 2.350377e+01 8.846593e+01  
2.894266e-02 5.888480e+01 | 4.329676e+01 8.350933e+01 | 3.335416e+01 1.205106e+02  
3.455107e-02 8.274526e+01 | 6.141180e+01 1.160404e+02 | 4.750150e+01 1.649367e+02  
4.124626e-02 1.161096e+02 | 8.690226e+01 1.608571e+02 | 6.741019e+01 2.263068e+02  
4.923883e-02 1.629305e+02 | 1.229697e+02 2.215104e+02 | 9.543703e+01 3.067061e+02  
5.878016e-02 2.270855e+02 | 1.735288e+02 3.072808e+02 | 1.347585e+02 4.237470e+02  
7.017038e-02 3.147813e+02 | 2.427206e+02 4.200773e+02 | 1.885302e+02 5.958674e+02  
8.376776e-02 4.360527e+02 | 3.415934e+02 5.757890e+02 | 2.662395e+02 8.046163e+02  
1.000000e-01 6.024632e+02 | 4.762118e+02 7.938101e+02 | 3.733894e+02 1.083395e+03  
1.193777e-01 8.267722e+02 | 6.616776e+02 1.107692e+03 | 5.204251e+02 1.535541e+03  
1.425103e-01 1.134697e+03 | 9.071282e+02 1.531544e+03 | 7.229476e+02 2.182030e+03  
1.701254e-01 1.545865e+03 | 1.238895e+03 2.118906e+03 | 1.002955e+03 3.104249e+03  
2.030918e-01 2.093166e+03 | 1.674923e+03 2.909694e+03 | 1.372522e+03 4.375005e+03  
2.424462e-01 2.842661e+03 | 2.255718e+03 4.009535e+03 | 1.859780e+03 6.217893e+03  
2.894266e-01 3.802028e+03 | 2.971252e+03 5.579845e+03 | 2.418016e+03 8.768172e+03  
3.455107e-01 5.113767e+03 | 3.923953e+03 7.740685e+03 | 3.132507e+03 1.241503e+04  
4.124626e-01 6.823959e+03 | 5.109060e+03 1.070534e+04 | 3.958164e+03 1.754892e+04  
4.923883e-01 9.014883e+03 | 6.599048e+03 1.482084e+04 | 4.947818e+03 2.482822e+04  
5.878016e-01 1.179086e+04 | 8.317091e+03 2.029192e+04 | 6.135120e+03 3.499540e+04  
7.017038e-01 1.535994e+04 | 1.042368e+04 2.732405e+04 | 7.476371e+03 4.892350e+04  
8.376776e-01 1.972862e+04 | 1.275408e+04 3.675883e+04 | 9.100697e+03 6.884514e+04  
1.000000e+00 2.510806e+04 | 1.557160e+04 4.896208e+04 | 1.102901e+04 9.477961e+04  
1.193777e+00 3.172041e+04 | 1.883412e+04 6.436133e+04 | 1.274523e+04 1.306105e+05  
1.425103e+00 3.928776e+04 | 2.209667e+04 8.381436e+04 | 1.462072e+04 1.780820e+05  
1.701254e+00 4.794712e+04 | 2.601495e+04 1.080722e+05 | 1.631448e+04 2.423955e+05  
2.030918e+00 5.821653e+04 | 3.047370e+04 1.373694e+05 | 1.760388e+04 3.256533e+05  
2.424462e+00 7.013109e+04 | 3.492345e+04 1.722585e+05 | 1.874537e+04 4.404221e+05  
2.894266e+00 8.166707e+04 | 3.906136e+04 2.120599e+05 | 1.945352e+04 5.790851e+05  
3.455107e+00 9.341835e+04 | 4.200271e+04 2.599170e+05 | 1.991380e+04 7.568780e+05  
4.124626e+00 1.067822e+05 | 4.466201e+04 3.137868e+05 | 1.986867e+04 9.630189e+05  
4.923883e+00 1.182294e+05 | 4.567785e+04 3.656590e+05 | 1.980205e+04 1.181142e+06  
5.878016e+00 1.280674e+05 | 4.578589e+04 4.169782e+05 | 1.971836e+04 1.395445e+06  
7.017038e+00 1.309008e+05 | 4.633051e+04 4.674352e+05 | 1.999634e+04 1.685508e+06  
8.376776e+00 1.312107e+05 | 4.637546e+04 5.086684e+05 | 1.966632e+04 1.917274e+06  
1.000000e+01 1.311219e+05 | 4.563658e+04 5.322553e+05 | 1.978439e+04 2.204070e+06  
