
x= #alpha_{int} [deg] ,  y= J(#alpha_{int}) [M_{#odot}^{2} kpc^{-5}]
     x       y_pdf_median |   CL_lo_PDF   CL_up_PDF
                          |          68.0% CL         |          95.0% CL          
1.000000e-02 2.027796e+08 | 7.002454e+07 2.474498e+09 | 3.922223e+07 1.383451e+10  
1.193777e-02 2.855324e+08 | 9.984188e+07 3.234376e+09 | 5.567152e+07 1.719254e+10  
1.425103e-02 3.992975e+08 | 1.417190e+08 4.083184e+09 | 7.792623e+07 2.044136e+10  
1.701254e-02 5.580863e+08 | 2.016591e+08 5.251646e+09 | 1.122522e+08 2.502307e+10  
2.030918e-02 7.815445e+08 | 2.870259e+08 6.643929e+09 | 1.594897e+08 2.932189e+10  
2.424462e-02 1.096637e+09 | 4.053492e+08 8.491681e+09 | 2.274094e+08 3.492941e+10  
2.894266e-02 1.511654e+09 | 5.743983e+08 1.056710e+10 | 3.221907e+08 4.044648e+10  
3.455107e-02 2.096915e+09 | 8.113447e+08 1.294890e+10 | 4.644767e+08 4.758390e+10  
4.124626e-02 2.923906e+09 | 1.146092e+09 1.583655e+10 | 6.528859e+08 5.503141e+10  
4.923883e-02 4.011037e+09 | 1.614994e+09 1.972586e+10 | 9.194799e+08 6.578348e+10  
5.878016e-02 5.484715e+09 | 2.274326e+09 2.377662e+10 | 1.310148e+09 7.382869e+10  
7.017038e-02 7.410617e+09 | 3.188338e+09 2.884529e+10 | 1.841364e+09 8.398025e+10  
8.376776e-02 1.005319e+10 | 4.472393e+09 3.425062e+10 | 2.577874e+09 9.532075e+10  
1.000000e-01 1.330461e+10 | 6.229506e+09 4.099171e+10 | 3.655859e+09 1.061428e+11  
1.193777e-01 1.751885e+10 | 8.625641e+09 4.815007e+10 | 5.000171e+09 1.186437e+11  
1.425103e-01 2.296046e+10 | 1.181520e+10 5.560581e+10 | 6.802350e+09 1.312523e+11  
1.701254e-01 2.973986e+10 | 1.611853e+10 6.404276e+10 | 9.079141e+09 1.446634e+11  
2.030918e-01 3.796153e+10 | 2.153246e+10 7.366566e+10 | 1.261676e+10 1.531333e+11  
2.424462e-01 4.765638e+10 | 2.864920e+10 8.699443e+10 | 1.714225e+10 1.713414e+11  
2.894266e-01 5.925762e+10 | 3.631437e+10 1.017443e+11 | 2.221779e+10 1.840364e+11  
3.455107e-01 7.307956e+10 | 4.584878e+10 1.212956e+11 | 2.873484e+10 2.061592e+11  
4.124626e-01 8.718863e+10 | 5.617355e+10 1.435655e+11 | 3.581766e+10 2.416946e+11  
4.923883e-01 1.026433e+11 | 6.727681e+10 1.660754e+11 | 4.442052e+10 2.801939e+11  
5.878016e-01 1.193841e+11 | 7.765703e+10 1.993541e+11 | 5.339119e+10 3.404987e+11  
7.017038e-01 1.369481e+11 | 8.717988e+10 2.375428e+11 | 6.073256e+10 4.230504e+11  
8.376776e-01 1.533995e+11 | 9.687655e+10 2.839924e+11 | 6.660463e+10 5.310778e+11  
1.000000e+00 1.701080e+11 | 1.052002e+11 3.376596e+11 | 7.148188e+10 6.798300e+11  
1.193777e+00 1.853613e+11 | 1.123710e+11 3.917605e+11 | 7.599531e+10 8.750337e+11  
1.425103e+00 1.965889e+11 | 1.175295e+11 4.551706e+11 | 8.096872e+10 1.106965e+12  
1.701254e+00 2.072326e+11 | 1.212214e+11 5.227897e+11 | 8.335190e+10 1.386617e+12  
2.030918e+00 2.151779e+11 | 1.244999e+11 5.814050e+11 | 8.461605e+10 1.722769e+12  
2.424462e+00 2.230866e+11 | 1.256665e+11 6.293261e+11 | 8.521542e+10 2.106241e+12  
2.894266e+00 2.292972e+11 | 1.274447e+11 6.768453e+11 | 8.674092e+10 2.488488e+12  
3.455107e+00 2.357098e+11 | 1.280671e+11 7.120075e+11 | 8.665823e+10 2.830910e+12  
4.124626e+00 2.384848e+11 | 1.279939e+11 7.359504e+11 | 8.683521e+10 3.201043e+12  
4.923883e+00 2.439660e+11 | 1.286428e+11 7.561628e+11 | 8.725745e+10 3.546103e+12  
5.878016e+00 2.422988e+11 | 1.288139e+11 7.648601e+11 | 8.726987e+10 3.896124e+12  
7.017038e+00 2.434034e+11 | 1.290788e+11 7.760628e+11 | 8.704861e+10 4.135691e+12  
8.376776e+00 2.443618e+11 | 1.292706e+11 7.815103e+11 | 8.715414e+10 4.202088e+12  
1.000000e+01 2.440550e+11 | 1.292099e+11 7.806166e+11 | 8.712039e+10 4.326755e+12  
