
x= #alpha_{int} [deg] ,  y= D(#alpha_{int}) [M_{#odot} kpc^{-2}]
     x       y_pdf_median |   CL_lo_PDF   CL_up_PDF
                          |          68.0% CL         |          95.0% CL          
1.000000e-02 3.900663e+01 | 2.824717e+01 5.772013e+01 | 2.414062e+01 8.111830e+01  
1.193777e-02 5.480550e+01 | 4.022647e+01 7.892466e+01 | 3.414104e+01 1.083659e+02  
1.425103e-02 7.691322e+01 | 5.700060e+01 1.072562e+02 | 4.858050e+01 1.447996e+02  
1.701254e-02 1.073644e+02 | 8.064682e+01 1.443431e+02 | 6.912202e+01 1.916934e+02  
2.030918e-02 1.500860e+02 | 1.140850e+02 1.966275e+02 | 9.773349e+01 2.544325e+02  
2.424462e-02 2.085519e+02 | 1.608589e+02 2.651280e+02 | 1.378873e+02 3.337692e+02  
2.894266e-02 2.876331e+02 | 2.265196e+02 3.577403e+02 | 1.939441e+02 4.406812e+02  
3.455107e-02 3.975532e+02 | 3.180201e+02 4.793664e+02 | 2.743297e+02 5.758020e+02  
4.124626e-02 5.419751e+02 | 4.436215e+02 6.414682e+02 | 3.843185e+02 7.700392e+02  
4.923883e-02 7.373860e+02 | 6.156094e+02 8.634867e+02 | 5.349082e+02 1.000037e+03  
5.878016e-02 9.937668e+02 | 8.477578e+02 1.149926e+03 | 7.345730e+02 1.313812e+03  
7.017038e-02 1.334053e+03 | 1.163477e+03 1.533139e+03 | 1.013516e+03 1.767750e+03  
8.376776e-02 1.775744e+03 | 1.568814e+03 2.056987e+03 | 1.404660e+03 2.484702e+03  
1.000000e-01 2.359165e+03 | 2.108412e+03 2.736434e+03 | 1.904288e+03 3.468901e+03  
1.193777e-01 3.127436e+03 | 2.759522e+03 3.685868e+03 | 2.514109e+03 4.849889e+03  
1.425103e-01 4.076806e+03 | 3.577995e+03 4.918265e+03 | 3.223870e+03 6.736391e+03  
1.701254e-01 5.324493e+03 | 4.600888e+03 6.639728e+03 | 4.012608e+03 9.419942e+03  
2.030918e-01 6.908952e+03 | 5.810203e+03 8.907090e+03 | 4.940148e+03 1.303878e+04  
2.424462e-01 8.958955e+03 | 7.262381e+03 1.201915e+04 | 6.119204e+03 1.806340e+04  
2.894266e-01 1.132047e+04 | 8.966065e+03 1.591451e+04 | 7.509725e+03 2.491387e+04  
3.455107e-01 1.420419e+04 | 1.093437e+04 2.076116e+04 | 9.090329e+03 3.431614e+04  
4.124626e-01 1.748645e+04 | 1.317467e+04 2.687012e+04 | 1.069696e+04 4.678207e+04  
4.923883e-01 2.165088e+04 | 1.575304e+04 3.467129e+04 | 1.252829e+04 6.301476e+04  
5.878016e-01 2.622266e+04 | 1.861732e+04 4.370910e+04 | 1.415482e+04 8.478477e+04  
7.017038e-01 3.133432e+04 | 2.160725e+04 5.513311e+04 | 1.592699e+04 1.134925e+05  
8.376776e-01 3.711352e+04 | 2.480436e+04 6.948095e+04 | 1.780199e+04 1.505194e+05  
1.000000e+00 4.368010e+04 | 2.830618e+04 8.608378e+04 | 1.962956e+04 2.013153e+05  
1.193777e+00 5.057193e+04 | 3.116159e+04 1.052877e+05 | 2.097896e+04 2.581277e+05  
1.425103e+00 5.746642e+04 | 3.394982e+04 1.253436e+05 | 2.127450e+04 3.316213e+05  
1.701254e+00 6.455115e+04 | 3.716053e+04 1.476437e+05 | 2.201256e+04 4.229573e+05  
2.030918e+00 7.125601e+04 | 4.053637e+04 1.727431e+05 | 2.227165e+04 5.328809e+05  
2.424462e+00 7.803162e+04 | 4.327358e+04 2.006271e+05 | 2.206294e+04 6.619225e+05  
2.894266e+00 8.361971e+04 | 4.477723e+04 2.284121e+05 | 2.226519e+04 8.011512e+05  
3.455107e+00 8.824994e+04 | 4.492346e+04 2.535046e+05 | 2.204251e+04 9.432117e+05  
4.124626e+00 9.079545e+04 | 4.525569e+04 2.861968e+05 | 2.216855e+04 1.099104e+06  
4.923883e+00 9.172448e+04 | 4.533220e+04 3.212007e+05 | 2.230422e+04 1.254315e+06  
5.878016e+00 9.325727e+04 | 4.542919e+04 3.367537e+05 | 2.201881e+04 1.397282e+06  
7.017038e+00 9.311860e+04 | 4.504413e+04 3.569014e+05 | 2.245518e+04 1.608523e+06  
8.376776e+00 9.267335e+04 | 4.512971e+04 3.673787e+05 | 2.210106e+04 1.739448e+06  
1.000000e+01 9.275880e+04 | 4.506447e+04 3.669994e+05 | 2.214832e+04 1.905147e+06  
