
x= #alpha_{int} [deg] ,  y= J(#alpha_{int}) [M_{#odot}^{2} kpc^{-5}]
     x       y_pdf_median |   CL_lo_PDF   CL_up_PDF
                          |          68.0% CL         |          95.0% CL          
1.000000e-02 4.532770e+10 | 9.264490e+09 2.509503e+11 | 4.822719e+09 7.979312e+11  
1.193777e-02 5.875907e+10 | 1.283430e+10 2.926768e+11 | 6.864686e+09 8.946866e+11  
1.425103e-02 7.721685e+10 | 1.804752e+10 3.561749e+11 | 9.820644e+09 1.056987e+12  
1.701254e-02 1.008556e+11 | 2.522951e+10 4.213188e+11 | 1.396896e+10 1.186227e+12  
2.030918e-02 1.286412e+11 | 3.517299e+10 4.883886e+11 | 1.982105e+10 1.325727e+12  
2.424462e-02 1.641303e+11 | 4.856248e+10 5.718679e+11 | 2.791283e+10 1.487293e+12  
2.894266e-02 2.080573e+11 | 6.691322e+10 6.646473e+11 | 3.936011e+10 1.659461e+12  
3.455107e-02 2.650375e+11 | 9.234307e+10 7.618217e+11 | 5.586161e+10 1.797761e+12  
4.124626e-02 3.296798e+11 | 1.249883e+11 8.636979e+11 | 7.712828e+10 1.946505e+12  
4.923883e-02 4.057692e+11 | 1.682437e+11 9.973655e+11 | 1.072137e+11 2.121613e+12  
5.878016e-02 4.909334e+11 | 2.258487e+11 1.107217e+12 | 1.465227e+11 2.286968e+12  
7.017038e-02 5.958197e+11 | 2.979768e+11 1.233074e+12 | 2.018412e+11 2.445095e+12  
8.376776e-02 7.058438e+11 | 3.854488e+11 1.352642e+12 | 2.695463e+11 2.565807e+12  
1.000000e-01 8.232064e+11 | 4.990150e+11 1.464020e+12 | 3.607047e+11 2.694316e+12  
1.193777e-01 9.660096e+11 | 6.293152e+11 1.599531e+12 | 4.668117e+11 2.817890e+12  
1.425103e-01 1.122598e+12 | 7.850160e+11 1.732978e+12 | 6.014446e+11 2.964083e+12  
1.701254e-01 1.295124e+12 | 9.625973e+11 1.847305e+12 | 7.616885e+11 3.079398e+12  
2.030918e-01 1.469073e+12 | 1.144359e+12 2.006845e+12 | 9.189651e+11 3.175673e+12  
2.424462e-01 1.654595e+12 | 1.334359e+12 2.202151e+12 | 1.080927e+12 3.255677e+12  
2.894266e-01 1.819513e+12 | 1.464444e+12 2.410821e+12 | 1.212656e+12 3.505762e+12  
3.455107e-01 2.004406e+12 | 1.601295e+12 2.664055e+12 | 1.352508e+12 3.815370e+12  
4.124626e-01 2.133109e+12 | 1.702524e+12 2.881361e+12 | 1.429430e+12 4.289402e+12  
4.923883e-01 2.256977e+12 | 1.795813e+12 3.093124e+12 | 1.493046e+12 5.196298e+12  
5.878016e-01 2.353720e+12 | 1.860290e+12 3.319261e+12 | 1.534152e+12 6.076148e+12  
7.017038e-01 2.432387e+12 | 1.908790e+12 3.572883e+12 | 1.565990e+12 6.612805e+12  
8.376776e-01 2.493103e+12 | 1.946392e+12 3.756530e+12 | 1.588888e+12 7.213676e+12  
1.000000e+00 2.552117e+12 | 1.961334e+12 3.940810e+12 | 1.589619e+12 8.481642e+12  
1.193777e+00 2.586370e+12 | 1.973347e+12 4.076354e+12 | 1.593923e+12 9.796071e+12  
1.425103e+00 2.614317e+12 | 1.990708e+12 4.078827e+12 | 1.601816e+12 1.079933e+13  
1.701254e+00 2.632717e+12 | 1.992439e+12 4.217175e+12 | 1.594460e+12 1.202222e+13  
2.030918e+00 2.645201e+12 | 1.986785e+12 4.262682e+12 | 1.593359e+12 1.310631e+13  
2.424462e+00 2.664013e+12 | 1.993170e+12 4.320266e+12 | 1.598184e+12 1.349832e+13  
2.894266e+00 2.675155e+12 | 1.996954e+12 4.365706e+12 | 1.602867e+12 1.365040e+13  
3.455107e+00 2.672503e+12 | 1.997749e+12 4.346577e+12 | 1.601663e+12 1.411370e+13  
4.124626e+00 2.671005e+12 | 1.999111e+12 4.336900e+12 | 1.599880e+12 1.430231e+13  
4.923883e+00 2.678869e+12 | 2.003878e+12 4.352251e+12 | 1.602728e+12 1.448781e+13  
5.878016e+00 2.675952e+12 | 2.002337e+12 4.382680e+12 | 1.603283e+12 1.479185e+13  
7.017038e+00 2.677945e+12 | 2.001171e+12 4.391074e+12 | 1.602698e+12 1.500251e+13  
8.376776e+00 2.684177e+12 | 1.997644e+12 4.366120e+12 | 1.601499e+12 1.504287e+13  
1.000000e+01 2.681478e+12 | 2.003445e+12 4.368606e+12 | 1.590967e+12 1.514390e+13  
