
x= #alpha_{int} [deg] ,  y= J(#alpha_{int}) [M_{#odot}^{2} kpc^{-5}]
     x       y_pdf_median |   CL_lo_PDF   CL_up_PDF
                          |          68.0% CL         |          95.0% CL          
1.000000e-02 8.561380e+09 | 2.697331e+09 3.511359e+10 | 5.379768e+08 1.769146e+11  
1.193777e-02 1.172615e+10 | 3.682524e+09 4.727168e+10 | 7.615407e+08 2.087708e+11  
1.425103e-02 1.611313e+10 | 5.001425e+09 6.347630e+10 | 1.069606e+09 2.656823e+11  
1.701254e-02 2.200672e+10 | 6.698932e+09 8.597976e+10 | 1.500681e+09 3.668802e+11  
2.030918e-02 2.900289e+10 | 8.886900e+09 1.142534e+11 | 2.060110e+09 5.187628e+11  
2.424462e-02 3.887468e+10 | 1.139790e+10 1.549841e+11 | 2.800638e+09 7.136824e+11  
2.894266e-02 5.158025e+10 | 1.475364e+10 2.111299e+11 | 3.597779e+09 8.630224e+11  
3.455107e-02 6.694423e+10 | 1.945429e+10 2.775447e+11 | 5.021810e+09 1.211558e+12  
4.124626e-02 8.504935e+10 | 2.436816e+10 3.657029e+11 | 5.731355e+09 1.759920e+12  
4.923883e-02 1.107489e+11 | 2.929729e+10 4.816545e+11 | 6.981317e+09 2.465610e+12  
5.878016e-02 1.366371e+11 | 3.554952e+10 6.531435e+11 | 8.995329e+09 3.420998e+12  
7.017038e-02 1.704703e+11 | 4.253977e+10 8.462709e+11 | 1.117989e+10 4.879152e+12  
8.376776e-02 2.113133e+11 | 4.991066e+10 1.142863e+12 | 1.269376e+10 7.065679e+12  
1.000000e-01 2.612753e+11 | 5.764263e+10 1.499327e+12 | 1.408622e+10 9.740454e+12  
1.193777e-01 3.091209e+11 | 6.538057e+10 1.977402e+12 | 1.642705e+10 1.359469e+13  
1.425103e-01 3.676571e+11 | 7.069983e+10 2.580907e+12 | 1.922224e+10 1.915449e+13  
1.701254e-01 4.355320e+11 | 7.593780e+10 3.293252e+12 | 2.071671e+10 2.586567e+13  
2.030918e-01 5.006941e+11 | 8.044577e+10 4.303464e+12 | 2.226565e+10 3.622189e+13  
2.424462e-01 5.620183e+11 | 8.503985e+10 5.477676e+12 | 2.306564e+10 4.987905e+13  
2.894266e-01 6.341325e+11 | 8.835880e+10 6.672034e+12 | 2.397746e+10 6.778966e+13  
3.455107e-01 6.858131e+11 | 9.031097e+10 8.099427e+12 | 2.544690e+10 9.305910e+13  
4.124626e-01 7.527602e+11 | 9.409061e+10 1.022094e+13 | 2.620876e+10 1.209992e+14  
4.923883e-01 8.039740e+11 | 9.625411e+10 1.277875e+13 | 2.660064e+10 1.596728e+14  
5.878016e-01 8.626202e+11 | 9.816298e+10 1.521947e+13 | 2.664284e+10 2.059013e+14  
7.017038e-01 9.184299e+11 | 1.004687e+11 1.765232e+13 | 2.754921e+10 2.504263e+14  
8.376776e-01 9.287949e+11 | 1.033369e+11 1.985471e+13 | 2.800282e+10 3.108077e+14  
1.000000e+00 9.530674e+11 | 1.037235e+11 2.250489e+13 | 2.709898e+10 3.499729e+14  
1.193777e+00 9.676435e+11 | 1.057509e+11 2.566106e+13 | 2.784064e+10 4.131359e+14  
1.425103e+00 9.900070e+11 | 1.081215e+11 2.805464e+13 | 2.777877e+10 4.689732e+14  
1.701254e+00 1.006648e+12 | 1.077618e+11 3.033743e+13 | 2.728289e+10 5.192388e+14  
2.030918e+00 1.014748e+12 | 1.062014e+11 3.211754e+13 | 2.756455e+10 5.515267e+14  
2.424462e+00 1.028853e+12 | 1.084892e+11 3.316367e+13 | 2.801313e+10 5.825008e+14  
2.894266e+00 1.033642e+12 | 1.088225e+11 3.396238e+13 | 2.779706e+10 5.915907e+14  
3.455107e+00 1.027926e+12 | 1.096853e+11 3.412325e+13 | 2.803961e+10 6.455686e+14  
4.124626e+00 1.031014e+12 | 1.106833e+11 3.511655e+13 | 2.767852e+10 6.531480e+14  
4.923883e+00 1.044664e+12 | 1.116699e+11 3.586558e+13 | 2.784720e+10 6.712335e+14  
5.878016e+00 1.045958e+12 | 1.098436e+11 3.575196e+13 | 2.789900e+10 6.951753e+14  
7.017038e+00 1.041457e+12 | 1.100877e+11 3.594185e+13 | 2.794060e+10 6.999719e+14  
8.376776e+00 1.040606e+12 | 1.100292e+11 3.669583e+13 | 2.793063e+10 6.988206e+14  
1.000000e+01 1.044913e+12 | 1.112613e+11 3.602318e+13 | 2.799619e+10 6.879344e+14  
