
x= #alpha_{int} [deg] ,  y= D(#alpha_{int}) [M_{#odot} kpc^{-2}]
     x       y_pdf_median |   CL_lo_PDF   CL_up_PDF
                          |          68.0% CL         |          95.0% CL          
1.000000e-02 1.419544e+01 | 1.081811e+01 1.978775e+01 | 8.915469e+00 2.966640e+01  
1.193777e-02 1.994397e+01 | 1.541156e+01 2.719184e+01 | 1.268420e+01 3.958422e+01  
1.425103e-02 2.795653e+01 | 2.182585e+01 3.720878e+01 | 1.802815e+01 5.223564e+01  
1.701254e-02 3.914636e+01 | 3.100825e+01 5.078085e+01 | 2.568286e+01 7.047596e+01  
2.030918e-02 5.435592e+01 | 4.360445e+01 6.892637e+01 | 3.646002e+01 9.454937e+01  
2.424462e-02 7.534481e+01 | 6.146237e+01 9.365222e+01 | 5.173671e+01 1.267906e+02  
2.894266e-02 1.037222e+02 | 8.615817e+01 1.259405e+02 | 7.342702e+01 1.656827e+02  
3.455107e-02 1.430507e+02 | 1.210744e+02 1.689026e+02 | 1.037186e+02 2.181017e+02  
4.124626e-02 1.963753e+02 | 1.694514e+02 2.277906e+02 | 1.459982e+02 2.801433e+02  
4.923883e-02 2.675692e+02 | 2.330809e+02 3.059789e+02 | 2.039512e+02 3.719959e+02  
5.878016e-02 3.589429e+02 | 3.169366e+02 4.129559e+02 | 2.805824e+02 5.229126e+02  
7.017038e-02 4.823768e+02 | 4.294383e+02 5.566972e+02 | 3.856102e+02 7.362452e+02  
8.376776e-02 6.453053e+02 | 5.730987e+02 7.640301e+02 | 5.229002e+02 1.045205e+03  
1.000000e-01 8.586290e+02 | 7.523986e+02 1.059597e+03 | 6.793356e+02 1.515659e+03  
1.193777e-01 1.142727e+03 | 9.767823e+02 1.460188e+03 | 8.792343e+02 2.147127e+03  
1.425103e-01 1.492577e+03 | 1.257802e+03 1.994955e+03 | 1.114784e+03 3.101282e+03  
1.701254e-01 1.969410e+03 | 1.597269e+03 2.726657e+03 | 1.386012e+03 4.376299e+03  
2.030918e-01 2.581668e+03 | 2.005275e+03 3.725924e+03 | 1.704167e+03 6.510455e+03  
2.424462e-01 3.348212e+03 | 2.509529e+03 5.088035e+03 | 2.062909e+03 9.056869e+03  
2.894266e-01 4.323065e+03 | 3.119126e+03 6.849594e+03 | 2.520904e+03 1.267339e+04  
3.455107e-01 5.462111e+03 | 3.781529e+03 9.168400e+03 | 2.978215e+03 1.721731e+04  
4.124626e-01 6.869823e+03 | 4.532199e+03 1.202606e+04 | 3.543393e+03 2.357070e+04  
4.923883e-01 8.653560e+03 | 5.425800e+03 1.575554e+04 | 4.132167e+03 3.227381e+04  
5.878016e-01 1.051475e+04 | 6.226294e+03 2.039224e+04 | 4.576214e+03 4.304905e+04  
7.017038e-01 1.291621e+04 | 7.147061e+03 2.598514e+04 | 5.146038e+03 5.835469e+04  
8.376776e-01 1.548644e+04 | 8.247576e+03 3.284506e+04 | 5.702874e+03 7.555800e+04  
1.000000e+00 1.836212e+04 | 9.202031e+03 4.074944e+04 | 6.080570e+03 1.041803e+05  
1.193777e+00 2.142197e+04 | 1.030137e+04 5.040832e+04 | 6.562275e+03 1.365228e+05  
1.425103e+00 2.502127e+04 | 1.122213e+04 6.123184e+04 | 6.754395e+03 1.787794e+05  
1.701254e+00 2.859200e+04 | 1.206986e+04 7.479609e+04 | 6.843254e+03 2.294488e+05  
2.030918e+00 3.264023e+04 | 1.271377e+04 9.057715e+04 | 6.980033e+03 2.901791e+05  
2.424462e+00 3.688371e+04 | 1.335259e+04 1.084654e+05 | 6.835297e+03 3.632224e+05  
2.894266e+00 4.037531e+04 | 1.364133e+04 1.244118e+05 | 6.950687e+03 4.431780e+05  
3.455107e+00 4.353226e+04 | 1.367346e+04 1.423676e+05 | 6.953586e+03 5.168942e+05  
4.124626e+00 4.576464e+04 | 1.376327e+04 1.589018e+05 | 6.889366e+03 5.937026e+05  
4.923883e+00 4.647992e+04 | 1.369424e+04 1.802092e+05 | 6.992994e+03 6.399038e+05  
5.878016e+00 4.646688e+04 | 1.362456e+04 1.979993e+05 | 6.908780e+03 7.285035e+05  
7.017038e+00 4.641865e+04 | 1.365820e+04 2.117589e+05 | 6.940997e+03 8.206361e+05  
8.376776e+00 4.653220e+04 | 1.370846e+04 2.171004e+05 | 6.990635e+03 9.169457e+05  
1.000000e+01 4.644017e+04 | 1.369407e+04 2.171460e+05 | 6.986875e+03 1.019713e+06  
