
x= #alpha_{int} [deg] ,  y= J(#alpha_{int}) [M_{#odot}^{2} kpc^{-5}]
     x       y_pdf_median |   CL_lo_PDF   CL_up_PDF
                          |          68.0% CL         |          95.0% CL          
1.000000e-02 6.771141e+09 | 4.383801e+09 3.245637e+10 | 3.281973e+09 3.110255e+11  
1.193777e-02 9.582181e+09 | 6.210528e+09 4.099640e+10 | 4.700101e+09 3.591015e+11  
1.425103e-02 1.348739e+10 | 8.762920e+09 5.487554e+10 | 6.616177e+09 4.223746e+11  
1.701254e-02 1.905588e+10 | 1.249461e+10 7.175383e+10 | 9.487913e+09 4.905485e+11  
2.030918e-02 2.680133e+10 | 1.766590e+10 9.122739e+10 | 1.339608e+10 5.731711e+11  
2.424462e-02 3.737912e+10 | 2.502198e+10 1.191188e+11 | 1.919540e+10 6.620022e+11  
2.894266e-02 5.225544e+10 | 3.552056e+10 1.520802e+11 | 2.676764e+10 7.449643e+11  
3.455107e-02 7.208689e+10 | 5.030409e+10 1.929298e+11 | 3.772841e+10 8.405080e+11  
4.124626e-02 9.996977e+10 | 7.013776e+10 2.348245e+11 | 5.391880e+10 9.294614e+11  
4.923883e-02 1.393683e+11 | 9.793473e+10 2.974752e+11 | 7.463009e+10 1.038728e+12  
5.878016e-02 1.886016e+11 | 1.352007e+11 3.733140e+11 | 1.030378e+11 1.148452e+12  
7.017038e-02 2.596220e+11 | 1.837762e+11 4.590320e+11 | 1.439982e+11 1.240413e+12  
8.376776e-02 3.412457e+11 | 2.475590e+11 5.701296e+11 | 1.994208e+11 1.331622e+12  
1.000000e-01 4.488355e+11 | 3.389693e+11 7.063583e+11 | 2.693539e+11 1.402299e+12  
1.193777e-01 5.875058e+11 | 4.522650e+11 9.135668e+11 | 3.672364e+11 1.586308e+12  
1.425103e-01 7.561744e+11 | 5.877078e+11 1.158132e+12 | 4.857748e+11 1.743796e+12  
1.701254e-01 9.448378e+11 | 7.297829e+11 1.410827e+12 | 6.153008e+11 2.425520e+12  
2.030918e-01 1.174781e+12 | 9.036992e+11 1.805925e+12 | 7.228686e+11 3.290141e+12  
2.424462e-01 1.441753e+12 | 1.072337e+12 2.292220e+12 | 8.369167e+11 4.628908e+12  
2.894266e-01 1.724334e+12 | 1.247473e+12 3.085211e+12 | 9.318313e+11 6.397304e+12  
3.455107e-01 2.031087e+12 | 1.411611e+12 4.089095e+12 | 1.046822e+12 8.810919e+12  
4.124626e-01 2.396838e+12 | 1.526471e+12 5.426064e+12 | 1.114705e+12 1.232490e+13  
4.923883e-01 2.820466e+12 | 1.628693e+12 7.054608e+12 | 1.191561e+12 1.687402e+13  
5.878016e-01 3.248670e+12 | 1.681835e+12 9.079232e+12 | 1.261726e+12 2.319119e+13  
7.017038e-01 3.684847e+12 | 1.759603e+12 1.166124e+13 | 1.284813e+12 3.230292e+13  
8.376776e-01 4.018890e+12 | 1.820991e+12 1.454580e+13 | 1.315790e+12 4.348123e+13  
1.000000e+00 4.375986e+12 | 1.852078e+12 1.772141e+13 | 1.324994e+12 5.742236e+13  
1.193777e+00 4.693359e+12 | 1.896074e+12 2.118581e+13 | 1.352246e+12 7.733523e+13  
1.425103e+00 4.939669e+12 | 1.916141e+12 2.552699e+13 | 1.384667e+12 9.941902e+13  
1.701254e+00 5.105745e+12 | 1.930295e+12 2.949696e+13 | 1.379293e+12 1.243203e+14  
2.030918e+00 5.323577e+12 | 1.961018e+12 3.371767e+13 | 1.376185e+12 1.557249e+14  
2.424462e+00 5.543819e+12 | 1.935598e+12 3.721543e+13 | 1.390794e+12 1.948655e+14  
2.894266e+00 5.681184e+12 | 1.938160e+12 3.992331e+13 | 1.400639e+12 2.420506e+14  
3.455107e+00 5.751545e+12 | 1.953587e+12 4.285584e+13 | 1.404423e+12 2.919177e+14  
4.124626e+00 5.823451e+12 | 1.962117e+12 4.592538e+13 | 1.382082e+12 3.406891e+14  
4.923883e+00 5.775987e+12 | 1.971177e+12 4.828118e+13 | 1.388551e+12 3.878478e+14  
5.878016e+00 5.859267e+12 | 1.979133e+12 4.928798e+13 | 1.375315e+12 4.122176e+14  
7.017038e+00 5.840326e+12 | 1.980725e+12 4.882941e+13 | 1.376693e+12 4.428968e+14  
8.376776e+00 5.860292e+12 | 1.980146e+12 4.906344e+13 | 1.376513e+12 4.682821e+14  
1.000000e+01 5.864565e+12 | 1.978655e+12 4.892864e+13 | 1.378055e+12 4.793836e+14  
