
x= #alpha_{int} [deg] ,  y= D(#alpha_{int}) [M_{#odot} kpc^{-2}]
     x       y_pdf_median |   CL_lo_PDF   CL_up_PDF
                          |          68.0% CL         |          95.0% CL          
1.000000e-02 3.862095e+01 | 2.898394e+01 5.740140e+01 | 2.407641e+01 1.044662e+02  
1.193777e-02 5.464413e+01 | 4.114415e+01 8.077167e+01 | 3.449775e+01 1.491740e+02  
1.425103e-02 7.704755e+01 | 5.865185e+01 1.145599e+02 | 4.872905e+01 2.129920e+02  
1.701254e-02 1.088290e+02 | 8.304154e+01 1.604544e+02 | 6.964309e+01 3.013757e+02  
2.030918e-02 1.516369e+02 | 1.175090e+02 2.215537e+02 | 9.932721e+01 4.293269e+02  
2.424462e-02 2.130584e+02 | 1.658674e+02 3.086507e+02 | 1.407195e+02 6.168180e+02  
2.894266e-02 2.965572e+02 | 2.332238e+02 4.370070e+02 | 1.984263e+02 8.741652e+02  
3.455107e-02 4.159631e+02 | 3.278345e+02 6.218941e+02 | 2.790979e+02 1.254326e+03  
4.124626e-02 5.721788e+02 | 4.625730e+02 8.810959e+02 | 3.948867e+02 1.777145e+03  
4.923883e-02 7.952615e+02 | 6.426245e+02 1.247784e+03 | 5.557357e+02 2.539134e+03  
5.878016e-02 1.096935e+03 | 8.900589e+02 1.782458e+03 | 7.700078e+02 3.590261e+03  
7.017038e-02 1.516984e+03 | 1.220569e+03 2.504360e+03 | 1.066416e+03 5.147560e+03  
8.376776e-02 2.079725e+03 | 1.631362e+03 3.583333e+03 | 1.474406e+03 7.365534e+03  
1.000000e-01 2.903990e+03 | 2.204491e+03 5.031224e+03 | 1.978543e+03 1.044549e+04  
1.193777e-01 4.033887e+03 | 2.970817e+03 7.209937e+03 | 2.592696e+03 1.486891e+04  
1.425103e-01 5.562967e+03 | 3.935817e+03 1.016699e+04 | 3.305575e+03 2.112389e+04  
1.701254e-01 7.742414e+03 | 5.195566e+03 1.436857e+04 | 4.191740e+03 2.995907e+04  
2.030918e-01 1.060327e+04 | 6.764512e+03 2.040427e+04 | 5.316466e+03 4.242206e+04  
2.424462e-01 1.464242e+04 | 8.700456e+03 2.899325e+04 | 6.714845e+03 6.008656e+04  
2.894266e-01 1.982793e+04 | 1.110082e+04 4.027461e+04 | 8.432911e+03 8.533636e+04  
3.455107e-01 2.637177e+04 | 1.410519e+04 5.629100e+04 | 1.036546e+04 1.210405e+05  
4.124626e-01 3.509722e+04 | 1.737578e+04 7.910653e+04 | 1.243294e+04 1.719271e+05  
4.923883e-01 4.626737e+04 | 2.126613e+04 1.094326e+05 | 1.514958e+04 2.432640e+05  
5.878016e-01 6.065222e+04 | 2.562058e+04 1.517139e+05 | 1.795435e+04 3.478224e+05  
7.017038e-01 7.773779e+04 | 3.151298e+04 2.071074e+05 | 2.129744e+04 4.818473e+05  
8.376776e-01 9.866726e+04 | 3.772460e+04 2.822660e+05 | 2.458749e+04 6.880443e+05  
1.000000e+00 1.236307e+05 | 4.465867e+04 3.786553e+05 | 2.758811e+04 9.461891e+05  
1.193777e+00 1.519940e+05 | 5.234280e+04 5.119740e+05 | 3.044257e+04 1.308264e+06  
1.425103e+00 1.800443e+05 | 5.917778e+04 6.622722e+05 | 3.337209e+04 1.845716e+06  
1.701254e+00 2.138454e+05 | 6.476238e+04 8.436030e+05 | 3.522092e+04 2.501836e+06  
2.030918e+00 2.481704e+05 | 7.248020e+04 1.065476e+06 | 3.658621e+04 3.371641e+06  
2.424462e+00 2.920039e+05 | 8.033650e+04 1.306960e+06 | 3.755713e+04 4.492371e+06  
2.894266e+00 3.356585e+05 | 8.785447e+04 1.613270e+06 | 3.807173e+04 6.030960e+06  
3.455107e+00 3.873411e+05 | 9.513445e+04 1.968957e+06 | 3.737249e+04 7.845779e+06  
4.124626e+00 4.293151e+05 | 1.003971e+05 2.454107e+06 | 3.814204e+04 1.015789e+07  
4.923883e+00 4.717341e+05 | 1.036073e+05 2.928024e+06 | 3.861127e+04 1.285726e+07  
5.878016e+00 5.238409e+05 | 1.052671e+05 3.483427e+06 | 3.755764e+04 1.588430e+07  
7.017038e+00 5.728052e+05 | 1.043676e+05 3.923634e+06 | 3.794875e+04 1.919942e+07  
8.376776e+00 6.094494e+05 | 1.061756e+05 4.331560e+06 | 3.780360e+04 2.251023e+07  
1.000000e+01 6.378973e+05 | 1.046656e+05 4.817105e+06 | 3.809766e+04 2.631495e+07  
