
x= #alpha_{int} [deg] ,  y= J(#alpha_{int}) [M_{#odot}^{2} kpc^{-5}]
     x       y_pdf_median |   CL_lo_PDF   CL_up_PDF
                          |          68.0% CL         |          95.0% CL          
1.000000e-02 3.757296e+07 | 8.088920e+05 7.997452e+08 | 5.370496e+04 6.980847e+09  
1.193777e-02 5.128765e+07 | 1.135177e+06 1.069896e+09 | 7.509405e+04 9.215758e+09  
1.425103e-02 6.726399e+07 | 1.575559e+06 1.400846e+09 | 1.053228e+05 1.071769e+10  
1.701254e-02 9.578892e+07 | 2.195082e+06 1.865400e+09 | 1.396283e+05 1.277647e+10  
2.030918e-02 1.277253e+08 | 3.068411e+06 2.501881e+09 | 1.883874e+05 1.613755e+10  
2.424462e-02 1.692314e+08 | 4.214085e+06 3.384674e+09 | 2.476313e+05 1.975327e+10  
2.894266e-02 2.289632e+08 | 5.831711e+06 4.298419e+09 | 3.135040e+05 2.632748e+10  
3.455107e-02 3.048831e+08 | 7.712272e+06 5.504685e+09 | 4.106361e+05 3.135990e+10  
4.124626e-02 4.018645e+08 | 1.039320e+07 6.974147e+09 | 5.348378e+05 3.827348e+10  
4.923883e-02 5.252537e+08 | 1.412761e+07 8.882454e+09 | 6.307962e+05 4.914307e+10  
5.878016e-02 6.758331e+08 | 1.799198e+07 1.118420e+10 | 7.766021e+05 6.222251e+10  
7.017038e-02 8.560584e+08 | 2.175523e+07 1.357430e+10 | 9.035785e+05 7.863464e+10  
8.376776e-02 1.068157e+09 | 2.703150e+07 1.706510e+10 | 1.039064e+06 9.754613e+10  
1.000000e-01 1.302422e+09 | 3.346307e+07 2.014880e+10 | 1.228695e+06 1.219697e+11  
1.193777e-01 1.532725e+09 | 4.260068e+07 2.461891e+10 | 1.376592e+06 1.601328e+11  
1.425103e-01 1.836083e+09 | 5.001202e+07 3.043021e+10 | 1.432145e+06 1.885594e+11  
1.701254e-01 2.172014e+09 | 5.892856e+07 3.629386e+10 | 1.453330e+06 2.335178e+11  
2.030918e-01 2.463915e+09 | 6.802592e+07 4.190711e+10 | 1.534919e+06 2.808158e+11  
2.424462e-01 2.790524e+09 | 7.880427e+07 4.940535e+10 | 1.523839e+06 3.559039e+11  
2.894266e-01 2.974833e+09 | 8.412084e+07 5.851508e+10 | 1.539797e+06 4.725536e+11  
3.455107e-01 3.200528e+09 | 9.219860e+07 6.747584e+10 | 1.551122e+06 5.992095e+11  
4.124626e-01 3.526071e+09 | 1.010406e+08 7.650760e+10 | 1.523661e+06 7.411090e+11  
4.923883e-01 3.840719e+09 | 1.038727e+08 8.390358e+10 | 1.525410e+06 9.120692e+11  
5.878016e-01 4.069953e+09 | 1.070656e+08 9.205576e+10 | 1.560445e+06 1.019159e+12  
7.017038e-01 4.281905e+09 | 1.129524e+08 9.892451e+10 | 1.586355e+06 1.252557e+12  
8.376776e-01 4.501900e+09 | 1.128929e+08 1.051663e+11 | 1.573837e+06 1.557755e+12  
1.000000e+00 4.665605e+09 | 1.161034e+08 1.122730e+11 | 1.587456e+06 1.920606e+12  
1.193777e+00 4.789217e+09 | 1.167246e+08 1.169800e+11 | 1.558716e+06 2.176259e+12  
1.425103e+00 4.956437e+09 | 1.158459e+08 1.232858e+11 | 1.519281e+06 2.381158e+12  
1.701254e+00 5.069420e+09 | 1.174239e+08 1.269764e+11 | 1.545047e+06 2.753925e+12  
2.030918e+00 5.172602e+09 | 1.168235e+08 1.303241e+11 | 1.553387e+06 3.122342e+12  
2.424462e+00 5.180094e+09 | 1.181942e+08 1.362666e+11 | 1.588706e+06 3.564869e+12  
2.894266e+00 5.217770e+09 | 1.154862e+08 1.386963e+11 | 1.543635e+06 3.610832e+12  
3.455107e+00 5.167813e+09 | 1.152784e+08 1.414628e+11 | 1.606044e+06 3.910150e+12  
4.124626e+00 5.320988e+09 | 1.180474e+08 1.373337e+11 | 1.587899e+06 4.213363e+12  
4.923883e+00 5.202740e+09 | 1.165847e+08 1.414197e+11 | 1.597594e+06 4.246657e+12  
5.878016e+00 5.164529e+09 | 1.162954e+08 1.404315e+11 | 1.603158e+06 4.136516e+12  
7.017038e+00 5.196824e+09 | 1.152463e+08 1.415728e+11 | 1.605859e+06 4.178088e+12  
8.376776e+00 5.210538e+09 | 1.154457e+08 1.420581e+11 | 1.607002e+06 4.195790e+12  
1.000000e+01 5.213983e+09 | 1.154958e+08 1.421800e+11 | 1.607289e+06 4.200240e+12  
