
x= #alpha_{int} [deg] ,  y= D(#alpha_{int}) [M_{#odot} kpc^{-2}]
     x       y_pdf_median |   CL_lo_PDF   CL_up_PDF
                          |          68.0% CL         |          95.0% CL          
1.000000e-02 2.856377e+01 | 1.762611e+01 5.758919e+01 | 1.084576e+01 1.382966e+02  
1.193777e-02 3.916571e+01 | 2.380203e+01 7.962023e+01 | 1.485157e+01 1.973177e+02  
1.425103e-02 5.346688e+01 | 3.213347e+01 1.109738e+02 | 2.006192e+01 2.809361e+02  
1.701254e-02 7.271974e+01 | 4.278686e+01 1.512980e+02 | 2.689725e+01 4.012914e+02  
2.030918e-02 9.766904e+01 | 5.555458e+01 2.136969e+02 | 3.531827e+01 5.702777e+02  
2.424462e-02 1.307453e+02 | 7.227187e+01 2.972722e+02 | 4.549907e+01 8.082662e+02  
2.894266e-02 1.745108e+02 | 9.424297e+01 4.107558e+02 | 5.944637e+01 1.144976e+03  
3.455107e-02 2.322893e+02 | 1.214500e+02 5.681853e+02 | 7.652025e+01 1.640145e+03  
4.124626e-02 3.064063e+02 | 1.528527e+02 7.884987e+02 | 9.450223e+01 2.303335e+03  
4.923883e-02 3.996641e+02 | 1.921220e+02 1.081666e+03 | 1.158880e+02 3.263216e+03  
5.878016e-02 5.189300e+02 | 2.395396e+02 1.470161e+03 | 1.345081e+02 4.573240e+03  
7.017038e-02 6.596064e+02 | 2.901789e+02 1.997794e+03 | 1.549832e+02 6.380988e+03  
8.376776e-02 8.368990e+02 | 3.479626e+02 2.729685e+03 | 1.753114e+02 9.028857e+03  
1.000000e-01 1.038022e+03 | 4.069873e+02 3.669401e+03 | 1.977908e+02 1.252785e+04  
1.193777e-01 1.280918e+03 | 4.740558e+02 4.974974e+03 | 2.056227e+02 1.765075e+04  
1.425103e-01 1.565439e+03 | 5.460069e+02 6.473166e+03 | 2.184171e+02 2.441890e+04  
1.701254e-01 1.863286e+03 | 6.128137e+02 8.372042e+03 | 2.284750e+02 3.322791e+04  
2.030918e-01 2.157877e+03 | 6.881827e+02 1.066439e+04 | 2.396949e+02 4.529561e+04  
2.424462e-01 2.594915e+03 | 7.626565e+02 1.426837e+04 | 2.455260e+02 6.261371e+04  
2.894266e-01 3.039241e+03 | 8.193615e+02 1.802421e+04 | 2.638973e+02 8.329339e+04  
3.455107e-01 3.499172e+03 | 8.773068e+02 2.243157e+04 | 2.645345e+02 1.099129e+05  
4.124626e-01 3.883210e+03 | 9.262572e+02 2.789316e+04 | 2.703884e+02 1.446634e+05  
4.923883e-01 4.237648e+03 | 9.673355e+02 3.403278e+04 | 2.706807e+02 1.901112e+05  
5.878016e-01 4.681697e+03 | 1.021216e+03 3.991616e+04 | 2.727553e+02 2.434280e+05  
7.017038e-01 5.182686e+03 | 1.074854e+03 4.776390e+04 | 2.758630e+02 2.986338e+05  
8.376776e-01 5.625786e+03 | 1.114281e+03 5.493305e+04 | 2.753432e+02 3.471288e+05  
1.000000e+00 5.959199e+03 | 1.125285e+03 6.306707e+04 | 2.837551e+02 4.177016e+05  
1.193777e+00 6.262691e+03 | 1.130732e+03 7.160518e+04 | 2.754934e+02 4.845280e+05  
1.425103e+00 6.444418e+03 | 1.128965e+03 8.130630e+04 | 2.823465e+02 5.854922e+05  
1.701254e+00 6.564385e+03 | 1.139056e+03 8.754953e+04 | 2.695541e+02 6.598414e+05  
2.030918e+00 7.022254e+03 | 1.150551e+03 9.550039e+04 | 2.755474e+02 8.029345e+05  
2.424462e+00 7.297199e+03 | 1.147375e+03 1.012984e+05 | 2.762073e+02 8.657101e+05  
2.894266e+00 7.578221e+03 | 1.135220e+03 1.083861e+05 | 2.823671e+02 9.151716e+05  
3.455107e+00 7.736608e+03 | 1.141218e+03 1.158958e+05 | 2.702668e+02 9.685968e+05  
4.124626e+00 7.728624e+03 | 1.132790e+03 1.239455e+05 | 2.731174e+02 1.083377e+06  
4.923883e+00 7.876724e+03 | 1.152699e+03 1.323697e+05 | 2.763814e+02 1.087305e+06  
5.878016e+00 7.795193e+03 | 1.132805e+03 1.351130e+05 | 2.765388e+02 1.191911e+06  
7.017038e+00 7.885493e+03 | 1.126840e+03 1.405603e+05 | 2.799060e+02 1.181154e+06  
8.376776e+00 7.853920e+03 | 1.127184e+03 1.427189e+05 | 2.799481e+02 1.182426e+06  
1.000000e+01 7.881202e+03 | 1.126481e+03 1.464581e+05 | 2.798619e+02 1.179826e+06  
