
x= #alpha_{int} [deg] ,  y= J(#alpha_{int}) [M_{#odot}^{2} kpc^{-5}]
     x       y_pdf_median |   CL_lo_PDF   CL_up_PDF
                          |          68.0% CL         |          95.0% CL          
1.000000e-02 2.898307e+07 | 1.630347e+06 5.756813e+08 | 1.877677e+05 7.931379e+09  
1.193777e-02 3.977560e+07 | 2.295507e+06 7.665111e+08 | 2.615386e+05 1.042286e+10  
1.425103e-02 5.507199e+07 | 3.242412e+06 9.998466e+08 | 3.611828e+05 1.475457e+10  
1.701254e-02 7.303185e+07 | 4.413095e+06 1.282651e+09 | 5.096533e+05 1.883909e+10  
2.030918e-02 1.006913e+08 | 6.106478e+06 1.598745e+09 | 6.992756e+05 2.417717e+10  
2.424462e-02 1.322923e+08 | 8.340976e+06 1.966387e+09 | 9.982657e+05 3.197125e+10  
2.894266e-02 1.706434e+08 | 1.145719e+07 2.462707e+09 | 1.303674e+06 4.139148e+10  
3.455107e-02 2.258814e+08 | 1.537974e+07 3.197091e+09 | 1.657970e+06 5.610988e+10  
4.124626e-02 2.795990e+08 | 2.012053e+07 4.047400e+09 | 2.116648e+06 6.902512e+10  
4.923883e-02 3.514188e+08 | 2.761306e+07 5.108447e+09 | 2.721447e+06 8.324994e+10  
5.878016e-02 4.537456e+08 | 3.695859e+07 6.158106e+09 | 3.410688e+06 9.598394e+10  
7.017038e-02 5.602713e+08 | 4.808942e+07 8.046368e+09 | 4.206971e+06 1.207746e+11  
8.376776e-02 6.576079e+08 | 6.040070e+07 1.010662e+10 | 5.415008e+06 1.378334e+11  
1.000000e-01 8.155674e+08 | 7.781589e+07 1.205282e+10 | 6.476884e+06 1.947899e+11  
1.193777e-01 1.005271e+09 | 1.003802e+08 1.393884e+10 | 7.583284e+06 2.479397e+11  
1.425103e-01 1.202664e+09 | 1.233860e+08 1.640050e+10 | 8.853713e+06 3.065140e+11  
1.701254e-01 1.431144e+09 | 1.518269e+08 2.002634e+10 | 9.744713e+06 3.658570e+11  
2.030918e-01 1.706031e+09 | 1.809901e+08 2.335081e+10 | 1.057576e+07 4.935157e+11  
2.424462e-01 1.937480e+09 | 2.054417e+08 2.643507e+10 | 1.035573e+07 6.579266e+11  
2.894266e-01 2.196908e+09 | 2.258266e+08 3.081249e+10 | 1.068166e+07 7.735583e+11  
3.455107e-01 2.476778e+09 | 2.466966e+08 3.647035e+10 | 1.059504e+07 9.548997e+11  
4.124626e-01 2.804070e+09 | 2.638624e+08 4.204823e+10 | 1.095371e+07 1.157036e+12  
4.923883e-01 3.037620e+09 | 2.790789e+08 4.710456e+10 | 1.063961e+07 1.375490e+12  
5.878016e-01 3.266790e+09 | 2.891111e+08 5.595449e+10 | 1.088544e+07 1.794679e+12  
7.017038e-01 3.519512e+09 | 2.973483e+08 6.386214e+10 | 1.071864e+07 2.235116e+12  
8.376776e-01 3.733793e+09 | 3.056830e+08 6.763698e+10 | 1.069795e+07 2.631884e+12  
1.000000e+00 3.914326e+09 | 2.995519e+08 7.412644e+10 | 1.077932e+07 2.831485e+12  
1.193777e+00 4.131067e+09 | 3.062626e+08 8.093429e+10 | 1.078566e+07 3.054759e+12  
1.425103e+00 4.225448e+09 | 3.113142e+08 8.312433e+10 | 1.072950e+07 3.214307e+12  
1.701254e+00 4.344124e+09 | 3.041466e+08 8.828060e+10 | 1.088899e+07 3.432215e+12  
2.030918e+00 4.365573e+09 | 3.150016e+08 8.960630e+10 | 1.096324e+07 3.614543e+12  
2.424462e+00 4.425602e+09 | 3.151916e+08 9.171610e+10 | 1.096735e+07 3.731810e+12  
2.894266e+00 4.428841e+09 | 3.077790e+08 9.313070e+10 | 1.059029e+07 3.779122e+12  
3.455107e+00 4.496319e+09 | 3.046454e+08 9.384175e+10 | 1.075079e+07 3.756338e+12  
4.124626e+00 4.413817e+09 | 3.060318e+08 9.515421e+10 | 1.060769e+07 3.870718e+12  
4.923883e+00 4.446582e+09 | 3.087265e+08 9.588979e+10 | 1.061050e+07 3.803144e+12  
5.878016e+00 4.474324e+09 | 3.075604e+08 9.450523e+10 | 1.068295e+07 3.962839e+12  
7.017038e+00 4.462473e+09 | 3.086390e+08 9.505123e+10 | 1.070621e+07 3.991615e+12  
8.376776e+00 4.464916e+09 | 3.087689e+08 9.511706e+10 | 1.070901e+07 3.995087e+12  
1.000000e+01 4.466308e+09 | 3.088428e+08 9.515457e+10 | 1.071060e+07 3.997066e+12  
