
x= #alpha_{int} [deg] ,  y= J(#alpha_{int}) [M_{#odot}^{2} kpc^{-5}]
     x       y_pdf_median |   CL_lo_PDF   CL_up_PDF
                          |          68.0% CL         |          95.0% CL          
1.000000e-02 2.845616e+10 | 5.189637e+09 1.679165e+11 | 2.250513e+09 6.106977e+11  
1.193777e-02 3.727947e+10 | 7.180361e+09 2.049144e+11 | 3.222601e+09 6.850487e+11  
1.425103e-02 4.892399e+10 | 9.986962e+09 2.352392e+11 | 4.509937e+09 7.871791e+11  
1.701254e-02 6.327970e+10 | 1.383550e+10 2.838225e+11 | 6.451687e+09 8.836508e+11  
2.030918e-02 8.131180e+10 | 1.921323e+10 3.253172e+11 | 9.003429e+09 9.721382e+11  
2.424462e-02 1.023203e+11 | 2.618243e+10 3.729762e+11 | 1.272277e+10 1.059508e+12  
2.894266e-02 1.282152e+11 | 3.610936e+10 4.285786e+11 | 1.790525e+10 1.164435e+12  
3.455107e-02 1.571479e+11 | 4.913762e+10 4.810644e+11 | 2.482498e+10 1.239182e+12  
4.124626e-02 1.899029e+11 | 6.618268e+10 5.402418e+11 | 3.415741e+10 1.344979e+12  
4.923883e-02 2.275007e+11 | 8.893170e+10 5.992075e+11 | 4.769040e+10 1.421960e+12  
5.878016e-02 2.707764e+11 | 1.171573e+11 6.608715e+11 | 6.354978e+10 1.488041e+12  
7.017038e-02 3.180343e+11 | 1.521153e+11 7.202829e+11 | 8.722656e+10 1.575081e+12  
8.376776e-02 3.682521e+11 | 1.926411e+11 7.767531e+11 | 1.166585e+11 1.619100e+12  
1.000000e-01 4.199639e+11 | 2.371092e+11 8.439792e+11 | 1.531407e+11 1.682004e+12  
1.193777e-01 4.780456e+11 | 2.896033e+11 9.008066e+11 | 1.965068e+11 1.742590e+12  
1.425103e-01 5.388917e+11 | 3.456954e+11 9.597243e+11 | 2.513209e+11 1.778518e+12  
1.701254e-01 5.961866e+11 | 4.079474e+11 1.001365e+12 | 3.037855e+11 1.817829e+12  
2.030918e-01 6.454809e+11 | 4.756654e+11 1.048295e+12 | 3.669458e+11 1.852324e+12  
2.424462e-01 7.002852e+11 | 5.464366e+11 1.086779e+12 | 4.421235e+11 1.876483e+12  
2.894266e-01 7.479847e+11 | 6.058032e+11 1.112099e+12 | 4.927915e+11 1.886439e+12  
3.455107e-01 7.943036e+11 | 6.550214e+11 1.133733e+12 | 5.659891e+11 1.909583e+12  
4.124626e-01 8.327243e+11 | 6.968064e+11 1.156962e+12 | 6.161369e+11 1.920198e+12  
4.923883e-01 8.640164e+11 | 7.316164e+11 1.170100e+12 | 6.475457e+11 1.922871e+12  
5.878016e-01 8.896165e+11 | 7.527485e+11 1.209105e+12 | 6.631181e+11 1.934813e+12  
7.017038e-01 9.090556e+11 | 7.676506e+11 1.232045e+12 | 6.704241e+11 1.939077e+12  
8.376776e-01 9.224883e+11 | 7.768281e+11 1.254900e+12 | 6.758871e+11 1.943452e+12  
1.000000e+00 9.323311e+11 | 7.798093e+11 1.275336e+12 | 6.735869e+11 1.938742e+12  
1.193777e+00 9.396344e+11 | 7.824802e+11 1.292336e+12 | 6.774103e+11 1.946638e+12  
1.425103e+00 9.438760e+11 | 7.848880e+11 1.294958e+12 | 6.793409e+11 1.947806e+12  
1.701254e+00 9.483599e+11 | 7.865366e+11 1.295495e+12 | 6.810212e+11 1.949530e+12  
2.030918e+00 9.470804e+11 | 7.859405e+11 1.297980e+12 | 6.780777e+11 2.009314e+12  
2.424462e+00 9.525027e+11 | 7.876168e+11 1.308339e+12 | 6.822707e+11 2.008460e+12  
2.894266e+00 9.527640e+11 | 7.877207e+11 1.310830e+12 | 6.822239e+11 2.016157e+12  
3.455107e+00 9.530741e+11 | 7.872756e+11 1.307248e+12 | 6.822673e+11 2.008412e+12  
4.124626e+00 9.521559e+11 | 7.871037e+11 1.302062e+12 | 6.820429e+11 1.996591e+12  
4.923883e+00 9.529003e+11 | 7.872756e+11 1.305571e+12 | 6.822673e+11 2.008412e+12  
5.878016e+00 9.529003e+11 | 7.872756e+11 1.305571e+12 | 6.822673e+11 2.008412e+12  
7.017038e+00 9.529003e+11 | 7.872756e+11 1.305571e+12 | 6.822673e+11 2.008412e+12  
8.376776e+00 9.529003e+11 | 7.872756e+11 1.305571e+12 | 6.822673e+11 2.008412e+12  
1.000000e+01 9.529003e+11 | 7.872756e+11 1.305571e+12 | 6.822673e+11 2.008412e+12  
