
x= #alpha_{int} [deg] ,  y= J(#alpha_{int}) [M_{#odot}^{2} kpc^{-5}]
     x       y_pdf_median |   CL_lo_PDF   CL_up_PDF
                          |          68.0% CL         |          95.0% CL          
1.000000e-02 9.000385e+07 | 6.182248e+05 6.546890e+09 | 2.707098e+04 8.809878e+10  
1.193777e-02 1.206445e+08 | 8.595452e+05 9.033249e+09 | 3.780437e+04 1.166263e+11  
1.425103e-02 1.620362e+08 | 1.155742e+06 1.254897e+10 | 4.935757e+04 1.473692e+11  
1.701254e-02 2.175521e+08 | 1.629431e+06 1.790018e+10 | 7.044772e+04 2.094746e+11  
2.030918e-02 2.896702e+08 | 2.188420e+06 2.528648e+10 | 1.033940e+05 2.829764e+11  
2.424462e-02 4.014341e+08 | 2.904138e+06 3.363329e+10 | 1.384924e+05 3.964954e+11  
2.894266e-02 5.612846e+08 | 3.958400e+06 4.509082e+10 | 1.839044e+05 5.165462e+11  
3.455107e-02 7.656374e+08 | 5.585240e+06 5.990588e+10 | 2.582239e+05 7.075291e+11  
4.124626e-02 1.046278e+09 | 7.580432e+06 8.403654e+10 | 3.160662e+05 1.009970e+12  
4.923883e-02 1.369475e+09 | 9.965089e+06 1.131925e+11 | 4.034547e+05 1.417341e+12  
5.878016e-02 1.763670e+09 | 1.371231e+07 1.543247e+11 | 4.771208e+05 1.931201e+12  
7.017038e-02 2.346699e+09 | 1.844980e+07 2.131641e+11 | 6.095952e+05 2.676743e+12  
8.376776e-02 3.012293e+09 | 2.472985e+07 2.600080e+11 | 7.330317e+05 3.642618e+12  
1.000000e-01 3.882798e+09 | 3.116288e+07 3.509945e+11 | 8.093743e+05 5.280037e+12  
1.193777e-01 4.902253e+09 | 4.155373e+07 4.515040e+11 | 8.765118e+05 6.963834e+12  
1.425103e-01 6.088785e+09 | 4.936202e+07 5.721356e+11 | 9.057853e+05 9.759560e+12  
1.701254e-01 7.795038e+09 | 5.849387e+07 7.195256e+11 | 8.512821e+05 1.368309e+13  
2.030918e-01 9.457847e+09 | 7.090699e+07 9.032452e+11 | 8.470491e+05 1.951885e+13  
2.424462e-01 1.182062e+10 | 8.667443e+07 1.100833e+12 | 8.430604e+05 2.536180e+13  
2.894266e-01 1.489055e+10 | 1.087464e+08 1.352309e+12 | 8.388616e+05 3.497284e+13  
3.455107e-01 1.856064e+10 | 1.250623e+08 1.779339e+12 | 8.945796e+05 4.730670e+13  
4.124626e-01 2.249425e+10 | 1.387312e+08 2.274337e+12 | 9.237651e+05 6.190904e+13  
4.923883e-01 2.644737e+10 | 1.501904e+08 2.969850e+12 | 8.644262e+05 8.335663e+13  
5.878016e-01 3.109824e+10 | 1.619192e+08 3.518381e+12 | 9.009537e+05 1.093614e+14  
7.017038e-01 3.745238e+10 | 1.671283e+08 4.307656e+12 | 9.189363e+05 1.477197e+14  
8.376776e-01 4.199343e+10 | 1.702554e+08 5.281539e+12 | 8.739202e+05 1.969568e+14  
1.000000e+00 4.450474e+10 | 1.687746e+08 6.601326e+12 | 9.267883e+05 2.642197e+14  
1.193777e+00 4.805168e+10 | 1.692672e+08 7.892582e+12 | 8.489448e+05 3.490862e+14  
1.425103e+00 5.226297e+10 | 1.663152e+08 9.665287e+12 | 8.932541e+05 4.312931e+14  
1.701254e+00 5.589374e+10 | 1.711683e+08 1.088478e+13 | 9.105735e+05 5.635778e+14  
2.030918e+00 6.145118e+10 | 1.654889e+08 1.262494e+13 | 8.419177e+05 7.055650e+14  
2.424462e+00 6.641049e+10 | 1.617632e+08 1.470768e+13 | 8.950758e+05 8.217375e+14  
2.894266e+00 7.226812e+10 | 1.653290e+08 1.735151e+13 | 9.018541e+05 9.905208e+14  
3.455107e+00 7.348905e+10 | 1.675575e+08 1.871482e+13 | 9.074751e+05 1.125223e+15  
4.124626e+00 7.805618e+10 | 1.662526e+08 1.977430e+13 | 9.222286e+05 1.380706e+15  
4.923883e+00 7.574224e+10 | 1.616670e+08 2.202731e+13 | 9.305923e+05 1.718749e+15  
5.878016e+00 7.756259e+10 | 1.640340e+08 2.236425e+13 | 9.369490e+05 2.093021e+15  
7.017038e+00 7.702777e+10 | 1.652710e+08 2.456359e+13 | 8.452955e+05 2.207737e+15  
8.376776e+00 7.695789e+10 | 1.656694e+08 2.626223e+13 | 8.462270e+05 2.660086e+15  
1.000000e+01 7.481522e+10 | 1.676328e+08 2.610813e+13 | 8.534900e+05 3.229967e+15  
