
x= #alpha_{int} [deg] ,  y= D(#alpha_{int}) [M_{#odot} kpc^{-2}]
     x       y_pdf_median |   CL_lo_PDF   CL_up_PDF
                          |          68.0% CL         |          95.0% CL          
1.000000e-02 1.966038e+01 | 6.608877e+00 7.664024e+01 | 1.256734e+00 1.980416e+02  
1.193777e-02 2.797251e+01 | 9.313244e+00 1.099885e+02 | 1.804963e+00 2.838661e+02  
1.425103e-02 3.957502e+01 | 1.317643e+01 1.566585e+02 | 2.571773e+00 4.029280e+02  
1.701254e-02 5.629594e+01 | 1.860660e+01 2.224808e+02 | 3.666843e+00 5.758792e+02  
2.030918e-02 7.961614e+01 | 2.625585e+01 3.168099e+02 | 5.121024e+00 8.207995e+02  
2.424462e-02 1.121780e+02 | 3.654847e+01 4.498702e+02 | 6.658503e+00 1.164486e+03  
2.894266e-02 1.586026e+02 | 5.067421e+01 6.449959e+02 | 8.801250e+00 1.651295e+03  
3.455107e-02 2.242172e+02 | 7.120281e+01 9.179031e+02 | 1.230536e+01 2.352508e+03  
4.124626e-02 3.154635e+02 | 9.884959e+01 1.296011e+03 | 1.659891e+01 3.370071e+03  
4.923883e-02 4.437967e+02 | 1.373203e+02 1.870152e+03 | 2.144779e+01 4.823569e+03  
5.878016e-02 6.250282e+02 | 1.862714e+02 2.623719e+03 | 2.905879e+01 6.850305e+03  
7.017038e-02 8.763279e+02 | 2.571807e+02 3.756975e+03 | 4.071328e+01 9.654067e+03  
8.376776e-02 1.230745e+03 | 3.473890e+02 5.290979e+03 | 5.338288e+01 1.395982e+04  
1.000000e-01 1.715184e+03 | 4.658190e+02 7.575808e+03 | 6.939575e+01 1.990544e+04  
1.193777e-01 2.396544e+03 | 6.252021e+02 1.071811e+04 | 9.308482e+01 2.805737e+04  
1.425103e-01 3.305838e+03 | 8.440489e+02 1.519319e+04 | 1.295901e+02 3.996315e+04  
1.701254e-01 4.599526e+03 | 1.114209e+03 2.148644e+04 | 1.667149e+02 5.673910e+04  
2.030918e-01 6.296641e+03 | 1.442374e+03 3.050684e+04 | 2.152374e+02 8.134285e+04  
2.424462e-01 8.804305e+03 | 1.911240e+03 4.281267e+04 | 2.870194e+02 1.159864e+05  
2.894266e-01 1.212439e+04 | 2.389365e+03 6.030348e+04 | 3.541301e+02 1.633752e+05  
3.455107e-01 1.619939e+04 | 2.843922e+03 8.673194e+04 | 4.494096e+02 2.329131e+05  
4.124626e-01 2.182955e+04 | 3.461832e+03 1.212114e+05 | 5.603323e+02 3.321941e+05  
4.923883e-01 2.923243e+04 | 4.182900e+03 1.712945e+05 | 5.938423e+02 4.645450e+05  
5.878016e-01 3.967765e+04 | 5.228022e+03 2.385325e+05 | 6.445429e+02 6.699618e+05  
7.017038e-01 5.244452e+04 | 6.103387e+03 3.323191e+05 | 6.897070e+02 9.481509e+05  
8.376776e-01 6.896183e+04 | 7.065419e+03 4.585267e+05 | 7.030727e+02 1.343307e+06  
1.000000e+00 8.798114e+04 | 7.833063e+03 6.264743e+05 | 7.010973e+02 1.884665e+06  
1.193777e+00 1.114853e+05 | 8.573089e+03 8.676868e+05 | 7.147419e+02 2.631972e+06  
1.425103e+00 1.394461e+05 | 9.129734e+03 1.182556e+06 | 7.106075e+02 3.753330e+06  
1.701254e+00 1.724526e+05 | 9.883911e+03 1.604062e+06 | 7.274435e+02 5.085593e+06  
2.030918e+00 2.126829e+05 | 1.013594e+04 2.117946e+06 | 7.049520e+02 7.291762e+06  
2.424462e+00 2.584684e+05 | 1.046100e+04 2.881453e+06 | 7.215121e+02 9.790852e+06  
2.894266e+00 3.093886e+05 | 1.051524e+04 3.758071e+06 | 7.210360e+02 1.355865e+07  
3.455107e+00 3.640854e+05 | 1.036182e+04 5.037400e+06 | 7.213604e+02 1.879049e+07  
4.124626e+00 4.131121e+05 | 1.040758e+04 6.377574e+06 | 7.120507e+02 2.499853e+07  
4.923883e+00 4.576484e+05 | 1.045032e+04 8.017234e+06 | 7.055889e+02 3.361456e+07  
5.878016e+00 4.998707e+05 | 1.043794e+04 9.817931e+06 | 7.200853e+02 4.423700e+07  
7.017038e+00 5.164613e+05 | 1.050393e+04 1.180298e+07 | 7.218166e+02 5.751194e+07  
8.376776e+00 5.317468e+05 | 1.042993e+04 1.423396e+07 | 7.325044e+02 7.504886e+07  
1.000000e+01 5.368693e+05 | 1.043953e+04 1.653721e+07 | 7.079685e+02 9.456198e+07  
