
x= #alpha_{int} [deg] ,  y= J(#alpha_{int}) [M_{#odot}^{2} kpc^{-5}]
     x       y_pdf_median |   CL_lo_PDF   CL_up_PDF
                          |          68.0% CL         |          95.0% CL          
1.000000e-02 4.212376e+09 | 7.146840e+08 2.022058e+10 | 2.215564e+07 6.428600e+10  
1.193777e-02 5.953773e+09 | 1.009180e+09 2.846127e+10 | 3.251536e+07 9.050070e+10  
1.425103e-02 8.292408e+09 | 1.412607e+09 3.934054e+10 | 4.658940e+07 1.227110e+11  
1.701254e-02 1.150287e+10 | 1.976921e+09 5.564623e+10 | 6.565809e+07 1.699029e+11  
2.030918e-02 1.597967e+10 | 2.749425e+09 7.730976e+10 | 9.466043e+07 2.336693e+11  
2.424462e-02 2.220977e+10 | 3.860167e+09 1.089382e+11 | 1.157034e+08 3.256040e+11  
2.894266e-02 3.126831e+10 | 5.347865e+09 1.490072e+11 | 1.376813e+08 4.545823e+11  
3.455107e-02 4.267598e+10 | 7.318943e+09 2.044947e+11 | 1.741930e+08 6.340131e+11  
4.124626e-02 5.837710e+10 | 9.929932e+09 2.885330e+11 | 2.390836e+08 9.014743e+11  
4.923883e-02 8.040086e+10 | 1.358122e+10 4.051317e+11 | 3.268353e+08 1.277878e+12  
5.878016e-02 1.085709e+11 | 1.840408e+10 5.514534e+11 | 4.839785e+08 1.795257e+12  
7.017038e-02 1.479325e+11 | 2.473782e+10 7.715734e+11 | 6.513927e+08 2.533240e+12  
8.376776e-02 2.012904e+11 | 3.209672e+10 1.077987e+12 | 9.012432e+08 3.580601e+12  
1.000000e-01 2.653401e+11 | 4.131764e+10 1.511844e+12 | 1.247937e+09 5.043893e+12  
1.193777e-01 3.451616e+11 | 5.368898e+10 2.087511e+12 | 1.663059e+09 7.258232e+12  
1.425103e-01 4.382172e+11 | 6.580108e+10 2.938169e+12 | 2.300955e+09 9.971214e+12  
1.701254e-01 5.673032e+11 | 8.122443e+10 4.065006e+12 | 2.632105e+09 1.430048e+13  
2.030918e-01 7.272374e+11 | 9.655797e+10 5.577384e+12 | 2.878674e+09 1.969624e+13  
2.424462e-01 9.328091e+11 | 1.125520e+11 7.680574e+12 | 2.743412e+09 2.795967e+13  
2.894266e-01 1.141645e+12 | 1.272719e+11 1.060322e+13 | 2.968057e+09 3.770082e+13  
3.455107e-01 1.356707e+12 | 1.392658e+11 1.424936e+13 | 3.429984e+09 5.376820e+13  
4.124626e-01 1.612782e+12 | 1.551140e+11 1.921152e+13 | 3.658844e+09 7.641923e+13  
4.923883e-01 2.025298e+12 | 1.760645e+11 2.564860e+13 | 3.910093e+09 1.070743e+14  
5.878016e-01 2.405817e+12 | 1.902681e+11 3.442223e+13 | 4.204054e+09 1.466916e+14  
7.017038e-01 2.842434e+12 | 1.972840e+11 4.606021e+13 | 4.567629e+09 2.040262e+14  
8.376776e-01 3.249824e+12 | 2.089140e+11 5.985311e+13 | 4.931103e+09 2.796434e+14  
1.000000e+00 3.660446e+12 | 2.129593e+11 7.926692e+13 | 5.087547e+09 3.913678e+14  
1.193777e+00 4.150893e+12 | 2.197841e+11 1.005461e+14 | 5.293096e+09 5.063291e+14  
1.425103e+00 4.583297e+12 | 2.285778e+11 1.239940e+14 | 5.552931e+09 6.723255e+14  
1.701254e+00 4.966843e+12 | 2.337495e+11 1.507860e+14 | 5.547606e+09 8.867242e+14  
2.030918e+00 5.434640e+12 | 2.308422e+11 1.788928e+14 | 5.860228e+09 1.193252e+15  
2.424462e+00 5.787113e+12 | 2.328540e+11 2.101284e+14 | 5.625314e+09 1.553976e+15  
2.894266e+00 6.241771e+12 | 2.330101e+11 2.404099e+14 | 6.097798e+09 1.885315e+15  
3.455107e+00 6.484985e+12 | 2.355822e+11 2.693547e+14 | 5.721346e+09 2.380338e+15  
4.124626e+00 6.632605e+12 | 2.363489e+11 3.173047e+14 | 5.703345e+09 2.858996e+15  
4.923883e+00 6.820711e+12 | 2.438122e+11 3.573694e+14 | 6.058811e+09 3.367431e+15  
5.878016e+00 6.896403e+12 | 2.391162e+11 3.994570e+14 | 5.925647e+09 4.078652e+15  
7.017038e+00 6.962760e+12 | 2.412831e+11 4.211395e+14 | 5.595173e+09 4.724322e+15  
8.376776e+00 7.003188e+12 | 2.422636e+11 4.545066e+14 | 6.069046e+09 5.375382e+15  
1.000000e+01 7.097685e+12 | 2.338107e+11 4.688801e+14 | 5.604138e+09 5.819827e+15  
