
x= #alpha_{int} [deg] ,  y= D(#alpha_{int}) [M_{#odot} kpc^{-2}]
     x       y_pdf_median |   CL_lo_PDF   CL_up_PDF
                          |          68.0% CL         |          95.0% CL          
1.000000e-02 3.341495e+01 | 2.185956e+01 5.585150e+01 | 1.478878e+01 1.036604e+02  
1.193777e-02 4.667881e+01 | 3.083963e+01 7.829706e+01 | 2.103640e+01 1.471115e+02  
1.425103e-02 6.505298e+01 | 4.362832e+01 1.094320e+02 | 2.952435e+01 2.105262e+02  
1.701254e-02 9.028421e+01 | 6.113295e+01 1.514006e+02 | 4.200540e+01 3.000798e+02  
2.030918e-02 1.259414e+02 | 8.510170e+01 2.098398e+02 | 5.923402e+01 4.274795e+02  
2.424462e-02 1.742099e+02 | 1.181346e+02 2.968325e+02 | 8.353435e+01 6.085965e+02  
2.894266e-02 2.406070e+02 | 1.638021e+02 4.140807e+02 | 1.159914e+02 8.747211e+02  
3.455107e-02 3.302497e+02 | 2.275529e+02 5.785829e+02 | 1.611337e+02 1.229685e+03  
4.124626e-02 4.505156e+02 | 3.109493e+02 8.112761e+02 | 2.211179e+02 1.766505e+03  
4.923883e-02 6.104139e+02 | 4.237983e+02 1.131627e+03 | 3.032188e+02 2.509072e+03  
5.878016e-02 8.348031e+02 | 5.721827e+02 1.577564e+03 | 4.122938e+02 3.591515e+03  
7.017038e-02 1.136251e+03 | 7.751551e+02 2.172942e+03 | 5.423414e+02 5.047669e+03  
8.376776e-02 1.537215e+03 | 1.033299e+03 3.049068e+03 | 7.142182e+02 7.259385e+03  
1.000000e-01 2.048495e+03 | 1.354456e+03 4.293723e+03 | 9.223997e+02 1.020435e+04  
1.193777e-01 2.732422e+03 | 1.755610e+03 5.976071e+03 | 1.200340e+03 1.445616e+04  
1.425103e-01 3.634658e+03 | 2.253351e+03 8.257814e+03 | 1.487932e+03 2.087465e+04  
1.701254e-01 4.815532e+03 | 2.857934e+03 1.148805e+04 | 1.841982e+03 2.940409e+04  
2.030918e-01 6.387326e+03 | 3.602637e+03 1.580921e+04 | 2.277656e+03 4.025166e+04  
2.424462e-01 8.320611e+03 | 4.518594e+03 2.177957e+04 | 2.848495e+03 5.729177e+04  
2.894266e-01 1.070300e+04 | 5.472608e+03 2.991570e+04 | 3.345440e+03 8.030410e+04  
3.455107e-01 1.364441e+04 | 6.639462e+03 4.133153e+04 | 3.978988e+03 1.134779e+05  
4.124626e-01 1.713310e+04 | 8.011993e+03 5.649384e+04 | 4.565431e+03 1.569124e+05  
4.923883e-01 2.143045e+04 | 9.376998e+03 7.595924e+04 | 5.095690e+03 2.216925e+05  
5.878016e-01 2.655976e+04 | 1.075610e+04 1.025220e+05 | 5.643255e+03 3.169526e+05  
7.017038e-01 3.215676e+04 | 1.232885e+04 1.341062e+05 | 6.355458e+03 4.356245e+05  
8.376776e-01 3.869798e+04 | 1.414065e+04 1.752754e+05 | 6.923239e+03 5.989678e+05  
1.000000e+00 4.628587e+04 | 1.581630e+04 2.246922e+05 | 7.266529e+03 8.285319e+05  
1.193777e+00 5.516676e+04 | 1.708253e+04 2.859661e+05 | 7.375019e+03 1.124889e+06  
1.425103e+00 6.438030e+04 | 1.839701e+04 3.551254e+05 | 7.500534e+03 1.532719e+06  
1.701254e+00 7.429021e+04 | 1.952421e+04 4.398126e+05 | 7.516482e+03 2.025911e+06  
2.030918e+00 8.516524e+04 | 2.066704e+04 5.392566e+05 | 7.536495e+03 2.657962e+06  
2.424462e+00 9.626845e+04 | 2.163261e+04 6.464450e+05 | 7.593513e+03 3.398390e+06  
2.894266e+00 1.064103e+05 | 2.225521e+04 7.769204e+05 | 7.464837e+03 4.310406e+06  
3.455107e+00 1.151474e+05 | 2.274572e+04 8.914814e+05 | 7.566771e+03 5.294073e+06  
4.124626e+00 1.239395e+05 | 2.289085e+04 1.028729e+06 | 7.582472e+03 6.485389e+06  
4.923883e+00 1.302189e+05 | 2.256732e+04 1.169534e+06 | 7.559209e+03 7.734844e+06  
5.878016e+00 1.362997e+05 | 2.265164e+04 1.299068e+06 | 7.510241e+03 8.992708e+06  
7.017038e+00 1.392271e+05 | 2.252364e+04 1.424946e+06 | 7.581389e+03 1.015168e+07  
8.376776e+00 1.394475e+05 | 2.280271e+04 1.544417e+06 | 7.483280e+03 1.141830e+07  
1.000000e+01 1.392064e+05 | 2.258910e+04 1.603552e+06 | 7.498514e+03 1.230665e+07  
