
x= #alpha_{int} [deg] ,  y= J(#alpha_{int}) [M_{#odot}^{2} kpc^{-5}]
     x       y_pdf_median |   CL_lo_PDF   CL_up_PDF
                          |          68.0% CL         |          95.0% CL          
1.000000e-02 2.911146e+10 | 1.017755e+10 1.095816e+11 | 4.416384e+09 4.583983e+11  
1.193777e-02 4.123612e+10 | 1.441212e+10 1.508896e+11 | 6.270059e+09 5.879586e+11  
1.425103e-02 5.802380e+10 | 2.035405e+10 2.094252e+11 | 8.995671e+09 7.779341e+11  
1.701254e-02 8.213769e+10 | 2.886868e+10 2.852460e+11 | 1.267771e+10 1.070613e+12  
2.030918e-02 1.157588e+11 | 4.101707e+10 3.831156e+11 | 1.776802e+10 1.378293e+12  
2.424462e-02 1.615783e+11 | 5.848645e+10 5.197506e+11 | 2.502703e+10 1.712112e+12  
2.894266e-02 2.234543e+11 | 8.183931e+10 7.176329e+11 | 3.556145e+10 2.268746e+12  
3.455107e-02 3.071842e+11 | 1.141084e+11 9.645887e+11 | 4.920500e+10 2.996214e+12  
4.124626e-02 4.200348e+11 | 1.611028e+11 1.251255e+12 | 6.998377e+10 4.103403e+12  
4.923883e-02 5.712383e+11 | 2.240407e+11 1.701154e+12 | 9.917746e+10 5.222258e+12  
5.878016e-02 7.863141e+11 | 3.068383e+11 2.322281e+12 | 1.372112e+11 6.898393e+12  
7.017038e-02 1.083348e+12 | 4.168327e+11 3.166001e+12 | 1.842924e+11 9.284905e+12  
8.376776e-02 1.466697e+12 | 5.678889e+11 4.387225e+12 | 2.586763e+11 1.242864e+13  
1.000000e-01 1.981739e+12 | 7.820355e+11 5.901199e+12 | 3.463175e+11 1.762139e+13  
1.193777e-01 2.627552e+12 | 1.038781e+12 7.720380e+12 | 4.619996e+11 2.476253e+13  
1.425103e-01 3.447682e+12 | 1.358869e+12 1.026540e+13 | 6.187511e+11 3.471389e+13  
1.701254e-01 4.596228e+12 | 1.799428e+12 1.371328e+13 | 8.412731e+11 4.831674e+13  
2.030918e-01 5.962286e+12 | 2.269695e+12 1.854422e+13 | 1.077084e+12 6.944960e+13  
2.424462e-01 7.746689e+12 | 2.861992e+12 2.570935e+13 | 1.299498e+12 9.594822e+13  
2.894266e-01 9.825912e+12 | 3.421145e+12 3.492232e+13 | 1.532600e+12 1.379877e+14  
3.455107e-01 1.236823e+13 | 4.124346e+12 4.789332e+13 | 1.755346e+12 1.944222e+14  
4.124626e-01 1.529479e+13 | 4.835066e+12 6.322639e+13 | 1.952137e+12 2.743761e+14  
4.923883e-01 1.890093e+13 | 5.552938e+12 8.591403e+13 | 2.153305e+12 3.810533e+14  
5.878016e-01 2.358879e+13 | 6.377343e+12 1.178681e+14 | 2.310546e+12 5.317417e+14  
7.017038e-01 2.811193e+13 | 7.057641e+12 1.565080e+14 | 2.500177e+12 7.331593e+14  
8.376776e-01 3.375298e+13 | 7.578019e+12 2.087379e+14 | 2.687481e+12 1.037144e+15  
1.000000e+00 3.967862e+13 | 8.129495e+12 2.673321e+14 | 2.879781e+12 1.440054e+15  
1.193777e+00 4.576938e+13 | 8.650498e+12 3.533806e+14 | 3.034415e+12 1.957369e+15  
1.425103e+00 5.292028e+13 | 8.986211e+12 4.672088e+14 | 3.109042e+12 2.717281e+15  
1.701254e+00 5.998028e+13 | 9.306749e+12 5.944635e+14 | 3.178266e+12 3.706451e+15  
2.030918e+00 6.553365e+13 | 9.594457e+12 7.688521e+14 | 3.292774e+12 4.999527e+15  
2.424462e+00 7.072924e+13 | 9.807927e+12 9.629481e+14 | 3.236842e+12 6.597431e+15  
2.894266e+00 7.473446e+13 | 1.003951e+13 1.156559e+15 | 3.319545e+12 8.478308e+15  
3.455107e+00 7.876936e+13 | 1.017161e+13 1.364445e+15 | 3.266943e+12 1.076919e+16  
4.124626e+00 8.099169e+13 | 1.004708e+13 1.566342e+15 | 3.232771e+12 1.406086e+16  
4.923883e+00 8.388369e+13 | 1.022373e+13 1.822181e+15 | 3.289765e+12 1.710896e+16  
5.878016e+00 8.655696e+13 | 1.012955e+13 2.061772e+15 | 3.318261e+12 2.104333e+16  
7.017038e+00 8.733227e+13 | 1.025196e+13 2.277309e+15 | 3.268742e+12 2.489941e+16  
8.376776e+00 8.791710e+13 | 1.013782e+13 2.464564e+15 | 3.283564e+12 2.975111e+16  
1.000000e+01 8.974632e+13 | 1.008034e+13 2.586859e+15 | 3.296344e+12 3.452929e+16  
